#
# There is insufficient memory for the Java Runtime Environment to continue.
# Native memory allocation (mmap) failed to map 65536 bytes for Failed to commit metaspace.
# Possible reasons:
#   The system is out of physical RAM or swap space
#   The process is running with CompressedOops enabled, and the Java Heap may be blocking the growth of the native heap
# Possible solutions:
#   Reduce memory load on the system
#   Increase physical memory or swap space
#   Check if swap backing store is full
#   Decrease Java heap size (-Xmx/-Xms)
#   Decrease number of Java threads
#   Decrease Java thread stack sizes (-Xss)
#   Set larger code cache with -XX:ReservedCodeCacheSize=
#   JVM is running with Unscaled Compressed Oops mode in which the Java heap is
#     placed in the first 4GB address space. The Java Heap base address is the
#     maximum limit for the native heap growth. Please use -XX:HeapBaseMinAddress
#     to set the Java Heap base and to place the Java Heap above 4GB virtual address.
# This output file may be truncated or incomplete.
#
#  Out of Memory Error (virtualSpaceNode.cpp:110), pid=26356, tid=23720
#
# JRE version: Java(TM) SE Runtime Environment (18.0.2.1+1) (build 18.0.2.1+1-1)
# Java VM: Java HotSpot(TM) 64-Bit Server VM (18.0.2.1+1-1, mixed mode, sharing, tiered, compressed oops, compressed class ptrs, parallel gc, windows-amd64)
# No core dump will be written. Minidumps are not enabled by default on client versions of Windows
#

---------------  S U M M A R Y ------------

Command Line: --add-modules=ALL-SYSTEM --add-opens=java.base/java.util=ALL-UNNAMED --add-opens=java.base/java.lang=ALL-UNNAMED --add-opens=java.base/sun.nio.fs=ALL-UNNAMED -Declipse.application=org.eclipse.jdt.ls.core.id1 -Dosgi.bundles.defaultStartLevel=4 -Declipse.product=org.eclipse.jdt.ls.core.product -Djava.import.generatesMetadataFilesAtProjectRoot=false -Dfile.encoding=utf8 -XX:+UseParallelGC -XX:GCTimeRatio=4 -XX:AdaptiveSizePolicyWeight=90 -Dsun.zip.disableMemoryMapping=true -Xmx2G -Xms100m -Xlog:disable -javaagent:c:\Users\Alex_Carl\.vscode\extensions\redhat.java-1.13.0-win32-x64\lombok\lombok-1.18.24.jar c:\Users\Alex_Carl\.vscode\extensions\redhat.java-1.13.0-win32-x64\server\plugins\org.eclipse.equinox.launcher_1.6.400.v20210924-0641.jar -configuration c:\Users\Alex_Carl\AppData\Roaming\Code\User\globalStorage\redhat.java\1.13.0\config_ss_win -data c:\Users\Alex_Carl\AppData\Roaming\Code\User\workspaceStorage\8fc2cf8042da9f67ae59f267ca66bdab\redhat.java\ss_ws

Host: AMD Ryzen 7 2700X Eight-Core Processor         , 16 cores, 31G,  Windows 11 , 64 bit Build 22621 (10.0.22621.1028)
Time: Sun Dec 18 18:55:00 2022 SE Asia Standard Time elapsed time: 4.622083 seconds (0d 0h 0m 4s)

---------------  T H R E A D  ---------------

Current thread (0x000001ec88b04f70):  JavaThread "Start Level: Equinox Container: b19dc864-a13f-40ac-83d3-f68f2d805037" daemon [_thread_in_vm, id=23720, stack(0x0000003292e00000,0x0000003292f00000)]

Stack: [0x0000003292e00000,0x0000003292f00000]
Native frames: (J=compiled Java code, j=interpreted, Vv=VM code, C=native code)
V  [jvm.dll+0x6993aa]
V  [jvm.dll+0x7f46dd]
V  [jvm.dll+0x7f5fee]
V  [jvm.dll+0x7f66a3]
V  [jvm.dll+0x25cf1f]
V  [jvm.dll+0x7f03eb]
V  [jvm.dll+0x63f526]
V  [jvm.dll+0x1d75ce]
V  [jvm.dll+0x641ecb]
V  [jvm.dll+0x641cce]
V  [jvm.dll+0x63feee]
V  [jvm.dll+0x64a567]
V  [jvm.dll+0x202961]
V  [jvm.dll+0x202e95]
V  [jvm.dll+0x2038cf]
V  [jvm.dll+0x1f8d61]
V  [jvm.dll+0x55dc05]
V  [jvm.dll+0x76e943]
V  [jvm.dll+0x76ea24]
V  [jvm.dll+0x42d7b4]
V  [jvm.dll+0x4334bf]
C  [java.dll+0x17ec]

Java frames: (J=compiled Java code, j=interpreted, Vv=VM code)
J 1365  java.lang.ClassLoader.defineClass1(Ljava/lang/ClassLoader;Ljava/lang/String;[BIILjava/security/ProtectionDomain;Ljava/lang/String;)Ljava/lang/Class; java.base@18.0.2.1 (0 bytes) @ 0x000001ecf545fde3 [0x000001ecf545fd20+0x00000000000000c3]
J 1955 c1 java.lang.ClassLoader.defineClass(Ljava/lang/String;[BIILjava/security/ProtectionDomain;)Ljava/lang/Class; java.base@18.0.2.1 (43 bytes) @ 0x000001ecee3258dc [0x000001ecee325580+0x000000000000035c]
J 2342 c1 org.eclipse.osgi.internal.loader.ModuleClassLoader.defineClass(Ljava/lang/String;[BLorg/eclipse/osgi/internal/loader/classpath/ClasspathEntry;)Lorg/eclipse/osgi/internal/loader/ModuleClassLoader$DefineClassResult; (138 bytes) @ 0x000001ecee42191c [0x000001ecee4216c0+0x000000000000025c]
J 2164 c1 org.eclipse.osgi.internal.loader.classpath.ClasspathManager.defineClass(Ljava/lang/String;[BLorg/eclipse/osgi/internal/loader/classpath/ClasspathEntry;Lorg/eclipse/osgi/storage/bundlefile/BundleEntry;Ljava/util/List;)Ljava/lang/Class; (636 bytes) @ 0x000001ecee3a315c [0x000001ecee3a1660+0x0000000000001afc]
J 2001 c1 org.eclipse.osgi.internal.loader.classpath.ClasspathManager.findClassImpl(Ljava/lang/String;Lorg/eclipse/osgi/internal/loader/classpath/ClasspathEntry;Ljava/util/List;)Ljava/lang/Class; (308 bytes) @ 0x000001ecee35236c [0x000001ecee34f540+0x0000000000002e2c]
J 2000 c1 org.eclipse.osgi.internal.loader.classpath.ClasspathManager.findLocalClassImpl(Ljava/lang/String;[Lorg/eclipse/osgi/internal/loader/classpath/ClasspathEntry;Ljava/util/List;)Ljava/lang/Class; (55 bytes) @ 0x000001ecee34c64c [0x000001ecee34c4c0+0x000000000000018c]
J 2158 c1 org.eclipse.osgi.internal.loader.classpath.ClasspathManager.findLocalClassImpl(Ljava/lang/String;Ljava/util/List;)Ljava/lang/Class; (132 bytes) @ 0x000001ecee39f584 [0x000001ecee39f040+0x0000000000000544]
J 1988 c1 org.eclipse.osgi.internal.loader.classpath.ClasspathManager.findLocalClass(Ljava/lang/String;)Ljava/lang/Class; (210 bytes) @ 0x000001ecee33d5bc [0x000001ecee33c8a0+0x0000000000000d1c]
J 1986 c1 org.eclipse.osgi.internal.loader.BundleLoader.findLocalClass(Ljava/lang/String;)Ljava/lang/Class; (152 bytes) @ 0x000001ecee33f98c [0x000001ecee33f120+0x000000000000086c]
J 1915 c1 org.eclipse.osgi.internal.loader.BundleLoader.findClass0(Ljava/lang/String;ZZ)Ljava/lang/Class; (466 bytes) @ 0x000001ecee313a54 [0x000001ecee3112a0+0x00000000000027b4]
J 1914 c1 org.eclipse.osgi.internal.loader.BundleLoader.findClass(Ljava/lang/String;)Ljava/lang/Class; (8 bytes) @ 0x000001ecee30ed9c [0x000001ecee30ed20+0x000000000000007c]
J 1917 c1 org.eclipse.osgi.internal.loader.ModuleClassLoader.loadClass(Ljava/lang/String;Z)Ljava/lang/Class; (36 bytes) @ 0x000001ecee310544 [0x000001ecee310320+0x0000000000000224]
J 1020 c1 java.lang.ClassLoader.loadClass(Ljava/lang/String;)Ljava/lang/Class; java.base@18.0.2.1 (7 bytes) @ 0x000001ecee14324c [0x000001ecee143140+0x000000000000010c]
v  ~StubRoutines::call_stub
j  org.eclipse.jdt.internal.core.JavaModelManager$8.optionsChanged(Lorg/eclipse/osgi/service/debug/DebugOptions;)V+127
j  org.eclipse.osgi.internal.debug.FrameworkDebugOptions.addingService(Lorg/osgi/framework/ServiceReference;)Lorg/eclipse/osgi/service/debug/DebugOptionsListener;+16
j  org.eclipse.osgi.internal.debug.FrameworkDebugOptions.addingService(Lorg/osgi/framework/ServiceReference;)Ljava/lang/Object;+5
j  org.osgi.util.tracker.ServiceTracker$Tracked.customizerAdding(Lorg/osgi/framework/ServiceReference;Lorg/osgi/framework/ServiceEvent;)Ljava/lang/Object;+8
j  org.osgi.util.tracker.ServiceTracker$Tracked.customizerAdding(Ljava/lang/Object;Ljava/lang/Object;)Ljava/lang/Object;+9
j  org.osgi.util.tracker.AbstractTracked.trackAdding(Ljava/lang/Object;Ljava/lang/Object;)V+8
j  org.osgi.util.tracker.AbstractTracked.track(Ljava/lang/Object;Ljava/lang/Object;)V+83
j  org.osgi.util.tracker.ServiceTracker$Tracked.serviceChanged(Lorg/osgi/framework/ServiceEvent;)V+67
J 1839 c1 org.eclipse.osgi.internal.serviceregistry.FilteredServiceListener.serviceChanged(Lorg/osgi/framework/ServiceEvent;)V (284 bytes) @ 0x000001ecee2f5c54 [0x000001ecee2f38e0+0x0000000000002374]
J 1822 c1 org.eclipse.osgi.internal.framework.BundleContextImpl.dispatchEvent(Ljava/lang/Object;Ljava/lang/Object;ILjava/lang/Object;)V (558 bytes) @ 0x000001ecee2e6104 [0x000001ecee2e2f20+0x00000000000031e4]
J 2111 c1 org.eclipse.osgi.framework.eventmgr.EventManager.dispatchEvent(Ljava/util/Set;Lorg/eclipse/osgi/framework/eventmgr/EventDispatcher;ILjava/lang/Object;)V (69 bytes) @ 0x000001ecee38842c [0x000001ecee387f20+0x000000000000050c]
j  org.eclipse.osgi.framework.eventmgr.ListenerQueue.dispatchEventSynchronous(ILjava/lang/Object;)V+67
j  org.eclipse.osgi.internal.serviceregistry.ServiceRegistry.publishServiceEventPrivileged(Lorg/osgi/framework/ServiceEvent;)V+320
j  org.eclipse.osgi.internal.serviceregistry.ServiceRegistry.publishServiceEvent(Lorg/osgi/framework/ServiceEvent;)V+8
j  org.eclipse.osgi.internal.serviceregistry.ServiceRegistrationImpl.register(Ljava/util/Dictionary;)V+128
j  org.eclipse.osgi.internal.serviceregistry.ServiceRegistry.registerService(Lorg/eclipse/osgi/internal/framework/BundleContextImpl;[Ljava/lang/String;Ljava/lang/Object;Ljava/util/Dictionary;)Lorg/eclipse/osgi/internal/serviceregistry/ServiceRegistrationImpl;+298
j  org.eclipse.osgi.internal.framework.BundleContextImpl.registerService([Ljava/lang/String;Ljava/lang/Object;Ljava/util/Dictionary;)Lorg/osgi/framework/ServiceRegistration;+15
j  org.eclipse.osgi.internal.framework.BundleContextImpl.registerService(Ljava/lang/String;Ljava/lang/Object;Ljava/util/Dictionary;)Lorg/osgi/framework/ServiceRegistration;+15
j  org.eclipse.osgi.internal.framework.BundleContextImpl.registerService(Ljava/lang/Class;Ljava/lang/Object;Ljava/util/Dictionary;)Lorg/osgi/framework/ServiceRegistration;+7
j  org.eclipse.jdt.internal.core.JavaModelManager.registerDebugOptionsListener(Lorg/osgi/framework/BundleContext;)V+32
j  org.eclipse.jdt.core.JavaCore.start(Lorg/osgi/framework/BundleContext;)V+6
j  org.eclipse.osgi.internal.framework.BundleContextImpl$2.run()Ljava/lang/Void;+23
j  org.eclipse.osgi.internal.framework.BundleContextImpl$2.run()Ljava/lang/Object;+1
J 1484 c1 java.security.AccessController.executePrivileged(Ljava/security/PrivilegedExceptionAction;Ljava/security/AccessControlContext;Ljava/lang/Class;)Ljava/lang/Object; java.base@18.0.2.1 (65 bytes) @ 0x000001ecee233c3c [0x000001ecee233ae0+0x000000000000015c]
j  java.security.AccessController.doPrivileged(Ljava/security/PrivilegedExceptionAction;)Ljava/lang/Object;+9 java.base@18.0.2.1
j  org.eclipse.osgi.internal.framework.BundleContextImpl.startActivator(Lorg/osgi/framework/BundleActivator;)V+9
j  org.eclipse.osgi.internal.framework.BundleContextImpl.start()V+134
j  org.eclipse.osgi.internal.framework.EquinoxBundle.startWorker0()V+35
j  org.eclipse.osgi.internal.framework.EquinoxBundle$EquinoxModule.startWorker()V+4
j  org.eclipse.osgi.container.Module.doStart([Lorg/eclipse/osgi/container/Module$StartOptions;)Lorg/eclipse/osgi/container/ModuleContainerAdaptor$ModuleEvent;+190
J 2339 c1 org.eclipse.osgi.container.Module.start([Lorg/eclipse/osgi/container/Module$StartOptions;)V (655 bytes) @ 0x000001ecee41b4e4 [0x000001ecee4190e0+0x0000000000002404]
j  org.eclipse.osgi.framework.util.SecureAction.start(Lorg/eclipse/osgi/container/Module;[Lorg/eclipse/osgi/container/Module$StartOptions;)V+8
J 1990 c1 org.eclipse.osgi.internal.hooks.EclipseLazyStarter.postFindLocalClass(Ljava/lang/String;Ljava/lang/Class;Lorg/eclipse/osgi/internal/loader/classpath/ClasspathManager;)V (394 bytes) @ 0x000001ecee3429ec [0x000001ecee3419e0+0x000000000000100c]
J 1988 c1 org.eclipse.osgi.internal.loader.classpath.ClasspathManager.findLocalClass(Ljava/lang/String;)Ljava/lang/Class; (210 bytes) @ 0x000001ecee33d90c [0x000001ecee33c8a0+0x000000000000106c]
J 1986 c1 org.eclipse.osgi.internal.loader.BundleLoader.findLocalClass(Ljava/lang/String;)Ljava/lang/Class; (152 bytes) @ 0x000001ecee33f98c [0x000001ecee33f120+0x000000000000086c]
J 2157 c1 org.eclipse.osgi.internal.loader.sources.SingleSourcePackage.loadClass(Ljava/lang/String;)Ljava/lang/Class; (9 bytes) @ 0x000001ecee39ec44 [0x000001ecee39eb40+0x0000000000000104]
J 1915 c1 org.eclipse.osgi.internal.loader.BundleLoader.findClass0(Ljava/lang/String;ZZ)Ljava/lang/Class; (466 bytes) @ 0x000001ecee313954 [0x000001ecee3112a0+0x00000000000026b4]
J 1914 c1 org.eclipse.osgi.internal.loader.BundleLoader.findClass(Ljava/lang/String;)Ljava/lang/Class; (8 bytes) @ 0x000001ecee30ed9c [0x000001ecee30ed20+0x000000000000007c]
J 1917 c1 org.eclipse.osgi.internal.loader.ModuleClassLoader.loadClass(Ljava/lang/String;Z)Ljava/lang/Class; (36 bytes) @ 0x000001ecee310544 [0x000001ecee310320+0x0000000000000224]
J 1020 c1 java.lang.ClassLoader.loadClass(Ljava/lang/String;)Ljava/lang/Class; java.base@18.0.2.1 (7 bytes) @ 0x000001ecee14324c [0x000001ecee143140+0x000000000000010c]
v  ~StubRoutines::call_stub
j  java.lang.Class.getDeclaredConstructors0(Z)[Ljava/lang/reflect/Constructor;+0 java.base@18.0.2.1
j  java.lang.Class.privateGetDeclaredConstructors(Z)[Ljava/lang/reflect/Constructor;+52 java.base@18.0.2.1
j  java.lang.Class.getConstructor0([Ljava/lang/Class;I)Ljava/lang/reflect/Constructor;+14 java.base@18.0.2.1
j  java.lang.Class.getConstructor([Ljava/lang/Class;)Ljava/lang/reflect/Constructor;+24 java.base@18.0.2.1
j  org.eclipse.osgi.internal.framework.BundleContextImpl.loadBundleActivator()Lorg/osgi/framework/BundleActivator;+105
j  org.eclipse.osgi.internal.framework.BundleContextImpl.start()V+18
j  org.eclipse.osgi.internal.framework.EquinoxBundle.startWorker0()V+35
j  org.eclipse.osgi.internal.framework.EquinoxBundle$EquinoxModule.startWorker()V+4
j  org.eclipse.osgi.container.Module.doStart([Lorg/eclipse/osgi/container/Module$StartOptions;)Lorg/eclipse/osgi/container/ModuleContainerAdaptor$ModuleEvent;+190
j  org.eclipse.osgi.container.Module.start([Lorg/eclipse/osgi/container/Module$StartOptions;)V+460
j  org.eclipse.osgi.container.ModuleContainer$ContainerStartLevel$2.run()V+71
j  org.eclipse.osgi.internal.framework.EquinoxContainerAdaptor$1$1.execute(Ljava/lang/Runnable;)V+1
j  org.eclipse.osgi.container.ModuleContainer$ContainerStartLevel.incStartLevel(ILjava/util/List;Z)V+192
j  org.eclipse.osgi.container.ModuleContainer$ContainerStartLevel.incStartLevel(ILjava/util/List;Ljava/util/List;Ljava/util/List;Ljava/util/List;)V+19
j  org.eclipse.osgi.container.ModuleContainer$ContainerStartLevel.doContainerStartLevel(Lorg/eclipse/osgi/container/Module;I[Lorg/osgi/framework/FrameworkListener;)V+349
j  org.eclipse.osgi.container.ModuleContainer$ContainerStartLevel.dispatchEvent(Lorg/eclipse/osgi/container/Module;[Lorg/osgi/framework/FrameworkListener;ILjava/lang/Integer;)V+32
j  org.eclipse.osgi.container.ModuleContainer$ContainerStartLevel.dispatchEvent(Ljava/lang/Object;Ljava/lang/Object;ILjava/lang/Object;)V+15
j  org.eclipse.osgi.framework.eventmgr.EventManager.dispatchEvent(Ljava/util/Set;Lorg/eclipse/osgi/framework/eventmgr/EventDispatcher;ILjava/lang/Object;)V+48
j  org.eclipse.osgi.framework.eventmgr.EventManager$EventThread.run()V+26
v  ~StubRoutines::call_stub

---------------  P R O C E S S  ---------------

Threads class SMR info:
_java_thread_list=0x000001ec88f7b440, length=25, elements={
0x000001ece5f12090, 0x000001ece5fcda60, 0x000001ecfd0d4f70, 0x000001ecfe6c73d0,
0x000001ecfe6c7f70, 0x000001ecfe6c8b10, 0x000001ecfe6cb8c0, 0x000001ecfe6cc640,
0x000001ecfe724420, 0x000001ecfe74fe50, 0x000001ece5f78370, 0x000001ecfe9133d0,
0x000001ecfe914070, 0x000001ecfe94c5d0, 0x000001ecfea315a0, 0x000001ecfea3b290,
0x000001ec88aca710, 0x000001ec88b75150, 0x000001ec88b04f70, 0x000001ec88b6b980,
0x000001ec88dea910, 0x000001ec88cf6050, 0x000001ec88edde60, 0x000001ec88edecd0,
0x000001ec88fb9690
}

Java Threads: ( => current thread )
  0x000001ece5f12090 JavaThread "main" [_thread_blocked, id=26528, stack(0x0000003291200000,0x0000003291300000)]
  0x000001ece5fcda60 JavaThread "Reference Handler" daemon [_thread_blocked, id=26348, stack(0x0000003291500000,0x0000003291600000)]
  0x000001ecfd0d4f70 JavaThread "Finalizer" daemon [_thread_blocked, id=13148, stack(0x0000003291600000,0x0000003291700000)]
  0x000001ecfe6c73d0 JavaThread "Signal Dispatcher" daemon [_thread_blocked, id=26164, stack(0x0000003291700000,0x0000003291800000)]
  0x000001ecfe6c7f70 JavaThread "Attach Listener" daemon [_thread_blocked, id=26236, stack(0x0000003291800000,0x0000003291900000)]
  0x000001ecfe6c8b10 JavaThread "Service Thread" daemon [_thread_blocked, id=21784, stack(0x0000003291900000,0x0000003291a00000)]
  0x000001ecfe6cb8c0 JavaThread "Monitor Deflation Thread" daemon [_thread_blocked, id=25912, stack(0x0000003291a00000,0x0000003291b00000)]
  0x000001ecfe6cc640 JavaThread "C2 CompilerThread0" daemon [_thread_blocked, id=26120, stack(0x0000003291b00000,0x0000003291c00000)]
  0x000001ecfe724420 JavaThread "C1 CompilerThread0" daemon [_thread_blocked, id=25212, stack(0x0000003291c00000,0x0000003291d00000)]
  0x000001ecfe74fe50 JavaThread "Sweeper thread" daemon [_thread_blocked, id=26216, stack(0x0000003291d00000,0x0000003291e00000)]
  0x000001ece5f78370 JavaThread "Common-Cleaner" daemon [_thread_blocked, id=25472, stack(0x0000003291e00000,0x0000003291f00000)]
  0x000001ecfe9133d0 JavaThread "C1 CompilerThread1" daemon [_thread_blocked, id=26612, stack(0x0000003291f00000,0x0000003292000000)]
  0x000001ecfe914070 JavaThread "C1 CompilerThread2" daemon [_thread_blocked, id=25584, stack(0x0000003292000000,0x0000003292100000)]
  0x000001ecfe94c5d0 JavaThread "Notification Thread" daemon [_thread_blocked, id=25136, stack(0x0000003292100000,0x0000003292200000)]
  0x000001ecfea315a0 JavaThread "C2 CompilerThread1" daemon [_thread_blocked, id=26352, stack(0x0000003292300000,0x0000003292400000)]
  0x000001ecfea3b290 JavaThread "C1 CompilerThread3" daemon [_thread_blocked, id=26432, stack(0x0000003292500000,0x0000003292600000)]
  0x000001ec88aca710 JavaThread "Active Thread: Equinox Container: b19dc864-a13f-40ac-83d3-f68f2d805037" [_thread_blocked, id=16536, stack(0x0000003292c00000,0x0000003292d00000)]
  0x000001ec88b75150 JavaThread "Framework Event Dispatcher: Equinox Container: b19dc864-a13f-40ac-83d3-f68f2d805037" daemon [_thread_blocked, id=24988, stack(0x0000003292d00000,0x0000003292e00000)]
=>0x000001ec88b04f70 JavaThread "Start Level: Equinox Container: b19dc864-a13f-40ac-83d3-f68f2d805037" daemon [_thread_in_vm, id=23720, stack(0x0000003292e00000,0x0000003292f00000)]
  0x000001ec88b6b980 JavaThread "SCR Component Actor" daemon [_thread_blocked, id=26032, stack(0x0000003292f00000,0x0000003293000000)]
  0x000001ec88dea910 JavaThread "SCR Component Registry" daemon [_thread_blocked, id=26308, stack(0x0000003293100000,0x0000003293200000)]
  0x000001ec88cf6050 JavaThread "Worker-JM" [_thread_blocked, id=25156, stack(0x0000003293200000,0x0000003293300000)]
  0x000001ec88edde60 JavaThread "Worker-0" [_thread_blocked, id=24680, stack(0x0000003293600000,0x0000003293700000)]
  0x000001ec88edecd0 JavaThread "Worker-1" [_thread_blocked, id=25848, stack(0x0000003293700000,0x0000003293800000)]
  0x000001ec88fb9690 JavaThread "C2 CompilerThread2" daemon [_thread_blocked, id=26300, stack(0x0000003293800000,0x0000003293900000)]

Other Threads:
  0x000001ecfe6c3ac0 VMThread "VM Thread" [stack: 0x0000003291400000,0x0000003291500000] [id=25316]
  0x000001ecfea1f6e0 WatcherThread "VM Periodic Task Thread" [stack: 0x0000003292200000,0x0000003292300000] [id=18280]
  0x000001ece5f2b7d0 WorkerThread "GC Thread#0" [stack: 0x0000003291300000,0x0000003291400000] [id=26424]
  0x000001ec88767d60 WorkerThread "GC Thread#1" [stack: 0x0000003292400000,0x0000003292500000] [id=26540]
  0x000001ec88489a20 WorkerThread "GC Thread#2" [stack: 0x0000003292600000,0x0000003292700000] [id=24712]
  0x000001ec88489cc0 WorkerThread "GC Thread#3" [stack: 0x0000003292700000,0x0000003292800000] [id=25956]
  0x000001ec88489f60 WorkerThread "GC Thread#4" [stack: 0x0000003292800000,0x0000003292900000] [id=25148]
  0x000001ec888b2ea0 WorkerThread "GC Thread#5" [stack: 0x0000003292900000,0x0000003292a00000] [id=26416]
  0x000001ec888b3140 WorkerThread "GC Thread#6" [stack: 0x0000003292a00000,0x0000003292b00000] [id=17196]
  0x000001ec888b33e0 WorkerThread "GC Thread#7" [stack: 0x0000003292b00000,0x0000003292c00000] [id=26332]
  0x000001ec88b75610 WorkerThread "GC Thread#8" [stack: 0x0000003293000000,0x0000003293100000] [id=23856]
  0x000001ec88ee0d80 WorkerThread "GC Thread#9" [stack: 0x0000003293300000,0x0000003293400000] [id=25604]
  0x000001ec88ee1430 WorkerThread "GC Thread#10" [stack: 0x0000003293400000,0x0000003293500000] [id=24948]
  0x000001ec88edb400 WorkerThread "GC Thread#11" [stack: 0x0000003293500000,0x0000003293600000] [id=25908]
  0x000001ec88f3e400 WorkerThread "GC Thread#12" [stack: 0x0000003293900000,0x0000003293a00000] [id=26224]

Threads with active compile tasks:

VM state: not at safepoint (normal execution)

VM Mutex/Monitor currently owned by a thread:  ([mutex/lock_event])
[0x000001ece5f0d2a0] Metaspace_lock - owner thread: 0x000001ec88b04f70

Heap address: 0x0000000080000000, size: 2048 MB, Compressed Oops mode: 32-bit

CDS archive(s) mapped at: [0x0000000800000000-0x0000000800ba0000-0x0000000800ba0000), size 12189696, SharedBaseAddress: 0x0000000800000000, ArchiveRelocationMode: 0.
Compressed class space mapped at: 0x0000000800c00000-0x0000000840c00000, reserved size: 1073741824
Narrow klass base: 0x0000000800000000, Narrow klass shift: 0, Narrow klass range: 0x100000000

GC Precious Log:
 CardTable entry size: 512
 CPUs: 16 total, 16 available
 Memory: 32696M
 Large Page Support: Disabled
 NUMA Support: Disabled
 Compressed Oops: Enabled (32-bit)
 Alignments: Space 512K, Generation 512K, Heap 2M
 Heap Min Capacity: 100M
 Heap Initial Capacity: 100M
 Heap Max Capacity: 2G
 Pre-touch: Disabled
 Parallel Workers: 13

Heap:
 PSYoungGen      total 29696K, used 5017K [0x00000000d5580000, 0x00000000d7680000, 0x0000000100000000)
  eden space 25600K, 3% used [0x00000000d5580000,0x00000000d5669e00,0x00000000d6e80000)
  from space 4096K, 99% used [0x00000000d7280000,0x00000000d767c978,0x00000000d7680000)
  to   space 4096K, 0% used [0x00000000d6e80000,0x00000000d6e80000,0x00000000d7280000)
 ParOldGen       total 68608K, used 3871K [0x0000000080000000, 0x0000000084300000, 0x00000000d5580000)
  object space 68608K, 5% used [0x0000000080000000,0x00000000803c7c90,0x0000000084300000)
 Metaspace       used 16691K, committed 17216K, reserved 1114112K
  class space    used 1537K, committed 1792K, reserved 1048576K

Card table byte_map: [0x000001ece58e0000,0x000001ece5cf0000] _byte_map_base: 0x000001ece54e0000

Marking Bits: (ParMarkBitMap*) 0x00007ffe1742fbb0
 Begin Bits: [0x000001ec80000000, 0x000001ec82000000)
 End Bits:   [0x000001ec82000000, 0x000001ec84000000)

Polling page: 0x000001ece56d0000

Metaspace:

Usage:
  Non-class:     14.80 MB used.
      Class:      1.50 MB used.
       Both:     16.30 MB used.

Virtual space:
  Non-class space:       64.00 MB reserved,      15.06 MB ( 24%) committed,  1 nodes.
      Class space:        1.00 GB reserved,       1.75 MB ( <1%) committed,  1 nodes.
             Both:        1.06 GB reserved,      16.81 MB (  2%) committed. 

Chunk freelists:
   Non-Class:  880.00 KB
       Class:  2.09 MB
        Both:  2.95 MB

MaxMetaspaceSize: unlimited
CompressedClassSpaceSize: 1.00 GB
Initial GC threshold: 21.00 MB
Current GC threshold: 21.00 MB
CDS: on
MetaspaceReclaimPolicy: balanced
 - commit_granule_bytes: 65536.
 - commit_granule_words: 8192.
 - virtual_space_node_default_size: 8388608.
 - enlarge_chunks_in_place: 1.
 - new_chunks_are_fully_committed: 0.
 - uncommit_free_chunks: 1.
 - use_allocation_guard: 0.


Internal statistics:

num_allocs_failed_limit: 0.
num_arena_births: 322.
num_arena_deaths: 0.
num_vsnodes_births: 2.
num_vsnodes_deaths: 0.
num_space_committed: 269.
num_space_uncommitted: 0.
num_chunks_returned_to_freelist: 0.
num_chunks_taken_from_freelist: 879.
num_chunk_merges: 0.
num_chunk_splits: 605.
num_chunks_enlarged: 421.
num_inconsistent_stats: 0.

CodeHeap 'non-profiled nmethods': size=119168Kb used=938Kb max_used=938Kb free=118230Kb
 bounds [0x000001ecf53e0000, 0x000001ecf5650000, 0x000001ecfc840000]
CodeHeap 'profiled nmethods': size=119104Kb used=5119Kb max_used=5119Kb free=113984Kb
 bounds [0x000001ecedf90000, 0x000001ecee490000, 0x000001ecf53e0000]
CodeHeap 'non-nmethods': size=7488Kb used=2888Kb max_used=2904Kb free=4599Kb
 bounds [0x000001eced840000, 0x000001ecedb20000, 0x000001ecedf90000]
 total_blobs=3037 nmethods=2542 adapters=406
 compilation: enabled
              stopped_count=0, restarted_count=0
 full_count=0

Compilation events (20 events):
Event: 4.554 Thread 0x000001ecfea3b290 2537       3       java.util.concurrent.Semaphore$NonfairSync::tryAcquireShared (6 bytes)
Event: 4.554 Thread 0x000001ec88fb9690 2515       4       java.lang.Character::codePointAt (51 bytes)
Event: 4.554 Thread 0x000001ecfe914070 2538       3       java.util.concurrent.Semaphore$Sync::nonfairTryAcquireShared (27 bytes)
Event: 4.555 Thread 0x000001ecfea3b290 nmethod 2537 0x000001ecee48ad90 code [0x000001ecee48af20, 0x000001ecee48b068]
Event: 4.555 Thread 0x000001ecfe914070 nmethod 2538 0x000001ecee48b110 code [0x000001ecee48b2c0, 0x000001ecee48b528]
Event: 4.557 Thread 0x000001ec88fb9690 nmethod 2515 0x000001ecf54c7c10 code [0x000001ecf54c7da0, 0x000001ecf54c7eb8]
Event: 4.557 Thread 0x000001ec88fb9690 2517       4       java.util.regex.Pattern$$Lambda$20/0x800000030::is (9 bytes)
Event: 4.559 Thread 0x000001ec88fb9690 nmethod 2517 0x000001ecf54c8090 code [0x000001ecf54c8220, 0x000001ecf54c8318]
Event: 4.561 Thread 0x000001ecfea315a0 nmethod 2530 0x000001ecf54c8490 code [0x000001ecf54c8640, 0x000001ecf54c8998]
Event: 4.562 Thread 0x000001ecfe724420 2539       1       java.lang.invoke.MethodHandleNatives::isPullModeBSM (2 bytes)
Event: 4.562 Thread 0x000001ecfe724420 nmethod 2539 0x000001ecf54c8c90 code [0x000001ecf54c8e20, 0x000001ecf54c8ed8]
Event: 4.562 Thread 0x000001ecfea3b290 2540       3       java.lang.invoke.ConstantCallSite::getTarget (20 bytes)
Event: 4.563 Thread 0x000001ecfea3b290 nmethod 2540 0x000001ecee48b610 code [0x000001ecee48b7c0, 0x000001ecee48b9e8]
Event: 4.563 Thread 0x000001ecfe6cc640 nmethod 2514 0x000001ecf54c8f90 code [0x000001ecf54c9140, 0x000001ecf54c9bb8]
Event: 4.566 Thread 0x000001ec88fb9690 2541       4       java.util.ArrayList$SubList$1::hasNext (20 bytes)
Event: 4.567 Thread 0x000001ec88fb9690 nmethod 2541 0x000001ecf54ca210 code [0x000001ecf54ca380, 0x000001ecf54ca418]
Event: 4.587 Thread 0x000001ecfe914070 2542       3       org.objectweb.asm.SymbolTable::addConstant (330 bytes)
Event: 4.587 Thread 0x000001ecfe724420 2543       1       lombok.patcher.scripts.AddFieldScript::access$0 (5 bytes)
Event: 4.587 Thread 0x000001ecfe724420 nmethod 2543 0x000001ecf54ca510 code [0x000001ecf54ca6a0, 0x000001ecf54ca758]
Event: 4.588 Thread 0x000001ecfe914070 nmethod 2542 0x000001ecee48bb10 code [0x000001ecee48c0c0, 0x000001ecee48f3f8]

GC Heap History (8 events):
Event: 2.641 GC heap before
{Heap before GC invocations=1 (full 0):
 PSYoungGen      total 29696K, used 25600K [0x00000000d5580000, 0x00000000d7680000, 0x0000000100000000)
  eden space 25600K, 100% used [0x00000000d5580000,0x00000000d6e80000,0x00000000d6e80000)
  from space 4096K, 0% used [0x00000000d7280000,0x00000000d7280000,0x00000000d7680000)
  to   space 4096K, 0% used [0x00000000d6e80000,0x00000000d6e80000,0x00000000d7280000)
 ParOldGen       total 68608K, used 0K [0x0000000080000000, 0x0000000084300000, 0x00000000d5580000)
  object space 68608K, 0% used [0x0000000080000000,0x0000000080000000,0x0000000084300000)
 Metaspace       used 4206K, committed 4480K, reserved 1114112K
  class space    used 381K, committed 512K, reserved 1048576K
}
Event: 2.653 GC heap after
{Heap after GC invocations=1 (full 0):
 PSYoungGen      total 29696K, used 3790K [0x00000000d5580000, 0x00000000d7680000, 0x0000000100000000)
  eden space 25600K, 0% used [0x00000000d5580000,0x00000000d5580000,0x00000000d6e80000)
  from space 4096K, 92% used [0x00000000d6e80000,0x00000000d7233828,0x00000000d7280000)
  to   space 4096K, 0% used [0x00000000d7280000,0x00000000d7280000,0x00000000d7680000)
 ParOldGen       total 68608K, used 16K [0x0000000080000000, 0x0000000084300000, 0x00000000d5580000)
  object space 68608K, 0% used [0x0000000080000000,0x0000000080004000,0x0000000084300000)
 Metaspace       used 4206K, committed 4480K, reserved 1114112K
  class space    used 381K, committed 512K, reserved 1048576K
}
Event: 3.629 GC heap before
{Heap before GC invocations=2 (full 0):
 PSYoungGen      total 29696K, used 29390K [0x00000000d5580000, 0x00000000d7680000, 0x0000000100000000)
  eden space 25600K, 100% used [0x00000000d5580000,0x00000000d6e80000,0x00000000d6e80000)
  from space 4096K, 92% used [0x00000000d6e80000,0x00000000d7233828,0x00000000d7280000)
  to   space 4096K, 0% used [0x00000000d7280000,0x00000000d7280000,0x00000000d7680000)
 ParOldGen       total 68608K, used 16K [0x0000000080000000, 0x0000000084300000, 0x00000000d5580000)
  object space 68608K, 0% used [0x0000000080000000,0x0000000080004000,0x0000000084300000)
 Metaspace       used 8301K, committed 8640K, reserved 1114112K
  class space    used 787K, committed 960K, reserved 1048576K
}
Event: 3.638 GC heap after
{Heap after GC invocations=2 (full 0):
 PSYoungGen      total 29696K, used 4077K [0x00000000d5580000, 0x00000000d7680000, 0x0000000100000000)
  eden space 25600K, 0% used [0x00000000d5580000,0x00000000d5580000,0x00000000d6e80000)
  from space 4096K, 99% used [0x00000000d7280000,0x00000000d767b4d8,0x00000000d7680000)
  to   space 4096K, 0% used [0x00000000d6e80000,0x00000000d6e80000,0x00000000d7280000)
 ParOldGen       total 68608K, used 1402K [0x0000000080000000, 0x0000000084300000, 0x00000000d5580000)
  object space 68608K, 2% used [0x0000000080000000,0x000000008015e8e8,0x0000000084300000)
 Metaspace       used 8301K, committed 8640K, reserved 1114112K
  class space    used 787K, committed 960K, reserved 1048576K
}
Event: 4.253 GC heap before
{Heap before GC invocations=3 (full 0):
 PSYoungGen      total 29696K, used 29677K [0x00000000d5580000, 0x00000000d7680000, 0x0000000100000000)
  eden space 25600K, 100% used [0x00000000d5580000,0x00000000d6e80000,0x00000000d6e80000)
  from space 4096K, 99% used [0x00000000d7280000,0x00000000d767b4d8,0x00000000d7680000)
  to   space 4096K, 0% used [0x00000000d6e80000,0x00000000d6e80000,0x00000000d7280000)
 ParOldGen       total 68608K, used 1402K [0x0000000080000000, 0x0000000084300000, 0x00000000d5580000)
  object space 68608K, 2% used [0x0000000080000000,0x000000008015e8e8,0x0000000084300000)
 Metaspace       used 13150K, committed 13696K, reserved 1114112K
  class space    used 1269K, committed 1536K, reserved 1048576K
}
Event: 4.258 GC heap after
{Heap after GC invocations=3 (full 0):
 PSYoungGen      total 29696K, used 4065K [0x00000000d5580000, 0x00000000d7680000, 0x0000000100000000)
  eden space 25600K, 0% used [0x00000000d5580000,0x00000000d5580000,0x00000000d6e80000)
  from space 4096K, 99% used [0x00000000d6e80000,0x00000000d7278710,0x00000000d7280000)
  to   space 4096K, 0% used [0x00000000d7280000,0x00000000d7280000,0x00000000d7680000)
 ParOldGen       total 68608K, used 3095K [0x0000000080000000, 0x0000000084300000, 0x00000000d5580000)
  object space 68608K, 4% used [0x0000000080000000,0x0000000080305f38,0x0000000084300000)
 Metaspace       used 13150K, committed 13696K, reserved 1114112K
  class space    used 1269K, committed 1536K, reserved 1048576K
}
Event: 4.610 GC heap before
{Heap before GC invocations=4 (full 0):
 PSYoungGen      total 29696K, used 29665K [0x00000000d5580000, 0x00000000d7680000, 0x0000000100000000)
  eden space 25600K, 100% used [0x00000000d5580000,0x00000000d6e80000,0x00000000d6e80000)
  from space 4096K, 99% used [0x00000000d6e80000,0x00000000d7278710,0x00000000d7280000)
  to   space 4096K, 0% used [0x00000000d7280000,0x00000000d7280000,0x00000000d7680000)
 ParOldGen       total 68608K, used 3095K [0x0000000080000000, 0x0000000084300000, 0x00000000d5580000)
  object space 68608K, 4% used [0x0000000080000000,0x0000000080305f38,0x0000000084300000)
 Metaspace       used 16504K, committed 17088K, reserved 1114112K
  class space    used 1532K, committed 1792K, reserved 1048576K
}
Event: 4.613 GC heap after
{Heap after GC invocations=4 (full 0):
 PSYoungGen      total 29696K, used 4082K [0x00000000d5580000, 0x00000000d7680000, 0x0000000100000000)
  eden space 25600K, 0% used [0x00000000d5580000,0x00000000d5580000,0x00000000d6e80000)
  from space 4096K, 99% used [0x00000000d7280000,0x00000000d767c978,0x00000000d7680000)
  to   space 4096K, 0% used [0x00000000d6e80000,0x00000000d6e80000,0x00000000d7280000)
 ParOldGen       total 68608K, used 3871K [0x0000000080000000, 0x0000000084300000, 0x00000000d5580000)
  object space 68608K, 5% used [0x0000000080000000,0x00000000803c7c90,0x0000000084300000)
 Metaspace       used 16504K, committed 17088K, reserved 1114112K
  class space    used 1532K, committed 1792K, reserved 1048576K
}

Deoptimization events (20 events):
Event: 4.279 Thread 0x000001ec88b04f70 Uncommon trap: trap_request=0xffffffc6 fr.pc=0x000001ecf549f138 relative=0x0000000000001b78
Event: 4.279 Thread 0x000001ec88b04f70 Uncommon trap: reason=bimorphic_or_optimized_type_check action=maybe_recompile pc=0x000001ecf549f138 method=java.io.DataInputStream.readFully([BII)V @ 30 c2
Event: 4.279 Thread 0x000001ec88b04f70 DEOPT PACKING pc=0x000001ecf549f138 sp=0x0000003292ef96d0
Event: 4.279 Thread 0x000001ec88b04f70 DEOPT UNPACKING pc=0x000001eced8920a3 sp=0x0000003292ef9628 mode 2
Event: 4.279 Thread 0x000001ec88b04f70 Uncommon trap: trap_request=0xffffffc6 fr.pc=0x000001ecf549f138 relative=0x0000000000001b78
Event: 4.279 Thread 0x000001ec88b04f70 Uncommon trap: reason=bimorphic_or_optimized_type_check action=maybe_recompile pc=0x000001ecf549f138 method=java.io.DataInputStream.readFully([BII)V @ 30 c2
Event: 4.279 Thread 0x000001ec88b04f70 DEOPT PACKING pc=0x000001ecf549f138 sp=0x0000003292ef9620
Event: 4.279 Thread 0x000001ec88b04f70 DEOPT UNPACKING pc=0x000001eced8920a3 sp=0x0000003292ef9578 mode 2
Event: 4.279 Thread 0x000001ec88b04f70 Uncommon trap: trap_request=0xffffffc6 fr.pc=0x000001ecf549f138 relative=0x0000000000001b78
Event: 4.279 Thread 0x000001ec88b04f70 Uncommon trap: reason=bimorphic_or_optimized_type_check action=maybe_recompile pc=0x000001ecf549f138 method=java.io.DataInputStream.readFully([BII)V @ 30 c2
Event: 4.279 Thread 0x000001ec88b04f70 DEOPT PACKING pc=0x000001ecf549f138 sp=0x0000003292ef9620
Event: 4.279 Thread 0x000001ec88b04f70 DEOPT UNPACKING pc=0x000001eced8920a3 sp=0x0000003292ef9578 mode 2
Event: 4.346 Thread 0x000001ec88b04f70 Uncommon trap: trap_request=0xffffff45 fr.pc=0x000001ecf5481740 relative=0x0000000000000040
Event: 4.346 Thread 0x000001ec88b04f70 Uncommon trap: reason=unstable_if action=reinterpret pc=0x000001ecf5481740 method=sun.nio.fs.WindowsPathParser.isSlash(C)Z @ 9 c2
Event: 4.346 Thread 0x000001ec88b04f70 DEOPT PACKING pc=0x000001ecf5481740 sp=0x0000003292ef94c0
Event: 4.346 Thread 0x000001ec88b04f70 DEOPT UNPACKING pc=0x000001eced8920a3 sp=0x0000003292ef9448 mode 2
Event: 4.401 Thread 0x000001ec88b04f70 Uncommon trap: trap_request=0xffffff45 fr.pc=0x000001ecf54758fc relative=0x000000000000007c
Event: 4.401 Thread 0x000001ec88b04f70 Uncommon trap: reason=unstable_if action=reinterpret pc=0x000001ecf54758fc method=java.lang.ref.SoftReference.get()Ljava/lang/Object; @ 6 c2
Event: 4.401 Thread 0x000001ec88b04f70 DEOPT PACKING pc=0x000001ecf54758fc sp=0x0000003292ef9b20
Event: 4.401 Thread 0x000001ec88b04f70 DEOPT UNPACKING pc=0x000001eced8920a3 sp=0x0000003292ef9ab8 mode 2

Classes loaded (20 events):
Event: 4.460 Loading class java/util/zip/DeflaterOutputStream done
Event: 4.460 Loading class java/util/zip/GZIPOutputStream done
Event: 4.478 Loading class java/io/StringReader
Event: 4.479 Loading class java/io/StringReader done
Event: 4.484 Loading class java/util/zip/GZIPInputStream
Event: 4.484 Loading class java/util/zip/GZIPInputStream done
Event: 4.486 Loading class java/net/SocketTimeoutException
Event: 4.487 Loading class java/io/InterruptedIOException
Event: 4.487 Loading class java/io/InterruptedIOException done
Event: 4.487 Loading class java/net/SocketTimeoutException done
Event: 4.487 Loading class java/net/SocketException
Event: 4.487 Loading class java/net/SocketException done
Event: 4.487 Loading class java/net/UnknownHostException
Event: 4.487 Loading class java/net/UnknownHostException done
Event: 4.487 Loading class java/net/ProtocolException
Event: 4.488 Loading class java/net/ProtocolException done
Event: 4.510 Loading class java/lang/NegativeArraySizeException
Event: 4.510 Loading class java/lang/NegativeArraySizeException done
Event: 4.510 Loading class java/io/FileWriter
Event: 4.510 Loading class java/io/FileWriter done

Classes unloaded (0 events):
No events

Classes redefined (0 events):
No events

Internal exceptions (20 events):
Event: 2.896 Thread 0x000001ece5f12090 Exception <a 'java/lang/NoSuchMethodError'{0x00000000d5aab7f0}: 'void java.lang.invoke.DirectMethodHandle$Holder.invokeSpecial(java.lang.Object, java.lang.Object, java.lang.Object)'> (0x00000000d5aab7f0) 
thrown [s\open\src\hotspot\share\interpreter\linkResolver.cpp, line 759]
Event: 3.185 Thread 0x000001ece5f12090 Exception <a 'java/lang/NoSuchMethodError'{0x00000000d628be20}: 'int java.lang.invoke.DirectMethodHandle$Holder.invokeVirtual(java.lang.Object, java.lang.Object)'> (0x00000000d628be20) 
thrown [s\open\src\hotspot\share\interpreter\linkResolver.cpp, line 759]
Event: 3.314 Thread 0x000001ece5f12090 Exception <a 'java/lang/NoSuchMethodError'{0x00000000d66165a8}: 'java.lang.Object java.lang.invoke.DirectMethodHandle$Holder.newInvokeSpecial(java.lang.Object, int, java.lang.Object)'> (0x00000000d66165a8) 
thrown [s\open\src\hotspot\share\interpreter\linkResolver.cpp, line 759]
Event: 3.319 Thread 0x000001ece5f12090 Exception <a 'java/lang/NoSuchMethodError'{0x00000000d6633b10}: 'java.lang.Object java.lang.invoke.DirectMethodHandle$Holder.newInvokeSpecial(java.lang.Object, java.lang.Object, java.lang.Object, java.lang.Object, int, java.lang.Object)'> (0x00000000d6633b10) 
thrown [s\open\src\hotspot\share\interpreter\linkResolver.cpp, line 759]
Event: 3.524 Thread 0x000001ece5f12090 Exception <a 'java/lang/UnsatisfiedLinkError'{0x00000000d6b36100}: 'void org.eclipse.equinox.launcher.JNIBridge._update_splash()'> (0x00000000d6b36100) 
thrown [s\open\src\hotspot\share\prims\nativeLookup.cpp, line 434]
Event: 3.591 Thread 0x000001ec88b04f70 Exception <a 'java/lang/NoSuchMethodError'{0x00000000d6db0230}: 'java.lang.Object java.lang.invoke.DirectMethodHandle$Holder.invokeStaticInit(java.lang.Object)'> (0x00000000d6db0230) 
thrown [s\open\src\hotspot\share\interpreter\linkResolver.cpp, line 759]
Event: 3.907 Thread 0x000001ec88b04f70 Exception <a 'java/io/FileNotFoundException'{0x00000000d60cb480}> (0x00000000d60cb480) 
thrown [s\open\src\hotspot\share\prims\jni.cpp, line 516]
Event: 3.923 Thread 0x000001ec88b04f70 Exception <a 'java/lang/NullPointerException'{0x00000000d611af10}> (0x00000000d611af10) 
thrown [s\open\src\hotspot\share\interpreter\linkResolver.cpp, line 1350]
Event: 3.923 Thread 0x000001ec88b04f70 Exception <a 'java/lang/NullPointerException'{0x00000000d611b738}> (0x00000000d611b738) 
thrown [s\open\src\hotspot\share\interpreter\linkResolver.cpp, line 1350]
Event: 4.067 Thread 0x000001ec88b04f70 Exception <a 'java/lang/NoSuchMethodError'{0x00000000d663fda8}: 'void java.lang.invoke.DirectMethodHandle$Holder.invokeInterface(java.lang.Object, java.lang.Object, java.lang.Object)'> (0x00000000d663fda8) 
thrown [s\open\src\hotspot\share\interpreter\linkResolver.cpp, line 759]
Event: 4.096 Thread 0x000001ec88b04f70 Exception <a 'java/lang/NoSuchMethodError'{0x00000000d67eeff0}: 'void java.lang.invoke.Invokers$Holder.invokeExact_MT(java.lang.Object, java.lang.Object, java.lang.Object)'> (0x00000000d67eeff0) 
thrown [s\open\src\hotspot\share\interpreter\linkResolver.cpp, line 759]
Event: 4.168 Thread 0x000001ec88b04f70 Exception <a 'java/lang/NoSuchMethodError'{0x00000000d6a72418}: 'java.lang.Object java.lang.invoke.DirectMethodHandle$Holder.invokeVirtual(java.lang.Object, java.lang.Object, java.lang.Object)'> (0x00000000d6a72418) 
thrown [s\open\src\hotspot\share\interpreter\linkResolver.cpp, line 759]
Event: 4.170 Thread 0x000001ec88b04f70 Exception <a 'java/lang/NoSuchMethodError'{0x00000000d6a87de8}: 'java.lang.Object java.lang.invoke.DelegatingMethodHandle$Holder.reinvoke_L(java.lang.Object, java.lang.Object, java.lang.Object, java.lang.Object, int, int)'> (0x00000000d6a87de8) 
thrown [s\open\src\hotspot\share\interpreter\linkResolver.cpp, line 759]
Event: 4.173 Thread 0x000001ec88b04f70 Exception <a 'java/lang/NoSuchMethodError'{0x00000000d6aa5aa0}: 'java.lang.Object java.lang.invoke.DirectMethodHandle$Holder.newInvokeSpecial(java.lang.Object, java.lang.Object, java.lang.Object, java.lang.Object, java.lang.Object, java.lang.Object)'> (0x00000000d6aa5aa0) 
thrown [s\open\src\hotspot\share\interpreter\linkResolver.cpp, line 759]
Event: 4.175 Thread 0x000001ec88b04f70 Exception <a 'java/lang/NoSuchMethodError'{0x00000000d6abc660}: 'void java.lang.invoke.Invokers$Holder.invokeExact_MT(java.lang.Object, java.lang.Object, java.lang.Object, java.lang.Object)'> (0x00000000d6abc660) 
thrown [s\open\src\hotspot\share\interpreter\linkResolver.cpp, line 759]
Event: 4.402 Thread 0x000001ec88b04f70 Exception <a 'java/lang/NoSuchMethodError'{0x00000000d5af1ce8}: 'int java.lang.invoke.DirectMethodHandle$Holder.invokeStaticInit(java.lang.Object, java.lang.Object, java.lang.Object)'> (0x00000000d5af1ce8) 
thrown [s\open\src\hotspot\share\interpreter\linkResolver.cpp, line 759]
Event: 4.408 Thread 0x000001ec88b04f70 Exception <a 'java/lang/IncompatibleClassChangeError'{0x00000000d5b56a80}: Found class java.lang.Object, but interface was expected> (0x00000000d5b56a80) 
thrown [s\open\src\hotspot\share\interpreter\linkResolver.cpp, line 826]
Event: 4.428 Thread 0x000001ec88b04f70 Exception <a 'java/lang/NoSuchMethodError'{0x00000000d5c62a00}: 'void java.lang.invoke.DirectMethodHandle$Holder.invokeVirtual(java.lang.Object, java.lang.Object)'> (0x00000000d5c62a00) 
thrown [s\open\src\hotspot\share\interpreter\linkResolver.cpp, line 759]
Event: 4.430 Thread 0x000001ec88b04f70 Exception <a 'java/lang/NoSuchMethodError'{0x00000000d5c77c68}: 'void java.lang.invoke.DirectMethodHandle$Holder.invokeSpecial(java.lang.Object, java.lang.Object, java.lang.Object, java.lang.Object, java.lang.Object)'> (0x00000000d5c77c68) 
thrown [s\open\src\hotspot\share\interpreter\linkResolver.cpp, line 759]
Event: 4.437 Thread 0x000001ec88edde60 Exception <a 'java/io/FileNotFoundException'{0x00000000d5caecd0}> (0x00000000d5caecd0) 
thrown [s\open\src\hotspot\share\prims\jni.cpp, line 516]

VM Operations (20 events):
Event: 3.274 Executing VM operation: HandshakeAllThreads
Event: 3.274 Executing VM operation: HandshakeAllThreads done
Event: 3.283 Executing VM operation: HandshakeAllThreads
Event: 3.283 Executing VM operation: HandshakeAllThreads done
Event: 3.305 Executing VM operation: HandshakeAllThreads
Event: 3.305 Executing VM operation: HandshakeAllThreads done
Event: 3.622 Executing VM operation: HandshakeAllThreads
Event: 3.622 Executing VM operation: HandshakeAllThreads done
Event: 3.629 Executing VM operation: ParallelGCFailedAllocation
Event: 3.638 Executing VM operation: ParallelGCFailedAllocation done
Event: 4.027 Executing VM operation: HandshakeAllThreads
Event: 4.027 Executing VM operation: HandshakeAllThreads done
Event: 4.041 Executing VM operation: HandshakeAllThreads
Event: 4.041 Executing VM operation: HandshakeAllThreads done
Event: 4.253 Executing VM operation: ParallelGCFailedAllocation
Event: 4.259 Executing VM operation: ParallelGCFailedAllocation done
Event: 4.424 Executing VM operation: HandshakeAllThreads
Event: 4.424 Executing VM operation: HandshakeAllThreads done
Event: 4.610 Executing VM operation: ParallelGCFailedAllocation
Event: 4.613 Executing VM operation: ParallelGCFailedAllocation done

Events (20 events):
Event: 1.028 Thread 0x000001ecfe7eed10 Thread exited: 0x000001ecfe7eed10
Event: 1.053 Loaded shared library C:\Program Files\Java\jdk-18.0.2.1\bin\jimage.dll
Event: 1.089 Thread 0x000001ecfe9133d0 Thread added: 0x000001ecfe9133d0
Event: 1.089 Thread 0x000001ecfe914070 Thread added: 0x000001ecfe914070
Event: 1.239 Loaded shared library C:\Program Files\Java\jdk-18.0.2.1\bin\verify.dll
Event: 1.556 Thread 0x000001ecfe94c5d0 Thread added: 0x000001ecfe94c5d0
Event: 1.893 Thread 0x000001ecfea315a0 Thread added: 0x000001ecfea315a0
Event: 1.902 Thread 0x000001ecfea31fa0 Thread added: 0x000001ecfea31fa0
Event: 1.997 Thread 0x000001ecfea3b290 Thread added: 0x000001ecfea3b290
Event: 2.493 Thread 0x000001ecfea31fa0 Thread exited: 0x000001ecfea31fa0
Event: 3.255 Thread 0x000001ec88aca710 Thread added: 0x000001ec88aca710
Event: 3.511 Thread 0x000001ec88b75150 Thread added: 0x000001ec88b75150
Event: 3.521 Thread 0x000001ec88b04f70 Thread added: 0x000001ec88b04f70
Event: 3.530 Loaded shared library C:\Users\Alex_Carl\AppData\Roaming\Code\User\globalStorage\redhat.java\1.13.0\config_ss_win\org.eclipse.equinox.launcher\org.eclipse.equinox.launcher.win32.win32.x86_64_1.2.600.v20220720-1916\eclipse_11700.dll
Event: 3.571 Thread 0x000001ec88b6b980 Thread added: 0x000001ec88b6b980
Event: 3.778 Thread 0x000001ec88dea910 Thread added: 0x000001ec88dea910
Event: 4.073 Thread 0x000001ec88cf6050 Thread added: 0x000001ec88cf6050
Event: 4.396 Thread 0x000001ec88edde60 Thread added: 0x000001ec88edde60
Event: 4.413 Thread 0x000001ec88edecd0 Thread added: 0x000001ec88edecd0
Event: 4.538 Thread 0x000001ec88fb9690 Thread added: 0x000001ec88fb9690


Dynamic libraries:
0x00007ff618760000 - 0x00007ff618770000 	C:\Program Files\Java\jdk-18.0.2.1\bin\java.exe
0x00007ffedba70000 - 0x00007ffedbc84000 	C:\WINDOWS\SYSTEM32\ntdll.dll
0x00007ffedab00000 - 0x00007ffedabc2000 	C:\WINDOWS\System32\KERNEL32.DLL
0x00007ffed9400000 - 0x00007ffed979d000 	C:\WINDOWS\System32\KERNELBASE.dll
0x00007ffed90f0000 - 0x00007ffed9201000 	C:\WINDOWS\System32\ucrtbase.dll
0x00007ffeb1450000 - 0x00007ffeb1468000 	C:\Program Files\Java\jdk-18.0.2.1\bin\jli.dll
0x00007ffeda690000 - 0x00007ffeda73e000 	C:\WINDOWS\System32\ADVAPI32.dll
0x00007ffedb830000 - 0x00007ffedb8d7000 	C:\WINDOWS\System32\msvcrt.dll
0x00007ffedb160000 - 0x00007ffedb204000 	C:\WINDOWS\System32\sechost.dll
0x00007ffeda740000 - 0x00007ffeda855000 	C:\WINDOWS\System32\RPCRT4.dll
0x00007ffeda3a0000 - 0x00007ffeda54d000 	C:\WINDOWS\System32\USER32.dll
0x00007ffed8e90000 - 0x00007ffed8eb6000 	C:\WINDOWS\System32\win32u.dll
0x00007ffedabd0000 - 0x00007ffedabf9000 	C:\WINDOWS\System32\GDI32.dll
0x00007ffed8f30000 - 0x00007ffed9042000 	C:\WINDOWS\System32\gdi32full.dll
0x00007ffed9050000 - 0x00007ffed90ea000 	C:\WINDOWS\System32\msvcp_win.dll
0x00007ffe921b0000 - 0x00007ffe921ca000 	C:\Program Files\Java\jdk-18.0.2.1\bin\VCRUNTIME140.dll
0x00007ffec6550000 - 0x00007ffec67de000 	C:\WINDOWS\WinSxS\amd64_microsoft.windows.common-controls_6595b64144ccf1df_6.0.22621.436_none_a94247dbc10d8414\COMCTL32.dll
0x00007ffecee50000 - 0x00007ffecee5a000 	C:\WINDOWS\SYSTEM32\VERSION.dll
0x00007ffedb110000 - 0x00007ffedb142000 	C:\WINDOWS\System32\IMM32.DLL
0x00007ffecc4b0000 - 0x00007ffecc4bc000 	C:\Program Files\Java\jdk-18.0.2.1\bin\vcruntime140_1.dll
0x00007ffe2fdc0000 - 0x00007ffe2fe4d000 	C:\Program Files\Java\jdk-18.0.2.1\bin\msvcp140.dll
0x00007ffe168e0000 - 0x00007ffe174f1000 	C:\Program Files\Java\jdk-18.0.2.1\bin\server\jvm.dll
0x00007ffeda920000 - 0x00007ffeda928000 	C:\WINDOWS\System32\PSAPI.DLL
0x00007ffe90130000 - 0x00007ffe90139000 	C:\WINDOWS\SYSTEM32\WSOCK32.dll
0x00007ffedb090000 - 0x00007ffedb101000 	C:\WINDOWS\System32\WS2_32.dll
0x00007ffecee60000 - 0x00007ffecee94000 	C:\WINDOWS\SYSTEM32\WINMM.dll
0x00007ffed7f50000 - 0x00007ffed7f68000 	C:\WINDOWS\SYSTEM32\kernel.appcore.dll
0x00007ffec3e20000 - 0x00007ffec3e2a000 	C:\Program Files\Java\jdk-18.0.2.1\bin\jimage.dll
0x00007ffed0660000 - 0x00007ffed088e000 	C:\WINDOWS\SYSTEM32\DBGHELP.DLL
0x00007ffedad00000 - 0x00007ffedb08a000 	C:\WINDOWS\System32\combase.dll
0x00007ffedb8e0000 - 0x00007ffedb9b7000 	C:\WINDOWS\System32\OLEAUT32.dll
0x00007ffec1340000 - 0x00007ffec1372000 	C:\WINDOWS\SYSTEM32\dbgcore.DLL
0x00007ffed9210000 - 0x00007ffed928b000 	C:\WINDOWS\System32\bcryptPrimitives.dll
0x00007ffec3e00000 - 0x00007ffec3e0e000 	C:\Program Files\Java\jdk-18.0.2.1\bin\instrument.dll
0x00007ffe91dc0000 - 0x00007ffe91de5000 	C:\Program Files\Java\jdk-18.0.2.1\bin\java.dll
0x00007ffe2fce0000 - 0x00007ffe2fdb6000 	C:\Program Files\Java\jdk-18.0.2.1\bin\jsvml.dll
0x00007ffed9bb0000 - 0x00007ffeda39f000 	C:\WINDOWS\System32\SHELL32.dll
0x00007ffed6e80000 - 0x00007ffed7748000 	C:\WINDOWS\SYSTEM32\windows.storage.dll
0x00007ffed6d40000 - 0x00007ffed6e7e000 	C:\WINDOWS\SYSTEM32\wintypes.dll
0x00007ffedac00000 - 0x00007ffedacf1000 	C:\WINDOWS\System32\SHCORE.dll
0x00007ffed98b0000 - 0x00007ffed990e000 	C:\WINDOWS\System32\shlwapi.dll
0x00007ffed8dc0000 - 0x00007ffed8de1000 	C:\WINDOWS\SYSTEM32\profapi.dll
0x00007ffe86170000 - 0x00007ffe86188000 	C:\Program Files\Java\jdk-18.0.2.1\bin\zip.dll
0x00007ffe85820000 - 0x00007ffe85833000 	C:\Program Files\Java\jdk-18.0.2.1\bin\net.dll
0x00007ffed13d0000 - 0x00007ffed14ff000 	C:\WINDOWS\SYSTEM32\WINHTTP.dll
0x00007ffed83f0000 - 0x00007ffed8459000 	C:\WINDOWS\system32\mswsock.dll
0x00007ffe855d0000 - 0x00007ffe855e6000 	C:\Program Files\Java\jdk-18.0.2.1\bin\nio.dll
0x00007ffead080000 - 0x00007ffead090000 	C:\Program Files\Java\jdk-18.0.2.1\bin\verify.dll
0x00007ffe64c40000 - 0x00007ffe64c7e000 	C:\Users\Alex_Carl\AppData\Roaming\Code\User\globalStorage\redhat.java\1.13.0\config_ss_win\org.eclipse.equinox.launcher\org.eclipse.equinox.launcher.win32.win32.x86_64_1.2.600.v20220720-1916\eclipse_11700.dll
0x00007ffed9a10000 - 0x00007ffed9bac000 	C:\WINDOWS\System32\ole32.dll

dbghelp: loaded successfully - version: 4.0.5 - missing functions: none
symbol engine: initialized successfully - sym options: 0x614 - pdb path: .;C:\Program Files\Java\jdk-18.0.2.1\bin;C:\WINDOWS\SYSTEM32;C:\WINDOWS\WinSxS\amd64_microsoft.windows.common-controls_6595b64144ccf1df_6.0.22621.436_none_a94247dbc10d8414;C:\Program Files\Java\jdk-18.0.2.1\bin\server;C:\Users\Alex_Carl\AppData\Roaming\Code\User\globalStorage\redhat.java\1.13.0\config_ss_win\org.eclipse.equinox.launcher\org.eclipse.equinox.launcher.win32.win32.x86_64_1.2.600.v20220720-1916

VM Arguments:
jvm_args: --add-modules=ALL-SYSTEM --add-opens=java.base/java.util=ALL-UNNAMED --add-opens=java.base/java.lang=ALL-UNNAMED --add-opens=java.base/sun.nio.fs=ALL-UNNAMED -Declipse.application=org.eclipse.jdt.ls.core.id1 -Dosgi.bundles.defaultStartLevel=4 -Declipse.product=org.eclipse.jdt.ls.core.product -Djava.import.generatesMetadataFilesAtProjectRoot=false -Dfile.encoding=utf8 -XX:+UseParallelGC -XX:GCTimeRatio=4 -XX:AdaptiveSizePolicyWeight=90 -Dsun.zip.disableMemoryMapping=true -Xmx2G -Xms100m -Xlog:disable -javaagent:c:\Users\Alex_Carl\.vscode\extensions\redhat.java-1.13.0-win32-x64\lombok\lombok-1.18.24.jar 
java_command: c:\Users\Alex_Carl\.vscode\extensions\redhat.java-1.13.0-win32-x64\server\plugins\org.eclipse.equinox.launcher_1.6.400.v20210924-0641.jar -configuration c:\Users\Alex_Carl\AppData\Roaming\Code\User\globalStorage\redhat.java\1.13.0\config_ss_win -data c:\Users\Alex_Carl\AppData\Roaming\Code\User\workspaceStorage\8fc2cf8042da9f67ae59f267ca66bdab\redhat.java\ss_ws
java_class_path (initial): c:\Users\Alex_Carl\.vscode\extensions\redhat.java-1.13.0-win32-x64\server\plugins\org.eclipse.equinox.launcher_1.6.400.v20210924-0641.jar
Launcher Type: SUN_STANDARD

[Global flags]
    uintx AdaptiveSizePolicyWeight                 = 90                                        {product} {command line}
     intx CICompilerCount                          = 12                                        {product} {ergonomic}
    uintx GCTimeRatio                              = 4                                         {product} {command line}
   size_t InitialHeapSize                          = 104857600                                 {product} {command line}
   size_t MaxHeapSize                              = 2147483648                                {product} {command line}
   size_t MaxNewSize                               = 715653120                                 {product} {ergonomic}
   size_t MinHeapDeltaBytes                        = 524288                                    {product} {ergonomic}
   size_t MinHeapSize                              = 104857600                                 {product} {command line}
   size_t NewSize                                  = 34603008                                  {product} {ergonomic}
    uintx NonNMethodCodeHeapSize                   = 7602480                                {pd product} {ergonomic}
    uintx NonProfiledCodeHeapSize                  = 122027880                              {pd product} {ergonomic}
   size_t OldSize                                  = 70254592                                  {product} {ergonomic}
    uintx ProfiledCodeHeapSize                     = 122027880                              {pd product} {ergonomic}
    uintx ReservedCodeCacheSize                    = 251658240                              {pd product} {ergonomic}
     bool SegmentedCodeCache                       = true                                      {product} {ergonomic}
   size_t SoftMaxHeapSize                          = 2147483648                             {manageable} {ergonomic}
     bool UseCompressedClassPointers               = true                           {product lp64_product} {ergonomic}
     bool UseCompressedOops                        = true                           {product lp64_product} {ergonomic}
     bool UseLargePagesIndividualAllocation        = false                                  {pd product} {ergonomic}
     bool UseParallelGC                            = true                                      {product} {command line}

Logging:
Log output configuration:
 #0: stdout all=off uptime,level,tags foldmultilines=false
 #1: stderr all=off uptime,level,tags foldmultilines=false

Environment Variables:
JAVA_HOME=C:\Program Files\Java\jdk-18.0.2.1
PATH=C:\Program Files\Microsoft\jdk-11.0.16.101-hotspot\bin;C:\Program Files\Common Files\Oracle\Java\javapath;C:\Program Files\Zulu\zulu-8\bin\;C:\Program Files (x86)\VMware\VMware Workstation\bin\;C:\WINDOWS\system32;C:\WINDOWS;C:\WINDOWS\System32\Wbem;C:\WINDOWS\System32\WindowsPowerShell\v1.0\;C:\WINDOWS\System32\OpenSSH\;C:\Program Files\Microsoft VS Code\bin;C:\xampp\php;C:\ProgramData\ComposerSetup\bin;C:\Program Files\Microsoft SQL Server\130\Tools\Binn\;C:\Program Files\Microsoft SQL Server\Client SDK\ODBC\170\Tools\Binn\;C:\Program Files (x86)\Microsoft SQL Server\150\Tools\Binn\;C:\Program Files\Microsoft SQL Server\150\Tools\Binn\;C:\Program Files\Microsoft SQL Server\150\DTS\Binn\;C:\Program Files (x86)\Microsoft SQL Server\150\DTS\Binn\;C:\Program Files\Azure Data Studio\bin;C:\Program Files\nodejs\;C:\ProgramData\chocolatey\bin;C:\WINDOWS\system32;C:\WINDOWS;C:\WINDOWS\System32\Wbem;C:\WINDOWS\System32\WindowsPowerShell\v1.0\;C:\WINDOWS\System32\OpenSSH\;C;C:\Program Files\Git\cmd;C:\Program Files\Gradle\gradle-7.4.2\bin;C:\Users\Alex_Carl\flutter\bin;C:\Program Files\dotnet\;;C:\Program Files\Docker\Docker\resources\bin;C:\Program Files\MySQL\MySQL Shell 8.0\bin\;C:\Users\Alex_Carl\AppData\Local\Microsoft\WindowsApps;C:\Users\Alex_Carl\AppData\Roaming\Composer\vendor\bin;C:\Program Files\Azure Data Studio\bin;C:\Users\Alex_Carl\AppData\Roaming\npm;C:\Users\Alex_Carl\AppData\Local\GitHubDesktop\bin;C:\Program Files\JetBrains\IntelliJ IDEA Community Edition 2022.1.2\bin;;C:\Program Files\JetBrains\PyCharm Community Edition 2022.2.3\bin;;C:\Users\Alex_Carl\.dotnet\tools
USERNAME=Alex_Carl
OS=Windows_NT
PROCESSOR_IDENTIFIER=AMD64 Family 23 Model 8 Stepping 2, AuthenticAMD



---------------  S Y S T E M  ---------------

OS:
 Windows 11 , 64 bit Build 22621 (10.0.22621.1028)
OS uptime: 1 days 3:40 hours
Hyper-V role detected

CPU: total 16 (initial active 16) (16 cores per cpu, 2 threads per core) family 23 model 8 stepping 2 microcode 0x0, cx8, cmov, fxsr, ht, mmx, 3dnowpref, sse, sse2, sse3, ssse3, sse4a, sse4.1, sse4.2, popcnt, lzcnt, tsc, tscinvbit, avx, avx2, aes, clmul, bmi1, bmi2, adx, sha, fma, vzeroupper, clflush, clflushopt, hv

Memory: 4k page, system-wide physical 32696M (15332M free)
TotalPageFile size 32696M (AvailPageFile size 1M)
current process WorkingSet (physical memory assigned to process): 109M, peak: 109M
current process commit charge ("private bytes"): 276M, peak: 276M

vm_info: Java HotSpot(TM) 64-Bit Server VM (18.0.2.1+1-1) for windows-amd64 JRE (18.0.2.1+1-1), built on Aug 16 2022 01:46:33 by "mach5one" with MS VC++ 16.8 / 16.9 (VS2019)

END.
