#
# There is insufficient memory for the Java Runtime Environment to continue.
# Native memory allocation (malloc) failed to allocate 784416 bytes for Chunk::new
# Possible reasons:
#   The system is out of physical RAM or swap space
#   The process is running with CompressedOops enabled, and the Java Heap may be blocking the growth of the native heap
# Possible solutions:
#   Reduce memory load on the system
#   Increase physical memory or swap space
#   Check if swap backing store is full
#   Decrease Java heap size (-Xmx/-Xms)
#   Decrease number of Java threads
#   Decrease Java thread stack sizes (-Xss)
#   Set larger code cache with -XX:ReservedCodeCacheSize=
#   JVM is running with Unscaled Compressed Oops mode in which the Java heap is
#     placed in the first 4GB address space. The Java Heap base address is the
#     maximum limit for the native heap growth. Please use -XX:HeapBaseMinAddress
#     to set the Java Heap base and to place the Java Heap above 4GB virtual address.
# This output file may be truncated or incomplete.
#
#  Out of Memory Error (arena.cpp:184), pid=14424, tid=23880
#
# JRE version: Java(TM) SE Runtime Environment (18.0.2.1+1) (build 18.0.2.1+1-1)
# Java VM: Java HotSpot(TM) 64-Bit Server VM (18.0.2.1+1-1, mixed mode, sharing, tiered, compressed oops, compressed class ptrs, parallel gc, windows-amd64)
# No core dump will be written. Minidumps are not enabled by default on client versions of Windows
#

---------------  S U M M A R Y ------------

Command Line: --add-modules=ALL-SYSTEM --add-opens=java.base/java.util=ALL-UNNAMED --add-opens=java.base/java.lang=ALL-UNNAMED --add-opens=java.base/sun.nio.fs=ALL-UNNAMED -Declipse.application=org.eclipse.jdt.ls.core.id1 -Dosgi.bundles.defaultStartLevel=4 -Declipse.product=org.eclipse.jdt.ls.core.product -Djava.import.generatesMetadataFilesAtProjectRoot=false -Dfile.encoding=utf8 -XX:+UseParallelGC -XX:GCTimeRatio=4 -XX:AdaptiveSizePolicyWeight=90 -Dsun.zip.disableMemoryMapping=true -Xmx2G -Xms100m -Xlog:disable -javaagent:c:\Users\Alex_Carl\.vscode\extensions\redhat.java-1.12.0-win32-x64\lombok\lombok-1.18.24.jar c:\Users\Alex_Carl\.vscode\extensions\redhat.java-1.12.0-win32-x64\server\plugins\org.eclipse.equinox.launcher_1.6.400.v20210924-0641.jar -configuration c:\Users\Alex_Carl\AppData\Roaming\Code\User\globalStorage\redhat.java\1.12.0\config_ss_win -data c:\Users\Alex_Carl\AppData\Roaming\Code\User\workspaceStorage\8fc2cf8042da9f67ae59f267ca66bdab\redhat.java\ss_ws

Host: AMD Ryzen 7 2700X Eight-Core Processor         , 16 cores, 31G,  Windows 11 , 64 bit Build 22621 (10.0.22621.746)
Time: Sun Nov  6 22:06:43 2022 SE Asia Standard Time elapsed time: 6.531276 seconds (0d 0h 0m 6s)

---------------  T H R E A D  ---------------

Current thread (0x00000264f6303900):  JavaThread "C2 CompilerThread0" daemon [_thread_in_native, id=23880, stack(0x000000cb35500000,0x000000cb35600000)]


Current CompileTask:
C2:   6531 4606 %     4       org.objectweb.asm.ClassReader::readCode @ 2036 (5109 bytes)

Stack: [0x000000cb35500000,0x000000cb35600000]
Native frames: (J=compiled Java code, j=interpreted, Vv=VM code, C=native code)
V  [jvm.dll+0x6993aa]
V  [jvm.dll+0x7f46dd]
V  [jvm.dll+0x7f5fee]
V  [jvm.dll+0x7f66a3]
V  [jvm.dll+0x25cf1f]
V  [jvm.dll+0xb8c2f]
V  [jvm.dll+0xb8fa5]
V  [jvm.dll+0x2c7e2f]
V  [jvm.dll+0x5a0d8e]
V  [jvm.dll+0x2388de]
V  [jvm.dll+0x231ea5]
V  [jvm.dll+0x22f3cb]
V  [jvm.dll+0x1ba01c]
V  [jvm.dll+0x23ee0a]
V  [jvm.dll+0x23d0f5]
V  [jvm.dll+0x7a6dd1]
V  [jvm.dll+0x7a120a]
V  [jvm.dll+0x698255]
C  [ucrtbase.dll+0x29363]
C  [KERNEL32.DLL+0x1244d]
C  [ntdll.dll+0x5dfb8]


---------------  P R O C E S S  ---------------

Threads class SMR info:
_java_thread_list=0x00000264fd348fc0, length=34, elements={
0x00000264d9b31120, 0x00000264f4cf4720, 0x00000264f4cf7980, 0x00000264f4d0e900,
0x00000264f62f7440, 0x00000264f62fd6b0, 0x00000264f62fe7f0, 0x00000264f6303900,
0x00000264f6305a50, 0x00000264f6319f20, 0x00000264d9b97ae0, 0x00000264f6400710,
0x00000264fc03b0f0, 0x00000264fc781000, 0x00000264fca47fd0, 0x00000264fc863610,
0x00000264fc9bee60, 0x00000264fca58d90, 0x00000264fcc00fc0, 0x00000264fcd4c0c0,
0x00000264fcd4ad80, 0x00000264f6414c20, 0x00000264fcd4b250, 0x00000264fcd48700,
0x00000264fcd4a3e0, 0x00000264fd086030, 0x00000264fcd4b720, 0x00000264fe852d60,
0x00000264fe852340, 0x00000264fe851e30, 0x00000264fe851920, 0x00000264fe853270,
0x00000264fe3fe640, 0x00000264fe4004a0
}

Java Threads: ( => current thread )
  0x00000264d9b31120 JavaThread "main" [_thread_blocked, id=19288, stack(0x000000cb34c00000,0x000000cb34d00000)]
  0x00000264f4cf4720 JavaThread "Reference Handler" daemon [_thread_blocked, id=24436, stack(0x000000cb34f00000,0x000000cb35000000)]
  0x00000264f4cf7980 JavaThread "Finalizer" daemon [_thread_blocked, id=23852, stack(0x000000cb35000000,0x000000cb35100000)]
  0x00000264f4d0e900 JavaThread "Signal Dispatcher" daemon [_thread_blocked, id=22980, stack(0x000000cb35100000,0x000000cb35200000)]
  0x00000264f62f7440 JavaThread "Attach Listener" daemon [_thread_blocked, id=22600, stack(0x000000cb35200000,0x000000cb35300000)]
  0x00000264f62fd6b0 JavaThread "Service Thread" daemon [_thread_blocked, id=23152, stack(0x000000cb35300000,0x000000cb35400000)]
  0x00000264f62fe7f0 JavaThread "Monitor Deflation Thread" daemon [_thread_blocked, id=21756, stack(0x000000cb35400000,0x000000cb35500000)]
=>0x00000264f6303900 JavaThread "C2 CompilerThread0" daemon [_thread_in_native, id=23880, stack(0x000000cb35500000,0x000000cb35600000)]
  0x00000264f6305a50 JavaThread "C1 CompilerThread0" daemon [_thread_blocked, id=12472, stack(0x000000cb35600000,0x000000cb35700000)]
  0x00000264f6319f20 JavaThread "Sweeper thread" daemon [_thread_blocked, id=1172, stack(0x000000cb35700000,0x000000cb35800000)]
  0x00000264d9b97ae0 JavaThread "Common-Cleaner" daemon [_thread_blocked, id=25248, stack(0x000000cb35800000,0x000000cb35900000)]
  0x00000264f6400710 JavaThread "C1 CompilerThread1" daemon [_thread_blocked, id=12160, stack(0x000000cb35900000,0x000000cb35a00000)]
  0x00000264fc03b0f0 JavaThread "Notification Thread" daemon [_thread_blocked, id=23628, stack(0x000000cb35e00000,0x000000cb35f00000)]
  0x00000264fc781000 JavaThread "Active Thread: Equinox Container: 363a3ae4-9589-4e72-bfce-5de375d1edff" [_thread_blocked, id=20936, stack(0x000000cb36000000,0x000000cb36100000)]
  0x00000264fca47fd0 JavaThread "Framework Event Dispatcher: Equinox Container: 363a3ae4-9589-4e72-bfce-5de375d1edff" daemon [_thread_blocked, id=18960, stack(0x000000cb36100000,0x000000cb36200000)]
  0x00000264fc863610 JavaThread "Start Level: Equinox Container: 363a3ae4-9589-4e72-bfce-5de375d1edff" daemon [_thread_blocked, id=17436, stack(0x000000cb36200000,0x000000cb36300000)]
  0x00000264fc9bee60 JavaThread "SCR Component Actor" daemon [_thread_blocked, id=11768, stack(0x000000cb36900000,0x000000cb36a00000)]
  0x00000264fca58d90 JavaThread "SCR Component Registry" daemon [_thread_blocked, id=19904, stack(0x000000cb36c00000,0x000000cb36d00000)]
  0x00000264fcc00fc0 JavaThread "Worker-JM" [_thread_blocked, id=15044, stack(0x000000cb36d00000,0x000000cb36e00000)]
  0x00000264fcd4c0c0 JavaThread "Worker-0" [_thread_blocked, id=23304, stack(0x000000cb37100000,0x000000cb37200000)]
  0x00000264fcd4ad80 JavaThread "Worker-1" [_thread_blocked, id=24872, stack(0x000000cb37200000,0x000000cb37300000)]
  0x00000264f6414c20 JavaThread "C1 CompilerThread2" daemon [_thread_blocked, id=22048, stack(0x000000cb35a00000,0x000000cb35b00000)]
  0x00000264fcd4b250 JavaThread "JNA Cleaner" daemon [_thread_blocked, id=13760, stack(0x000000cb37400000,0x000000cb37500000)]
  0x00000264fcd48700 JavaThread "pool-2-thread-1" [_thread_blocked, id=25112, stack(0x000000cb37800000,0x000000cb37900000)]
  0x00000264fcd4a3e0 JavaThread "pool-1-thread-1" [_thread_in_vm, id=25300, stack(0x000000cb37900000,0x000000cb37a00000)]
  0x00000264fd086030 JavaThread "C1 CompilerThread3" daemon [_thread_blocked, id=8860, stack(0x000000cb37a00000,0x000000cb37b00000)]
  0x00000264fcd4b720 JavaThread "Worker-2" [_thread_blocked, id=24064, stack(0x000000cb37b00000,0x000000cb37c00000)]
  0x00000264fe852d60 JavaThread "C2 CompilerThread1" daemon [_thread_in_native, id=22464, stack(0x000000cb35b00000,0x000000cb35c00000)]
  0x00000264fe852340 JavaThread "C2 CompilerThread2" daemon [_thread_blocked, id=5988, stack(0x000000cb35c00000,0x000000cb35d00000)]
  0x00000264fe851e30 JavaThread "C2 CompilerThread3" daemon [_thread_in_native, id=11792, stack(0x000000cb35d00000,0x000000cb35e00000)]
  0x00000264fe851920 JavaThread "C2 CompilerThread4" daemon [_thread_in_native, id=18636, stack(0x000000cb37c00000,0x000000cb37d00000)]
  0x00000264fe853270 JavaThread "C2 CompilerThread5" daemon [_thread_blocked, id=25012, stack(0x000000cb37d00000,0x000000cb37e00000)]
  0x00000264fe3fe640 JavaThread "C2 CompilerThread6" daemon [_thread_in_native, id=24424, stack(0x000000cb37e00000,0x000000cb37f00000)]
  0x00000264fe4004a0 JavaThread "C2 CompilerThread7" daemon [_thread_blocked, id=23680, stack(0x000000cb37f00000,0x000000cb38000000)]

Other Threads:
  0x00000264f62f4ac0 VMThread "VM Thread" [stack: 0x000000cb34e00000,0x000000cb34f00000] [id=18608]
  0x00000264fc039cc0 WatcherThread "VM Periodic Task Thread" [stack: 0x000000cb35f00000,0x000000cb36000000] [id=18868]
  0x00000264d9b4a9b0 WorkerThread "GC Thread#0" [stack: 0x000000cb34d00000,0x000000cb34e00000] [id=19900]
  0x00000264fc7741a0 WorkerThread "GC Thread#1" [stack: 0x000000cb36300000,0x000000cb36400000] [id=9236]
  0x00000264fca24b50 WorkerThread "GC Thread#2" [stack: 0x000000cb36400000,0x000000cb36500000] [id=1976]
  0x00000264fc90d410 WorkerThread "GC Thread#3" [stack: 0x000000cb36500000,0x000000cb36600000] [id=18856]
  0x00000264fc90d6b0 WorkerThread "GC Thread#4" [stack: 0x000000cb36600000,0x000000cb36700000] [id=25076]
  0x00000264fc90c6f0 WorkerThread "GC Thread#5" [stack: 0x000000cb36700000,0x000000cb36800000] [id=24332]
  0x00000264fc90c990 WorkerThread "GC Thread#6" [stack: 0x000000cb36800000,0x000000cb36900000] [id=23284]
  0x00000264fc90bc70 WorkerThread "GC Thread#7" [stack: 0x000000cb36a00000,0x000000cb36b00000] [id=23096]
  0x00000264fc90cc30 WorkerThread "GC Thread#8" [stack: 0x000000cb36b00000,0x000000cb36c00000] [id=7384]
  0x00000264fc8453a0 WorkerThread "GC Thread#9" [stack: 0x000000cb36e00000,0x000000cb36f00000] [id=8172]
  0x00000264fc8458e0 WorkerThread "GC Thread#10" [stack: 0x000000cb36f00000,0x000000cb37000000] [id=16244]
  0x00000264fc846600 WorkerThread "GC Thread#11" [stack: 0x000000cb37000000,0x000000cb37100000] [id=14272]
  0x00000264fc848580 WorkerThread "GC Thread#12" [stack: 0x000000cb37300000,0x000000cb37400000] [id=24528]

Threads with active compile tasks:
C2 CompilerThread0     6573 4606 %     4       org.objectweb.asm.ClassReader::readCode @ 2036 (5109 bytes)
C2 CompilerThread1     6573 4581       4       org.objectweb.asm.ClassReader::readMethod (1066 bytes)
C2 CompilerThread3     6574 4630   !   4       org.eclipse.osgi.internal.loader.classpath.ClasspathManager::findLocalClass (210 bytes)
C2 CompilerThread4     6574 4617       4       lombok.patcher.PatchScript$MethodPatcher::visitMethod (158 bytes)
C2 CompilerThread6     6574 4567 %     4       org.objectweb.asm.SymbolTable::<init> @ 98 (536 bytes)

VM state: not at safepoint (normal execution)

VM Mutex/Monitor currently owned by a thread: None

Heap address: 0x0000000080000000, size: 2048 MB, Compressed Oops mode: 32-bit

CDS archive(s) mapped at: [0x0000000800000000-0x0000000800ba0000-0x0000000800ba0000), size 12189696, SharedBaseAddress: 0x0000000800000000, ArchiveRelocationMode: 0.
Compressed class space mapped at: 0x0000000800c00000-0x0000000840c00000, reserved size: 1073741824
Narrow klass base: 0x0000000800000000, Narrow klass shift: 0, Narrow klass range: 0x100000000

GC Precious Log:
 CardTable entry size: 512
 CPUs: 16 total, 16 available
 Memory: 32696M
 Large Page Support: Disabled
 NUMA Support: Disabled
 Compressed Oops: Enabled (32-bit)
 Alignments: Space 512K, Generation 512K, Heap 2M
 Heap Min Capacity: 100M
 Heap Initial Capacity: 100M
 Heap Max Capacity: 2G
 Pre-touch: Disabled
 Parallel Workers: 13

Heap:
 PSYoungGen      total 23040K, used 21528K [0x00000000d5580000, 0x00000000d7000000, 0x0000000100000000)
  eden space 22016K, 93% used [0x00000000d5580000,0x00000000d6988ff0,0x00000000d6b00000)
  from space 1024K, 98% used [0x00000000d6f00000,0x00000000d6ffd250,0x00000000d7000000)
  to   space 2560K, 0% used [0x00000000d6b00000,0x00000000d6b00000,0x00000000d6d80000)
 ParOldGen       total 68608K, used 27062K [0x0000000080000000, 0x0000000084300000, 0x00000000d5580000)
  object space 68608K, 39% used [0x0000000080000000,0x0000000081a6da80,0x0000000084300000)
 Metaspace       used 34300K, committed 35136K, reserved 1114112K
  class space    used 3333K, committed 3712K, reserved 1048576K

Card table byte_map: [0x00000264d9500000,0x00000264d9910000] _byte_map_base: 0x00000264d9100000

Marking Bits: (ParMarkBitMap*) 0x00007fffbaa2fbb0
 Begin Bits: [0x00000264f0710000, 0x00000264f2710000)
 End Bits:   [0x00000264f2710000, 0x00000264f4710000)

Polling page: 0x00000264d92f0000

Metaspace:

Usage:
  Non-class:     30.24 MB used.
      Class:      3.26 MB used.
       Both:     33.50 MB used.

Virtual space:
  Non-class space:       64.00 MB reserved,      30.69 MB ( 48%) committed,  1 nodes.
      Class space:        1.00 GB reserved,       3.62 MB ( <1%) committed,  1 nodes.
             Both:        1.06 GB reserved,      34.31 MB (  3%) committed. 

Chunk freelists:
   Non-Class:  560.00 KB
       Class:  416.00 KB
        Both:  976.00 KB

MaxMetaspaceSize: unlimited
CompressedClassSpaceSize: 1.00 GB
Initial GC threshold: 21.00 MB
Current GC threshold: 35.00 MB
CDS: on
MetaspaceReclaimPolicy: balanced
 - commit_granule_bytes: 65536.
 - commit_granule_words: 8192.
 - virtual_space_node_default_size: 8388608.
 - enlarge_chunks_in_place: 1.
 - new_chunks_are_fully_committed: 0.
 - uncommit_free_chunks: 1.
 - use_allocation_guard: 0.


Internal statistics:

num_allocs_failed_limit: 3.
num_arena_births: 464.
num_arena_deaths: 14.
num_vsnodes_births: 2.
num_vsnodes_deaths: 0.
num_space_committed: 549.
num_space_uncommitted: 0.
num_chunks_returned_to_freelist: 17.
num_chunks_taken_from_freelist: 1685.
num_chunk_merges: 5.
num_chunk_splits: 1182.
num_chunks_enlarged: 872.
num_inconsistent_stats: 0.

CodeHeap 'non-profiled nmethods': size=119168Kb used=2209Kb max_used=2209Kb free=116958Kb
 bounds [0x00000264e9000000, 0x00000264e9270000, 0x00000264f0460000]
CodeHeap 'profiled nmethods': size=119104Kb used=9838Kb max_used=9838Kb free=109265Kb
 bounds [0x00000264e1bb0000, 0x00000264e2550000, 0x00000264e9000000]
CodeHeap 'non-nmethods': size=7488Kb used=2997Kb max_used=3051Kb free=4490Kb
 bounds [0x00000264e1460000, 0x00000264e1760000, 0x00000264e1bb0000]
 total_blobs=5215 nmethods=4590 adapters=535
 compilation: enabled
              stopped_count=0, restarted_count=0
 full_count=0

Compilation events (20 events):
Event: 6.432 Thread 0x00000264fe853270 nmethod 4573 0x00000264e9219a90 code [0x00000264e9219c00, 0x00000264e9219c98]
Event: 6.433 Thread 0x00000264fe853270 4572       4       java.util.regex.Pattern$BmpCharProperty::match (55 bytes)
Event: 6.435 Thread 0x00000264fe851e30 nmethod 4584 0x00000264e9219d90 code [0x00000264e9219fe0, 0x00000264e921ace0]
Event: 6.439 Thread 0x00000264fe851e30 4589       4       lombok.patcher.MethodTarget::matches (29 bytes)
Event: 6.439 Thread 0x00000264fe852340 nmethod 4598 0x00000264e921b910 code [0x00000264e921bb40, 0x00000264e921ca20]
Event: 6.442 Thread 0x00000264fe852340 4580       4       org.objectweb.asm.MethodWriter::visitVarInsn (302 bytes)
Event: 6.443 Thread 0x00000264fe853270 nmethod 4572 0x00000264e921d410 code [0x00000264e921d5c0, 0x00000264e921d808]
Event: 6.446 Thread 0x00000264fe853270 4583       4       org.objectweb.asm.MethodVisitor::visitVarInsn (17 bytes)
Event: 6.460 Thread 0x00000264fe852340 nmethod 4580 0x00000264e921db10 code [0x00000264e921dcc0, 0x00000264e921e178]
Event: 6.461 Thread 0x00000264fe852340 4605       4       java.util.regex.Pattern$GroupHead::match (47 bytes)
Event: 6.465 Thread 0x00000264fe853270 nmethod 4583 0x00000264e921e590 code [0x00000264e921e740, 0x00000264e921ec58]
Event: 6.468 Thread 0x00000264fe852340 nmethod 4605 0x00000264e921f090 code [0x00000264e921f220, 0x00000264e921f358]
Event: 6.474 Thread 0x00000264fe852340 4629   !   4       org.eclipse.osgi.storage.bundlefile.MRUBundleFileList::use (55 bytes)
Event: 6.479 Thread 0x00000264fe852340 nmethod 4629 0x00000264e921f510 code [0x00000264e921f6a0, 0x00000264e921fa18]
Event: 6.488 Thread 0x00000264fe851e30 nmethod 4589 0x00000264e921fc90 code [0x00000264e921fe40, 0x00000264e92205e8]
Event: 6.494 Thread 0x00000264fe851e30 4630   !   4       org.eclipse.osgi.internal.loader.classpath.ClasspathManager::findLocalClass (210 bytes)
Event: 6.504 Thread 0x00000264fe853270 4631   !   4       java.util.zip.ZipFile$ZipFileInputStream::close (59 bytes)
Event: 6.504 Thread 0x00000264fe852340 4632       4       java.util.Collections$SetFromMap::remove (19 bytes)
Event: 6.515 Thread 0x00000264fe4004a0 nmethod 4611 0x00000264e9220a90 code [0x00000264e9220d40, 0x00000264e9222c90]
Event: 6.520 Thread 0x00000264fe4004a0 4633       4       java.util.WeakHashMap::remove (131 bytes)

GC Heap History (20 events):
Event: 3.927 GC heap before
{Heap before GC invocations=8 (full 1):
 PSYoungGen      total 29696K, used 24576K [0x00000000d5580000, 0x00000000d7900000, 0x0000000100000000)
  eden space 24576K, 100% used [0x00000000d5580000,0x00000000d6d80000,0x00000000d6d80000)
  from space 5120K, 0% used [0x00000000d7300000,0x00000000d7300000,0x00000000d7800000)
  to   space 5632K, 0% used [0x00000000d6d80000,0x00000000d6d80000,0x00000000d7300000)
 ParOldGen       total 68608K, used 8966K [0x0000000080000000, 0x0000000084300000, 0x00000000d5580000)
  object space 68608K, 13% used [0x0000000080000000,0x00000000808c1820,0x0000000084300000)
 Metaspace       used 25403K, committed 26112K, reserved 1114112K
  class space    used 2425K, committed 2688K, reserved 1048576K
}
Event: 3.929 GC heap after
{Heap after GC invocations=8 (full 1):
 PSYoungGen      total 26112K, used 1731K [0x00000000d5580000, 0x00000000d7380000, 0x0000000100000000)
  eden space 24064K, 0% used [0x00000000d5580000,0x00000000d5580000,0x00000000d6d00000)
  from space 2048K, 84% used [0x00000000d6d80000,0x00000000d6f30c90,0x00000000d6f80000)
  to   space 3072K, 0% used [0x00000000d7080000,0x00000000d7080000,0x00000000d7380000)
 ParOldGen       total 68608K, used 8974K [0x0000000080000000, 0x0000000084300000, 0x00000000d5580000)
  object space 68608K, 13% used [0x0000000080000000,0x00000000808c3820,0x0000000084300000)
 Metaspace       used 25403K, committed 26112K, reserved 1114112K
  class space    used 2425K, committed 2688K, reserved 1048576K
}
Event: 4.472 GC heap before
{Heap before GC invocations=9 (full 1):
 PSYoungGen      total 26112K, used 25795K [0x00000000d5580000, 0x00000000d7380000, 0x0000000100000000)
  eden space 24064K, 100% used [0x00000000d5580000,0x00000000d6d00000,0x00000000d6d00000)
  from space 2048K, 84% used [0x00000000d6d80000,0x00000000d6f30c90,0x00000000d6f80000)
  to   space 3072K, 0% used [0x00000000d7080000,0x00000000d7080000,0x00000000d7380000)
 ParOldGen       total 68608K, used 8974K [0x0000000080000000, 0x0000000084300000, 0x00000000d5580000)
  object space 68608K, 13% used [0x0000000080000000,0x00000000808c3820,0x0000000084300000)
 Metaspace       used 28415K, committed 29184K, reserved 1114112K
  class space    used 2743K, committed 3072K, reserved 1048576K
}
Event: 4.476 GC heap after
{Heap after GC invocations=9 (full 1):
 PSYoungGen      total 26624K, used 3046K [0x00000000d5580000, 0x00000000d7380000, 0x0000000100000000)
  eden space 23552K, 0% used [0x00000000d5580000,0x00000000d5580000,0x00000000d6c80000)
  from space 3072K, 99% used [0x00000000d7080000,0x00000000d7379938,0x00000000d7380000)
  to   space 3584K, 0% used [0x00000000d6c80000,0x00000000d6c80000,0x00000000d7000000)
 ParOldGen       total 68608K, used 9078K [0x0000000080000000, 0x0000000084300000, 0x00000000d5580000)
  object space 68608K, 13% used [0x0000000080000000,0x00000000808dd820,0x0000000084300000)
 Metaspace       used 28415K, committed 29184K, reserved 1114112K
  class space    used 2743K, committed 3072K, reserved 1048576K
}
Event: 4.605 GC heap before
{Heap before GC invocations=10 (full 1):
 PSYoungGen      total 26624K, used 26598K [0x00000000d5580000, 0x00000000d7380000, 0x0000000100000000)
  eden space 23552K, 100% used [0x00000000d5580000,0x00000000d6c80000,0x00000000d6c80000)
  from space 3072K, 99% used [0x00000000d7080000,0x00000000d7379938,0x00000000d7380000)
  to   space 3584K, 0% used [0x00000000d6c80000,0x00000000d6c80000,0x00000000d7000000)
 ParOldGen       total 68608K, used 9078K [0x0000000080000000, 0x0000000084300000, 0x00000000d5580000)
  object space 68608K, 13% used [0x0000000080000000,0x00000000808dd820,0x0000000084300000)
 Metaspace       used 28597K, committed 29376K, reserved 1114112K
  class space    used 2761K, committed 3072K, reserved 1048576K
}
Event: 4.608 GC heap after
{Heap after GC invocations=10 (full 1):
 PSYoungGen      total 26624K, used 3558K [0x00000000d5580000, 0x00000000d7800000, 0x0000000100000000)
  eden space 23040K, 0% used [0x00000000d5580000,0x00000000d5580000,0x00000000d6c00000)
  from space 3584K, 99% used [0x00000000d6c80000,0x00000000d6ff9938,0x00000000d7000000)
  to   space 6144K, 0% used [0x00000000d7200000,0x00000000d7200000,0x00000000d7800000)
 ParOldGen       total 68608K, used 10770K [0x0000000080000000, 0x0000000084300000, 0x00000000d5580000)
  object space 68608K, 15% used [0x0000000080000000,0x0000000080a84910,0x0000000084300000)
 Metaspace       used 28597K, committed 29376K, reserved 1114112K
  class space    used 2761K, committed 3072K, reserved 1048576K
}
Event: 4.699 GC heap before
{Heap before GC invocations=11 (full 1):
 PSYoungGen      total 26624K, used 26598K [0x00000000d5580000, 0x00000000d7800000, 0x0000000100000000)
  eden space 23040K, 100% used [0x00000000d5580000,0x00000000d6c00000,0x00000000d6c00000)
  from space 3584K, 99% used [0x00000000d6c80000,0x00000000d6ff9938,0x00000000d7000000)
  to   space 6144K, 0% used [0x00000000d7200000,0x00000000d7200000,0x00000000d7800000)
 ParOldGen       total 68608K, used 10770K [0x0000000080000000, 0x0000000084300000, 0x00000000d5580000)
  object space 68608K, 15% used [0x0000000080000000,0x0000000080a84910,0x0000000084300000)
 Metaspace       used 28669K, committed 29504K, reserved 1114112K
  class space    used 2772K, committed 3136K, reserved 1048576K
}
Event: 4.703 GC heap after
{Heap after GC invocations=11 (full 1):
 PSYoungGen      total 27136K, used 4352K [0x00000000d5580000, 0x00000000d7680000, 0x0000000100000000)
  eden space 22528K, 0% used [0x00000000d5580000,0x00000000d5580000,0x00000000d6b80000)
  from space 4608K, 94% used [0x00000000d7200000,0x00000000d7640020,0x00000000d7680000)
  to   space 5120K, 0% used [0x00000000d6c80000,0x00000000d6c80000,0x00000000d7180000)
 ParOldGen       total 68608K, used 13262K [0x0000000080000000, 0x0000000084300000, 0x00000000d5580000)
  object space 68608K, 19% used [0x0000000080000000,0x0000000080cf3b68,0x0000000084300000)
 Metaspace       used 28669K, committed 29504K, reserved 1114112K
  class space    used 2772K, committed 3136K, reserved 1048576K
}
Event: 4.761 GC heap before
{Heap before GC invocations=12 (full 1):
 PSYoungGen      total 27136K, used 26880K [0x00000000d5580000, 0x00000000d7680000, 0x0000000100000000)
  eden space 22528K, 100% used [0x00000000d5580000,0x00000000d6b80000,0x00000000d6b80000)
  from space 4608K, 94% used [0x00000000d7200000,0x00000000d7640020,0x00000000d7680000)
  to   space 5120K, 0% used [0x00000000d6c80000,0x00000000d6c80000,0x00000000d7180000)
 ParOldGen       total 68608K, used 13262K [0x0000000080000000, 0x0000000084300000, 0x00000000d5580000)
  object space 68608K, 19% used [0x0000000080000000,0x0000000080cf3b68,0x0000000084300000)
 Metaspace       used 28669K, committed 29504K, reserved 1114112K
  class space    used 2772K, committed 3136K, reserved 1048576K
}
Event: 4.766 GC heap after
{Heap after GC invocations=12 (full 1):
 PSYoungGen      total 25088K, used 2592K [0x00000000d5580000, 0x00000000d7280000, 0x0000000100000000)
  eden space 22016K, 0% used [0x00000000d5580000,0x00000000d5580000,0x00000000d6b00000)
  from space 3072K, 84% used [0x00000000d6c80000,0x00000000d6f08000,0x00000000d6f80000)
  to   space 3072K, 0% used [0x00000000d6f80000,0x00000000d6f80000,0x00000000d7280000)
 ParOldGen       total 68608K, used 17517K [0x0000000080000000, 0x0000000084300000, 0x00000000d5580000)
  object space 68608K, 25% used [0x0000000080000000,0x000000008111b778,0x0000000084300000)
 Metaspace       used 28669K, committed 29504K, reserved 1114112K
  class space    used 2772K, committed 3136K, reserved 1048576K
}
Event: 4.813 GC heap before
{Heap before GC invocations=13 (full 1):
 PSYoungGen      total 25088K, used 24608K [0x00000000d5580000, 0x00000000d7280000, 0x0000000100000000)
  eden space 22016K, 100% used [0x00000000d5580000,0x00000000d6b00000,0x00000000d6b00000)
  from space 3072K, 84% used [0x00000000d6c80000,0x00000000d6f08000,0x00000000d6f80000)
  to   space 3072K, 0% used [0x00000000d6f80000,0x00000000d6f80000,0x00000000d7280000)
 ParOldGen       total 68608K, used 17517K [0x0000000080000000, 0x0000000084300000, 0x00000000d5580000)
  object space 68608K, 25% used [0x0000000080000000,0x000000008111b778,0x0000000084300000)
 Metaspace       used 28669K, committed 29504K, reserved 1114112K
  class space    used 2772K, committed 3136K, reserved 1048576K
}
Event: 4.817 GC heap after
{Heap after GC invocations=13 (full 1):
 PSYoungGen      total 25088K, used 2752K [0x00000000d5580000, 0x00000000d7280000, 0x0000000100000000)
  eden space 22016K, 0% used [0x00000000d5580000,0x00000000d5580000,0x00000000d6b00000)
  from space 3072K, 89% used [0x00000000d6f80000,0x00000000d7230010,0x00000000d7280000)
  to   space 3072K, 0% used [0x00000000d6c80000,0x00000000d6c80000,0x00000000d6f80000)
 ParOldGen       total 68608K, used 19941K [0x0000000080000000, 0x0000000084300000, 0x00000000d5580000)
  object space 68608K, 29% used [0x0000000080000000,0x0000000081379778,0x0000000084300000)
 Metaspace       used 28669K, committed 29504K, reserved 1114112K
  class space    used 2772K, committed 3136K, reserved 1048576K
}
Event: 5.421 GC heap before
{Heap before GC invocations=14 (full 1):
 PSYoungGen      total 25088K, used 24768K [0x00000000d5580000, 0x00000000d7280000, 0x0000000100000000)
  eden space 22016K, 100% used [0x00000000d5580000,0x00000000d6b00000,0x00000000d6b00000)
  from space 3072K, 89% used [0x00000000d6f80000,0x00000000d7230010,0x00000000d7280000)
  to   space 3072K, 0% used [0x00000000d6c80000,0x00000000d6c80000,0x00000000d6f80000)
 ParOldGen       total 68608K, used 19941K [0x0000000080000000, 0x0000000084300000, 0x00000000d5580000)
  object space 68608K, 29% used [0x0000000080000000,0x0000000081379778,0x0000000084300000)
 Metaspace       used 29484K, committed 30272K, reserved 1114112K
  class space    used 2853K, committed 3200K, reserved 1048576K
}
Event: 5.424 GC heap after
{Heap after GC invocations=14 (full 1):
 PSYoungGen      total 25088K, used 2752K [0x00000000d5580000, 0x00000000d7100000, 0x0000000100000000)
  eden space 22016K, 0% used [0x00000000d5580000,0x00000000d5580000,0x00000000d6b00000)
  from space 3072K, 89% used [0x00000000d6c80000,0x00000000d6f30300,0x00000000d6f80000)
  to   space 1536K, 0% used [0x00000000d6f80000,0x00000000d6f80000,0x00000000d7100000)
 ParOldGen       total 68608K, used 22573K [0x0000000080000000, 0x0000000084300000, 0x00000000d5580000)
  object space 68608K, 32% used [0x0000000080000000,0x000000008160b788,0x0000000084300000)
 Metaspace       used 29484K, committed 30272K, reserved 1114112K
  class space    used 2853K, committed 3200K, reserved 1048576K
}
Event: 5.743 GC heap before
{Heap before GC invocations=15 (full 1):
 PSYoungGen      total 25088K, used 24768K [0x00000000d5580000, 0x00000000d7100000, 0x0000000100000000)
  eden space 22016K, 100% used [0x00000000d5580000,0x00000000d6b00000,0x00000000d6b00000)
  from space 3072K, 89% used [0x00000000d6c80000,0x00000000d6f30300,0x00000000d6f80000)
  to   space 1536K, 0% used [0x00000000d6f80000,0x00000000d6f80000,0x00000000d7100000)
 ParOldGen       total 68608K, used 22573K [0x0000000080000000, 0x0000000084300000, 0x00000000d5580000)
  object space 68608K, 32% used [0x0000000080000000,0x000000008160b788,0x0000000084300000)
 Metaspace       used 31174K, committed 32000K, reserved 1114112K
  class space    used 3015K, committed 3392K, reserved 1048576K
}
Event: 5.745 GC heap after
{Heap after GC invocations=15 (full 1):
 PSYoungGen      total 23552K, used 1080K [0x00000000d5580000, 0x00000000d7100000, 0x0000000100000000)
  eden space 22016K, 0% used [0x00000000d5580000,0x00000000d5580000,0x00000000d6b00000)
  from space 1536K, 70% used [0x00000000d6f80000,0x00000000d708e368,0x00000000d7100000)
  to   space 2048K, 0% used [0x00000000d6d00000,0x00000000d6d00000,0x00000000d6f00000)
 ParOldGen       total 68608K, used 25161K [0x0000000080000000, 0x0000000084300000, 0x00000000d5580000)
  object space 68608K, 36% used [0x0000000080000000,0x0000000081892528,0x0000000084300000)
 Metaspace       used 31174K, committed 32000K, reserved 1114112K
  class space    used 3015K, committed 3392K, reserved 1048576K
}
Event: 6.165 GC heap before
{Heap before GC invocations=16 (full 1):
 PSYoungGen      total 23552K, used 23096K [0x00000000d5580000, 0x00000000d7100000, 0x0000000100000000)
  eden space 22016K, 100% used [0x00000000d5580000,0x00000000d6b00000,0x00000000d6b00000)
  from space 1536K, 70% used [0x00000000d6f80000,0x00000000d708e368,0x00000000d7100000)
  to   space 2048K, 0% used [0x00000000d6d00000,0x00000000d6d00000,0x00000000d6f00000)
 ParOldGen       total 68608K, used 25161K [0x0000000080000000, 0x0000000084300000, 0x00000000d5580000)
  object space 68608K, 36% used [0x0000000080000000,0x0000000081892528,0x0000000084300000)
 Metaspace       used 32631K, committed 33408K, reserved 1114112K
  class space    used 3190K, committed 3520K, reserved 1048576K
}
Event: 6.166 GC heap after
{Heap after GC invocations=16 (full 1):
 PSYoungGen      total 24064K, used 736K [0x00000000d5580000, 0x00000000d7000000, 0x0000000100000000)
  eden space 22016K, 0% used [0x00000000d5580000,0x00000000d5580000,0x00000000d6b00000)
  from space 2048K, 35% used [0x00000000d6d00000,0x00000000d6db8000,0x00000000d6f00000)
  to   space 1024K, 0% used [0x00000000d6f00000,0x00000000d6f00000,0x00000000d7000000)
 ParOldGen       total 68608K, used 25976K [0x0000000080000000, 0x0000000084300000, 0x00000000d5580000)
  object space 68608K, 37% used [0x0000000080000000,0x000000008195e010,0x0000000084300000)
 Metaspace       used 32631K, committed 33408K, reserved 1114112K
  class space    used 3190K, committed 3520K, reserved 1048576K
}
Event: 6.352 GC heap before
{Heap before GC invocations=17 (full 1):
 PSYoungGen      total 24064K, used 22752K [0x00000000d5580000, 0x00000000d7000000, 0x0000000100000000)
  eden space 22016K, 100% used [0x00000000d5580000,0x00000000d6b00000,0x00000000d6b00000)
  from space 2048K, 35% used [0x00000000d6d00000,0x00000000d6db8000,0x00000000d6f00000)
  to   space 1024K, 0% used [0x00000000d6f00000,0x00000000d6f00000,0x00000000d7000000)
 ParOldGen       total 68608K, used 25976K [0x0000000080000000, 0x0000000084300000, 0x00000000d5580000)
  object space 68608K, 37% used [0x0000000080000000,0x000000008195e010,0x0000000084300000)
 Metaspace       used 33399K, committed 34176K, reserved 1114112K
  class space    used 3250K, committed 3584K, reserved 1048576K
}
Event: 6.358 GC heap after
{Heap after GC invocations=17 (full 1):
 PSYoungGen      total 23040K, used 1012K [0x00000000d5580000, 0x00000000d7000000, 0x0000000100000000)
  eden space 22016K, 0% used [0x00000000d5580000,0x00000000d5580000,0x00000000d6b00000)
  from space 1024K, 98% used [0x00000000d6f00000,0x00000000d6ffd250,0x00000000d7000000)
  to   space 2560K, 0% used [0x00000000d6b00000,0x00000000d6b00000,0x00000000d6d80000)
 ParOldGen       total 68608K, used 27062K [0x0000000080000000, 0x0000000084300000, 0x00000000d5580000)
  object space 68608K, 39% used [0x0000000080000000,0x0000000081a6da80,0x0000000084300000)
 Metaspace       used 33399K, committed 34176K, reserved 1114112K
  class space    used 3250K, committed 3584K, reserved 1048576K
}

Deoptimization events (20 events):
Event: 6.324 Thread 0x00000264fcd4a3e0 Uncommon trap: trap_request=0xffffffde fr.pc=0x00000264e90fbe7c relative=0x0000000000007d7c
Event: 6.324 Thread 0x00000264fcd4a3e0 Uncommon trap: reason=class_check action=maybe_recompile pc=0x00000264e90fbe7c method=lombok.patcher.PatchScript$MethodPatcher.visitMethod(ILjava/lang/String;Ljava/lang/String;Ljava/lang/String;[Ljava/lang/String;)Lorg/objectweb/asm/MethodVisitor; @ 101 c
Event: 6.325 Thread 0x00000264fcd4a3e0 DEOPT PACKING pc=0x00000264e90fbe7c sp=0x000000cb379f9710
Event: 6.325 Thread 0x00000264fcd4a3e0 DEOPT UNPACKING pc=0x00000264e14b20a3 sp=0x000000cb379f96b8 mode 2
Event: 6.340 Thread 0x00000264fcd4a3e0 DEOPT PACKING pc=0x00000264e20a0edb sp=0x000000cb379f98a0
Event: 6.340 Thread 0x00000264fcd4a3e0 DEOPT UNPACKING pc=0x00000264e14b2843 sp=0x000000cb379f8da0 mode 0
Event: 6.368 Thread 0x00000264fcd4a3e0 DEOPT PACKING pc=0x00000264e20a0edb sp=0x000000cb379f98a0
Event: 6.368 Thread 0x00000264fcd4a3e0 DEOPT UNPACKING pc=0x00000264e14b2843 sp=0x000000cb379f8da0 mode 0
Event: 6.375 Thread 0x00000264fcd4a3e0 DEOPT PACKING pc=0x00000264e20a0edb sp=0x000000cb379f98a0
Event: 6.375 Thread 0x00000264fcd4a3e0 DEOPT UNPACKING pc=0x00000264e14b2843 sp=0x000000cb379f8da0 mode 0
Event: 6.380 Thread 0x00000264fcd4a3e0 DEOPT PACKING pc=0x00000264e20a0edb sp=0x000000cb379f98a0
Event: 6.380 Thread 0x00000264fcd4a3e0 DEOPT UNPACKING pc=0x00000264e14b2843 sp=0x000000cb379f8da0 mode 0
Event: 6.386 Thread 0x00000264fcd4a3e0 DEOPT PACKING pc=0x00000264e20a0edb sp=0x000000cb379f98a0
Event: 6.386 Thread 0x00000264fcd4a3e0 DEOPT UNPACKING pc=0x00000264e14b2843 sp=0x000000cb379f8da0 mode 0
Event: 6.391 Thread 0x00000264fcd4a3e0 DEOPT PACKING pc=0x00000264e20a0edb sp=0x000000cb379f98a0
Event: 6.392 Thread 0x00000264fcd4a3e0 DEOPT UNPACKING pc=0x00000264e14b2843 sp=0x000000cb379f8da0 mode 0
Event: 6.396 Thread 0x00000264fcd4a3e0 DEOPT PACKING pc=0x00000264e20a0edb sp=0x000000cb379f98a0
Event: 6.396 Thread 0x00000264fcd4a3e0 DEOPT UNPACKING pc=0x00000264e14b2843 sp=0x000000cb379f8da0 mode 0
Event: 6.399 Thread 0x00000264fcd4a3e0 DEOPT PACKING pc=0x00000264e20a0edb sp=0x000000cb379f98a0
Event: 6.399 Thread 0x00000264fcd4a3e0 DEOPT UNPACKING pc=0x00000264e14b2843 sp=0x000000cb379f8da0 mode 0

Classes loaded (20 events):
Event: 5.078 Loading class java/util/stream/Nodes$CollectorTask$OfRef
Event: 5.078 Loading class java/util/stream/Nodes$CollectorTask
Event: 5.078 Loading class java/util/stream/Nodes$CollectorTask done
Event: 5.078 Loading class java/util/stream/Nodes$CollectorTask$OfRef done
Event: 5.078 Loading class java/util/function/LongFunction
Event: 5.078 Loading class java/util/function/LongFunction done
Event: 5.079 Loading class java/util/stream/Nodes$ConcNode
Event: 5.079 Loading class java/util/stream/Nodes$AbstractConcNode
Event: 5.079 Loading class java/util/stream/Nodes$AbstractConcNode done
Event: 5.079 Loading class java/util/stream/Nodes$ConcNode done
Event: 5.539 Loading class java/util/AbstractList$ListItr
Event: 5.540 Loading class java/util/AbstractList$ListItr done
Event: 5.632 Loading class java/lang/ExceptionInInitializerError
Event: 5.632 Loading class java/lang/ExceptionInInitializerError done
Event: 5.980 Loading class java/util/Vector$1
Event: 5.980 Loading class java/util/Vector$1 done
Event: 6.179 Loading class java/util/Collections$UnmodifiableSortedSet
Event: 6.179 Loading class java/util/Collections$UnmodifiableSortedSet done
Event: 6.222 Loading class java/util/regex/Pattern$Caret
Event: 6.223 Loading class java/util/regex/Pattern$Caret done

Classes unloaded (7 events):
Event: 3.357 Thread 0x00000264f62f4ac0 Unloading class 0x0000000800d4bc00 'java/lang/invoke/LambdaForm$MH+0x0000000800d4bc00'
Event: 3.357 Thread 0x00000264f62f4ac0 Unloading class 0x0000000800d4b800 'java/lang/invoke/LambdaForm$MH+0x0000000800d4b800'
Event: 3.357 Thread 0x00000264f62f4ac0 Unloading class 0x0000000800d4b400 'java/lang/invoke/LambdaForm$MH+0x0000000800d4b400'
Event: 3.357 Thread 0x00000264f62f4ac0 Unloading class 0x0000000800d4b000 'java/lang/invoke/LambdaForm$MH+0x0000000800d4b000'
Event: 3.357 Thread 0x00000264f62f4ac0 Unloading class 0x0000000800d4ac00 'java/lang/invoke/LambdaForm$BMH+0x0000000800d4ac00'
Event: 3.357 Thread 0x00000264f62f4ac0 Unloading class 0x0000000800d4a800 'java/lang/invoke/LambdaForm$DMH+0x0000000800d4a800'
Event: 3.357 Thread 0x00000264f62f4ac0 Unloading class 0x0000000800d49800 'java/lang/invoke/LambdaForm$DMH+0x0000000800d49800'

Classes redefined (0 events):
No events

Internal exceptions (20 events):
Event: 5.125 Thread 0x00000264fcd4a3e0 Exception <a 'sun/nio/fs/WindowsException'{0x00000000d683a3c8}> (0x00000000d683a3c8) 
thrown [s\open\src\hotspot\share\prims\jni.cpp, line 516]
Event: 5.137 Thread 0x00000264fcd4a3e0 Exception <a 'sun/nio/fs/WindowsException'{0x00000000d6867170}> (0x00000000d6867170) 
thrown [s\open\src\hotspot\share\prims\jni.cpp, line 516]
Event: 5.139 Thread 0x00000264fcd4a3e0 Exception <a 'sun/nio/fs/WindowsException'{0x00000000d686da78}> (0x00000000d686da78) 
thrown [s\open\src\hotspot\share\prims\jni.cpp, line 516]
Event: 5.140 Thread 0x00000264fcd4a3e0 Exception <a 'sun/nio/fs/WindowsException'{0x00000000d6873c80}> (0x00000000d6873c80) 
thrown [s\open\src\hotspot\share\prims\jni.cpp, line 516]
Event: 5.142 Thread 0x00000264fcd4a3e0 Exception <a 'sun/nio/fs/WindowsException'{0x00000000d6879f80}> (0x00000000d6879f80) 
thrown [s\open\src\hotspot\share\prims\jni.cpp, line 516]
Event: 5.147 Thread 0x00000264fcd4a3e0 Exception <a 'sun/nio/fs/WindowsException'{0x00000000d6886df0}> (0x00000000d6886df0) 
thrown [s\open\src\hotspot\share\prims\jni.cpp, line 516]
Event: 5.173 Thread 0x00000264fcd4a3e0 Exception <a 'sun/nio/fs/WindowsException'{0x00000000d68e6080}> (0x00000000d68e6080) 
thrown [s\open\src\hotspot\share\prims\jni.cpp, line 516]
Event: 5.182 Thread 0x00000264fcd4a3e0 Exception <a 'sun/nio/fs/WindowsException'{0x00000000d690cf88}> (0x00000000d690cf88) 
thrown [s\open\src\hotspot\share\prims\jni.cpp, line 516]
Event: 5.184 Thread 0x00000264fcd4a3e0 Exception <a 'sun/nio/fs/WindowsException'{0x00000000d6913e20}> (0x00000000d6913e20) 
thrown [s\open\src\hotspot\share\prims\jni.cpp, line 516]
Event: 5.189 Thread 0x00000264fcd4a3e0 Exception <a 'sun/nio/fs/WindowsException'{0x00000000d6924c98}> (0x00000000d6924c98) 
thrown [s\open\src\hotspot\share\prims\jni.cpp, line 516]
Event: 5.189 Thread 0x00000264fcd4a3e0 Exception <a 'sun/nio/fs/WindowsException'{0x00000000d6926910}> (0x00000000d6926910) 
thrown [s\open\src\hotspot\share\prims\jni.cpp, line 516]
Event: 5.189 Thread 0x00000264fcd4a3e0 Exception <a 'sun/nio/fs/WindowsException'{0x00000000d69270e8}> (0x00000000d69270e8) 
thrown [s\open\src\hotspot\share\prims\jni.cpp, line 516]
Event: 5.189 Thread 0x00000264fcd4a3e0 Exception <a 'sun/nio/fs/WindowsException'{0x00000000d6927538}> (0x00000000d6927538) 
thrown [s\open\src\hotspot\share\prims\jni.cpp, line 516]
Event: 5.190 Thread 0x00000264fcd4a3e0 Exception <a 'sun/nio/fs/WindowsException'{0x00000000d6928248}> (0x00000000d6928248) 
thrown [s\open\src\hotspot\share\prims\jni.cpp, line 516]
Event: 5.192 Thread 0x00000264fcd4a3e0 Exception <a 'java/io/FileNotFoundException'{0x00000000d6931a80}> (0x00000000d6931a80) 
thrown [s\open\src\hotspot\share\prims\jni.cpp, line 516]
Event: 5.198 Thread 0x00000264fcd4a3e0 Exception <a 'java/io/FileNotFoundException'{0x00000000d694c648}> (0x00000000d694c648) 
thrown [s\open\src\hotspot\share\prims\jni.cpp, line 516]
Event: 5.200 Thread 0x00000264fcd4a3e0 Exception <a 'sun/nio/fs/WindowsException'{0x00000000d69543e8}> (0x00000000d69543e8) 
thrown [s\open\src\hotspot\share\prims\jni.cpp, line 516]
Event: 5.210 Thread 0x00000264fcd4a3e0 Exception <a 'sun/nio/fs/WindowsException'{0x00000000d697b3e0}> (0x00000000d697b3e0) 
thrown [s\open\src\hotspot\share\prims\jni.cpp, line 516]
Event: 5.218 Thread 0x00000264fcd4a3e0 Exception <a 'sun/nio/fs/WindowsException'{0x00000000d699f5c0}> (0x00000000d699f5c0) 
thrown [s\open\src\hotspot\share\prims\jni.cpp, line 516]
Event: 5.645 Thread 0x00000264fcd4a3e0 Implicit null exception at 0x00000264e90e4648 to 0x00000264e90e4708

VM Operations (20 events):
Event: 4.605 Executing VM operation: ParallelGCFailedAllocation
Event: 4.608 Executing VM operation: ParallelGCFailedAllocation done
Event: 4.699 Executing VM operation: ParallelGCFailedAllocation
Event: 4.703 Executing VM operation: ParallelGCFailedAllocation done
Event: 4.724 Executing VM operation: HandshakeAllThreads
Event: 4.724 Executing VM operation: HandshakeAllThreads done
Event: 4.761 Executing VM operation: ParallelGCFailedAllocation
Event: 4.766 Executing VM operation: ParallelGCFailedAllocation done
Event: 4.813 Executing VM operation: ParallelGCFailedAllocation
Event: 4.817 Executing VM operation: ParallelGCFailedAllocation done
Event: 5.421 Executing VM operation: ParallelGCFailedAllocation
Event: 5.424 Executing VM operation: ParallelGCFailedAllocation done
Event: 5.582 Executing VM operation: HandshakeAllThreads
Event: 5.582 Executing VM operation: HandshakeAllThreads done
Event: 5.743 Executing VM operation: ParallelGCFailedAllocation
Event: 5.745 Executing VM operation: ParallelGCFailedAllocation done
Event: 6.165 Executing VM operation: ParallelGCFailedAllocation
Event: 6.166 Executing VM operation: ParallelGCFailedAllocation done
Event: 6.352 Executing VM operation: ParallelGCFailedAllocation
Event: 6.358 Executing VM operation: ParallelGCFailedAllocation done

Events (20 events):
Event: 5.184 Thread 0x00000264fda66230 Thread exited: 0x00000264fda66230
Event: 5.191 Thread 0x00000264fd965330 Thread exited: 0x00000264fd965330
Event: 5.192 Thread 0x00000264fd964e30 Thread exited: 0x00000264fd964e30
Event: 5.192 Thread 0x00000264fe1f3fb0 Thread exited: 0x00000264fe1f3fb0
Event: 5.297 Thread 0x00000264fdc562c0 Thread exited: 0x00000264fdc562c0
Event: 5.327 Thread 0x00000264fd78a900 Thread exited: 0x00000264fd78a900
Event: 5.327 Thread 0x00000264fce7e1a0 Thread exited: 0x00000264fce7e1a0
Event: 5.585 Thread 0x00000264fe852d60 Thread added: 0x00000264fe852d60
Event: 5.592 Thread 0x00000264fe852340 Thread added: 0x00000264fe852340
Event: 5.592 Thread 0x00000264fe853270 Thread added: 0x00000264fe853270
Event: 5.611 Thread 0x00000264fe851920 Thread added: 0x00000264fe851920
Event: 5.652 Thread 0x00000264fe851e30 Thread added: 0x00000264fe851e30
Event: 5.860 Thread 0x00000264fe851e30 Thread exited: 0x00000264fe851e30
Event: 5.925 Thread 0x00000264fe851920 Thread exited: 0x00000264fe851920
Event: 5.959 Thread 0x00000264fe853270 Thread exited: 0x00000264fe853270
Event: 6.341 Thread 0x00000264fe851e30 Thread added: 0x00000264fe851e30
Event: 6.345 Thread 0x00000264fe851920 Thread added: 0x00000264fe851920
Event: 6.372 Thread 0x00000264fe853270 Thread added: 0x00000264fe853270
Event: 6.378 Thread 0x00000264fe3fe640 Thread added: 0x00000264fe3fe640
Event: 6.387 Thread 0x00000264fe4004a0 Thread added: 0x00000264fe4004a0


Dynamic libraries:
0x00007ff7f7150000 - 0x00007ff7f7160000 	C:\Program Files\Java\jdk-18.0.2.1\bin\java.exe
0x00007ff83c050000 - 0x00007ff83c264000 	C:\WINDOWS\SYSTEM32\ntdll.dll
0x00007ff839e50000 - 0x00007ff839f12000 	C:\WINDOWS\System32\KERNEL32.DLL
0x00007ff839850000 - 0x00007ff839bed000 	C:\WINDOWS\System32\KERNELBASE.dll
0x00007ff839520000 - 0x00007ff839631000 	C:\WINDOWS\System32\ucrtbase.dll
0x00007ff830da0000 - 0x00007ff830db8000 	C:\Program Files\Java\jdk-18.0.2.1\bin\jli.dll
0x00007ff83bec0000 - 0x00007ff83bf6e000 	C:\WINDOWS\System32\ADVAPI32.dll
0x00007ff83a8c0000 - 0x00007ff83a967000 	C:\WINDOWS\System32\msvcrt.dll
0x00007ff839f20000 - 0x00007ff839fc4000 	C:\WINDOWS\System32\sechost.dll
0x00007ff829c10000 - 0x00007ff829c2a000 	C:\Program Files\Java\jdk-18.0.2.1\bin\VCRUNTIME140.dll
0x00007ff83b120000 - 0x00007ff83b235000 	C:\WINDOWS\System32\RPCRT4.dll
0x00007ff83b5d0000 - 0x00007ff83b77a000 	C:\WINDOWS\System32\USER32.dll
0x00007ff839640000 - 0x00007ff839666000 	C:\WINDOWS\System32\win32u.dll
0x00007ff81be20000 - 0x00007ff81c0ae000 	C:\WINDOWS\WinSxS\amd64_microsoft.windows.common-controls_6595b64144ccf1df_6.0.22621.436_none_a94247dbc10d8414\COMCTL32.dll
0x00007ff83a7b0000 - 0x00007ff83a7d9000 	C:\WINDOWS\System32\GDI32.dll
0x00007ff839c70000 - 0x00007ff839d82000 	C:\WINDOWS\System32\gdi32full.dll
0x00007ff839480000 - 0x00007ff83951a000 	C:\WINDOWS\System32\msvcp_win.dll
0x00007ff830440000 - 0x00007ff83044a000 	C:\WINDOWS\SYSTEM32\VERSION.dll
0x00007ff83a870000 - 0x00007ff83a8a2000 	C:\WINDOWS\System32\IMM32.DLL
0x00007ff8349c0000 - 0x00007ff8349cc000 	C:\Program Files\Java\jdk-18.0.2.1\bin\vcruntime140_1.dll
0x00007ff8248e0000 - 0x00007ff82496d000 	C:\Program Files\Java\jdk-18.0.2.1\bin\msvcp140.dll
0x00007fffb9ee0000 - 0x00007fffbaaf1000 	C:\Program Files\Java\jdk-18.0.2.1\bin\server\jvm.dll
0x00007ff83a8b0000 - 0x00007ff83a8b8000 	C:\WINDOWS\System32\PSAPI.DLL
0x00007ff830450000 - 0x00007ff830484000 	C:\WINDOWS\SYSTEM32\WINMM.dll
0x00007fffea4f0000 - 0x00007fffea4f9000 	C:\WINDOWS\SYSTEM32\WSOCK32.dll
0x00007ff83bc00000 - 0x00007ff83bc71000 	C:\WINDOWS\System32\WS2_32.dll
0x00007ff838550000 - 0x00007ff838568000 	C:\WINDOWS\SYSTEM32\kernel.appcore.dll
0x00007ff830d90000 - 0x00007ff830d9a000 	C:\Program Files\Java\jdk-18.0.2.1\bin\jimage.dll
0x00007ff831140000 - 0x00007ff83136e000 	C:\WINDOWS\SYSTEM32\DBGHELP.DLL
0x00007ff83b240000 - 0x00007ff83b5ca000 	C:\WINDOWS\System32\combase.dll
0x00007ff83b040000 - 0x00007ff83b117000 	C:\WINDOWS\System32\OLEAUT32.dll
0x00007ff82c380000 - 0x00007ff82c3b2000 	C:\WINDOWS\SYSTEM32\dbgcore.DLL
0x00007ff839bf0000 - 0x00007ff839c6b000 	C:\WINDOWS\System32\bcryptPrimitives.dll
0x00007ff830d60000 - 0x00007ff830d6e000 	C:\Program Files\Java\jdk-18.0.2.1\bin\instrument.dll
0x00007ff826ac0000 - 0x00007ff826ae5000 	C:\Program Files\Java\jdk-18.0.2.1\bin\java.dll
0x00007fffd32e0000 - 0x00007fffd33b6000 	C:\Program Files\Java\jdk-18.0.2.1\bin\jsvml.dll
0x00007ff839fd0000 - 0x00007ff83a7b0000 	C:\WINDOWS\System32\SHELL32.dll
0x00007ff837480000 - 0x00007ff837d45000 	C:\WINDOWS\SYSTEM32\windows.storage.dll
0x00007ff837340000 - 0x00007ff83747e000 	C:\WINDOWS\SYSTEM32\wintypes.dll
0x00007ff83a980000 - 0x00007ff83aa71000 	C:\WINDOWS\System32\SHCORE.dll
0x00007ff83aed0000 - 0x00007ff83af2e000 	C:\WINDOWS\System32\shlwapi.dll
0x00007ff8393b0000 - 0x00007ff8393d1000 	C:\WINDOWS\SYSTEM32\profapi.dll
0x00007ff81a120000 - 0x00007ff81a138000 	C:\Program Files\Java\jdk-18.0.2.1\bin\zip.dll
0x00007ff814060000 - 0x00007ff814073000 	C:\Program Files\Java\jdk-18.0.2.1\bin\net.dll
0x00007ff832930000 - 0x00007ff832a5f000 	C:\WINDOWS\SYSTEM32\WINHTTP.dll
0x00007ff8389f0000 - 0x00007ff838a59000 	C:\WINDOWS\system32\mswsock.dll
0x00007ff813d10000 - 0x00007ff813d26000 	C:\Program Files\Java\jdk-18.0.2.1\bin\nio.dll
0x00007ff830d20000 - 0x00007ff830d30000 	C:\Program Files\Java\jdk-18.0.2.1\bin\verify.dll
0x00007ff814c90000 - 0x00007ff814cce000 	C:\Users\Alex_Carl\AppData\Roaming\Code\User\globalStorage\redhat.java\1.12.0\config_ss_win\org.eclipse.equinox.launcher\org.eclipse.equinox.launcher.win32.win32.x86_64_1.2.600.v20220720-1916\eclipse_11700.dll
0x00007ff83bc90000 - 0x00007ff83be2c000 	C:\WINDOWS\System32\ole32.dll
0x00007ff830c80000 - 0x00007ff830c89000 	C:\Program Files\Java\jdk-18.0.2.1\bin\management.dll
0x00007ff82c0a0000 - 0x00007ff82c0ab000 	C:\Program Files\Java\jdk-18.0.2.1\bin\management_ext.dll
0x00007ff838d00000 - 0x00007ff838d1b000 	C:\WINDOWS\SYSTEM32\CRYPTSP.dll
0x00007ff838510000 - 0x00007ff838545000 	C:\WINDOWS\system32\rsaenh.dll
0x00007ff838a90000 - 0x00007ff838ab8000 	C:\WINDOWS\SYSTEM32\USERENV.dll
0x00007ff838e20000 - 0x00007ff838e48000 	C:\WINDOWS\SYSTEM32\bcrypt.dll
0x00007ff838ce0000 - 0x00007ff838cec000 	C:\WINDOWS\SYSTEM32\CRYPTBASE.dll
0x00007ff838010000 - 0x00007ff83803d000 	C:\WINDOWS\SYSTEM32\IPHLPAPI.DLL
0x00007ff83af30000 - 0x00007ff83af39000 	C:\WINDOWS\System32\NSI.dll
0x00007ff8332b0000 - 0x00007ff8332c9000 	C:\WINDOWS\SYSTEM32\dhcpcsvc6.DLL
0x00007ff833290000 - 0x00007ff8332af000 	C:\WINDOWS\SYSTEM32\dhcpcsvc.DLL
0x00007ff838080000 - 0x00007ff838172000 	C:\WINDOWS\SYSTEM32\DNSAPI.dll
0x00007ff804b80000 - 0x00007ff804bc0000 	C:\Users\Alex_Carl\AppData\Local\Temp\jna-693416089\jna7726736752835529640.dll

dbghelp: loaded successfully - version: 4.0.5 - missing functions: none
symbol engine: initialized successfully - sym options: 0x614 - pdb path: .;C:\Program Files\Java\jdk-18.0.2.1\bin;C:\WINDOWS\SYSTEM32;C:\WINDOWS\WinSxS\amd64_microsoft.windows.common-controls_6595b64144ccf1df_6.0.22621.436_none_a94247dbc10d8414;C:\Program Files\Java\jdk-18.0.2.1\bin\server;C:\Users\Alex_Carl\AppData\Roaming\Code\User\globalStorage\redhat.java\1.12.0\config_ss_win\org.eclipse.equinox.launcher\org.eclipse.equinox.launcher.win32.win32.x86_64_1.2.600.v20220720-1916;C:\Users\Alex_Carl\AppData\Local\Temp\jna-693416089

VM Arguments:
jvm_args: --add-modules=ALL-SYSTEM --add-opens=java.base/java.util=ALL-UNNAMED --add-opens=java.base/java.lang=ALL-UNNAMED --add-opens=java.base/sun.nio.fs=ALL-UNNAMED -Declipse.application=org.eclipse.jdt.ls.core.id1 -Dosgi.bundles.defaultStartLevel=4 -Declipse.product=org.eclipse.jdt.ls.core.product -Djava.import.generatesMetadataFilesAtProjectRoot=false -Dfile.encoding=utf8 -XX:+UseParallelGC -XX:GCTimeRatio=4 -XX:AdaptiveSizePolicyWeight=90 -Dsun.zip.disableMemoryMapping=true -Xmx2G -Xms100m -Xlog:disable -javaagent:c:\Users\Alex_Carl\.vscode\extensions\redhat.java-1.12.0-win32-x64\lombok\lombok-1.18.24.jar 
java_command: c:\Users\Alex_Carl\.vscode\extensions\redhat.java-1.12.0-win32-x64\server\plugins\org.eclipse.equinox.launcher_1.6.400.v20210924-0641.jar -configuration c:\Users\Alex_Carl\AppData\Roaming\Code\User\globalStorage\redhat.java\1.12.0\config_ss_win -data c:\Users\Alex_Carl\AppData\Roaming\Code\User\workspaceStorage\8fc2cf8042da9f67ae59f267ca66bdab\redhat.java\ss_ws
java_class_path (initial): c:\Users\Alex_Carl\.vscode\extensions\redhat.java-1.12.0-win32-x64\server\plugins\org.eclipse.equinox.launcher_1.6.400.v20210924-0641.jar
Launcher Type: SUN_STANDARD

[Global flags]
    uintx AdaptiveSizePolicyWeight                 = 90                                        {product} {command line}
     intx CICompilerCount                          = 12                                        {product} {ergonomic}
    uintx GCTimeRatio                              = 4                                         {product} {command line}
   size_t InitialHeapSize                          = 104857600                                 {product} {command line}
   size_t MaxHeapSize                              = 2147483648                                {product} {command line}
   size_t MaxNewSize                               = 715653120                                 {product} {ergonomic}
   size_t MinHeapDeltaBytes                        = 524288                                    {product} {ergonomic}
   size_t MinHeapSize                              = 104857600                                 {product} {command line}
   size_t NewSize                                  = 34603008                                  {product} {ergonomic}
    uintx NonNMethodCodeHeapSize                   = 7602480                                {pd product} {ergonomic}
    uintx NonProfiledCodeHeapSize                  = 122027880                              {pd product} {ergonomic}
   size_t OldSize                                  = 70254592                                  {product} {ergonomic}
    uintx ProfiledCodeHeapSize                     = 122027880                              {pd product} {ergonomic}
    uintx ReservedCodeCacheSize                    = 251658240                              {pd product} {ergonomic}
     bool SegmentedCodeCache                       = true                                      {product} {ergonomic}
   size_t SoftMaxHeapSize                          = 2147483648                             {manageable} {ergonomic}
     bool UseCompressedClassPointers               = true                           {product lp64_product} {ergonomic}
     bool UseCompressedOops                        = true                           {product lp64_product} {ergonomic}
     bool UseLargePagesIndividualAllocation        = false                                  {pd product} {ergonomic}
     bool UseParallelGC                            = true                                      {product} {command line}

Logging:
Log output configuration:
 #0: stdout all=off uptime,level,tags foldmultilines=false
 #1: stderr all=off uptime,level,tags foldmultilines=false

Environment Variables:
JAVA_HOME=C:\Program Files\Java\jdk-18.0.2.1
PATH=C:\Program Files\Common Files\Oracle\Java\javapath;C:\Program Files\Zulu\zulu-8\bin\;C:\Program Files (x86)\VMware\VMware Workstation\bin\;C:\Program Files\Microsoft\jdk-11.0.12.7-hotspot\bin;C:\WINDOWS\system32;C:\WINDOWS;C:\WINDOWS\System32\Wbem;C:\WINDOWS\System32\WindowsPowerShell\v1.0\;C:\WINDOWS\System32\OpenSSH\;C:\Program Files\Microsoft VS Code\bin;C:\xampp\php;C:\ProgramData\ComposerSetup\bin;C:\Program Files\Microsoft SQL Server\130\Tools\Binn\;C:\Program Files\Microsoft SQL Server\Client SDK\ODBC\170\Tools\Binn\;C:\Program Files (x86)\Microsoft SQL Server\150\Tools\Binn\;C:\Program Files\Microsoft SQL Server\150\Tools\Binn\;C:\Program Files\Microsoft SQL Server\150\DTS\Binn\;C:\Program Files (x86)\Microsoft SQL Server\150\DTS\Binn\;C:\Program Files\Azure Data Studio\bin;C:\Program Files\nodejs\;C:\ProgramData\chocolatey\bin;C:\WINDOWS\system32;C:\WINDOWS;C:\WINDOWS\System32\Wbem;C:\WINDOWS\System32\WindowsPowerShell\v1.0\;C:\WINDOWS\System32\OpenSSH\;C:\Users\Alex_Carl\AppData\Local\Programs\Python\Python310;C;C:\Program Files\Git\cmd;C:\Program Files\Gradle\gradle-7.4.2\bin;C:\Users\Alex_Carl\flutter\bin;C:\Program Files\dotnet\;C:\Users\Alex_Carl\AppData\Local\Programs\Python\Python310\Scripts\;C:\Users\Alex_Carl\AppData\Local\Programs\Python\Python310\;C:\Users\Alex_Carl\AppData\Local\Microsoft\WindowsApps;C:\Users\Alex_Carl\AppData\Roaming\Composer\vendor\bin;C:\Program Files\Azure Data Studio\bin;C:\Users\Alex_Carl\AppData\Roaming\npm;C:\Users\Alex_Carl\AppData\Local\GitHubDesktop\bin;C:\Program Files\JetBrains\IntelliJ IDEA Community Edition 2022.1.2\bin;;C:\Users\Alex_Carl\.dotnet\tools
USERNAME=Alex_Carl
OS=Windows_NT
PROCESSOR_IDENTIFIER=AMD64 Family 23 Model 8 Stepping 2, AuthenticAMD



---------------  S Y S T E M  ---------------

OS:
 Windows 11 , 64 bit Build 22621 (10.0.22621.746)
OS uptime: 0 days 7:58 hours
Hyper-V role detected

CPU: total 16 (initial active 16) (16 cores per cpu, 2 threads per core) family 23 model 8 stepping 2 microcode 0x0, cx8, cmov, fxsr, ht, mmx, 3dnowpref, sse, sse2, sse3, ssse3, sse4a, sse4.1, sse4.2, popcnt, lzcnt, tsc, tscinvbit, avx, avx2, aes, clmul, bmi1, bmi2, adx, sha, fma, vzeroupper, clflush, clflushopt, hv

Memory: 4k page, system-wide physical 32696M (16527M free)
TotalPageFile size 32696M (AvailPageFile size 15M)
current process WorkingSet (physical memory assigned to process): 195M, peak: 195M
current process commit charge ("private bytes"): 334M, peak: 334M

vm_info: Java HotSpot(TM) 64-Bit Server VM (18.0.2.1+1-1) for windows-amd64 JRE (18.0.2.1+1-1), built on Aug 16 2022 01:46:33 by "mach5one" with MS VC++ 16.8 / 16.9 (VS2019)

END.
