#
# There is insufficient memory for the Java Runtime Environment to continue.
# Native memory allocation (malloc) failed to allocate 2526416 bytes for Chunk::new
# Possible reasons:
#   The system is out of physical RAM or swap space
#   The process is running with CompressedOops enabled, and the Java Heap may be blocking the growth of the native heap
# Possible solutions:
#   Reduce memory load on the system
#   Increase physical memory or swap space
#   Check if swap backing store is full
#   Decrease Java heap size (-Xmx/-Xms)
#   Decrease number of Java threads
#   Decrease Java thread stack sizes (-Xss)
#   Set larger code cache with -XX:ReservedCodeCacheSize=
#   JVM is running with Unscaled Compressed Oops mode in which the Java heap is
#     placed in the first 4GB address space. The Java Heap base address is the
#     maximum limit for the native heap growth. Please use -XX:HeapBaseMinAddress
#     to set the Java Heap base and to place the Java Heap above 4GB virtual address.
# This output file may be truncated or incomplete.
#
#  Out of Memory Error (arena.cpp:184), pid=20504, tid=9240
#
# JRE version: Java(TM) SE Runtime Environment (18.0.2.1+1) (build 18.0.2.1+1-1)
# Java VM: Java HotSpot(TM) 64-Bit Server VM (18.0.2.1+1-1, mixed mode, sharing, tiered, compressed oops, compressed class ptrs, parallel gc, windows-amd64)
# No core dump will be written. Minidumps are not enabled by default on client versions of Windows
#

---------------  S U M M A R Y ------------

Command Line: --add-modules=ALL-SYSTEM --add-opens=java.base/java.util=ALL-UNNAMED --add-opens=java.base/java.lang=ALL-UNNAMED --add-opens=java.base/sun.nio.fs=ALL-UNNAMED -Declipse.application=org.eclipse.jdt.ls.core.id1 -Dosgi.bundles.defaultStartLevel=4 -Declipse.product=org.eclipse.jdt.ls.core.product -Djava.import.generatesMetadataFilesAtProjectRoot=false -Dfile.encoding=utf8 -XX:+UseParallelGC -XX:GCTimeRatio=4 -XX:AdaptiveSizePolicyWeight=90 -Dsun.zip.disableMemoryMapping=true -Xmx2G -Xms100m -Xlog:disable -javaagent:c:\Users\Alex_Carl\.vscode\extensions\redhat.java-1.12.0-win32-x64\lombok\lombok-1.18.24.jar -XX:+HeapDumpOnOutOfMemoryError -XX:HeapDumpPath=c:\Users\Alex_Carl\AppData\Roaming\Code\User\workspaceStorage\8fc2cf8042da9f67ae59f267ca66bdab\redhat.java c:\Users\Alex_Carl\.vscode\extensions\redhat.java-1.12.0-win32-x64\server\plugins\org.eclipse.equinox.launcher_1.6.400.v20210924-0641.jar -configuration c:\Users\Alex_Carl\AppData\Roaming\Code\User\globalStorage\redhat.java\1.12.0\config_win -data c:\Users\Alex_Carl\AppData\Roaming\Code\User\workspaceStorage\8fc2cf8042da9f67ae59f267ca66bdab\redhat.java\jdt_ws

Host: AMD Ryzen 7 2700X Eight-Core Processor         , 16 cores, 31G,  Windows 11 , 64 bit Build 22621 (10.0.22621.746)
Time: Sun Nov  6 22:06:59 2022 SE Asia Standard Time elapsed time: 15.323350 seconds (0d 0h 0m 15s)

---------------  T H R E A D  ---------------

Current thread (0x000001b8b5333620):  JavaThread "C2 CompilerThread3" daemon [_thread_in_native, id=9240, stack(0x0000008683a00000,0x0000008683b00000)]


Current CompileTask:
C2:  15323 8581       4       lombok.core.AST::buildWithField (21 bytes)

Stack: [0x0000008683a00000,0x0000008683b00000]
Native frames: (J=compiled Java code, j=interpreted, Vv=VM code, C=native code)
V  [jvm.dll+0x6993aa]
V  [jvm.dll+0x7f46dd]
V  [jvm.dll+0x7f5fee]
V  [jvm.dll+0x7f66a3]
V  [jvm.dll+0x25cf1f]
V  [jvm.dll+0xb8c2f]
V  [jvm.dll+0xb8fa5]
V  [jvm.dll+0x386091]
V  [jvm.dll+0x1d2d58]
V  [jvm.dll+0x230259]
V  [jvm.dll+0x22f4d1]
V  [jvm.dll+0x1ba01c]
V  [jvm.dll+0x23ee0a]
V  [jvm.dll+0x23d0f5]
V  [jvm.dll+0x7a6dd1]
V  [jvm.dll+0x7a120a]
V  [jvm.dll+0x698255]
C  [ucrtbase.dll+0x29363]
C  [KERNEL32.DLL+0x1244d]
C  [ntdll.dll+0x5dfb8]


---------------  P R O C E S S  ---------------

Threads class SMR info:
_java_thread_list=0x000001b8c1522cd0, length=40, elements={
0x000001b8912119e0, 0x000001b8912ce950, 0x000001b8911a5af0, 0x000001b8911be520,
0x000001b8ad8da080, 0x000001b8ad8dd1d0, 0x000001b8ad8de310, 0x000001b8ad8e56d0,
0x000001b8ad8e6770, 0x000001b8ad8f10d0, 0x000001b8ad9d8660, 0x000001b8ad9df690,
0x000001b8ad9e23f0, 0x000001b8ada1c470, 0x000001b8ada2d830, 0x000001b8adbcab90,
0x000001b8b3504940, 0x000001b8b3ab5260, 0x000001b8b3ade980, 0x000001b8b3b86340,
0x000001b8b3f60a40, 0x000001b8b417ef10, 0x000001b8b41a8090, 0x000001b8b41a6880,
0x000001b8b41a76f0, 0x000001b8b41a63b0, 0x000001b8b41a6d50, 0x000001b8b41a7bc0,
0x000001b8b41a7220, 0x000001b8b41a5a10, 0x000001b8b41a8560, 0x000001b8b5333620,
0x000001b8b43940a0, 0x000001b8b4f10540, 0x000001b8b3537f90, 0x000001b8b8682320,
0x000001b8b7471470, 0x000001b8b746fc60, 0x000001b8b7473150, 0x000001b8b74727b0
}

Java Threads: ( => current thread )
  0x000001b8912119e0 JavaThread "main" [_thread_blocked, id=24948, stack(0x0000008682500000,0x0000008682600000)]
  0x000001b8912ce950 JavaThread "Reference Handler" daemon [_thread_blocked, id=24048, stack(0x0000008682800000,0x0000008682900000)]
  0x000001b8911a5af0 JavaThread "Finalizer" daemon [_thread_blocked, id=24856, stack(0x0000008682900000,0x0000008682a00000)]
  0x000001b8911be520 JavaThread "Signal Dispatcher" daemon [_thread_blocked, id=25316, stack(0x0000008682a00000,0x0000008682b00000)]
  0x000001b8ad8da080 JavaThread "Attach Listener" daemon [_thread_blocked, id=22740, stack(0x0000008682b00000,0x0000008682c00000)]
  0x000001b8ad8dd1d0 JavaThread "Service Thread" daemon [_thread_blocked, id=18020, stack(0x0000008682c00000,0x0000008682d00000)]
  0x000001b8ad8de310 JavaThread "Monitor Deflation Thread" daemon [_thread_blocked, id=22692, stack(0x0000008682d00000,0x0000008682e00000)]
  0x000001b8ad8e56d0 JavaThread "C2 CompilerThread0" daemon [_thread_in_native, id=24168, stack(0x0000008682e00000,0x0000008682f00000)]
  0x000001b8ad8e6770 JavaThread "C1 CompilerThread0" daemon [_thread_blocked, id=11084, stack(0x0000008682f00000,0x0000008683000000)]
  0x000001b8ad8f10d0 JavaThread "Sweeper thread" daemon [_thread_blocked, id=23376, stack(0x0000008683000000,0x0000008683100000)]
  0x000001b8ad9d8660 JavaThread "Common-Cleaner" daemon [_thread_blocked, id=12016, stack(0x0000008683100000,0x0000008683200000)]
  0x000001b8ad9df690 JavaThread "C1 CompilerThread1" daemon [_thread_blocked, id=19756, stack(0x0000008683200000,0x0000008683300000)]
  0x000001b8ad9e23f0 JavaThread "C1 CompilerThread2" daemon [_thread_blocked, id=22608, stack(0x0000008683300000,0x0000008683400000)]
  0x000001b8ada1c470 JavaThread "C1 CompilerThread3" daemon [_thread_blocked, id=3564, stack(0x0000008683400000,0x0000008683500000)]
  0x000001b8ada2d830 JavaThread "C2 CompilerThread1" daemon [_thread_in_native, id=4492, stack(0x0000008683500000,0x0000008683600000)]
  0x000001b8adbcab90 JavaThread "Notification Thread" daemon [_thread_blocked, id=25100, stack(0x0000008683600000,0x0000008683700000)]
  0x000001b8b3504940 JavaThread "C2 CompilerThread2" daemon [_thread_in_native, id=17076, stack(0x0000008683800000,0x0000008683900000)]
  0x000001b8b3ab5260 JavaThread "Active Thread: Equinox Container: 429b9fff-dfaf-46de-8c63-7d084ee51c65" [_thread_blocked, id=15884, stack(0x0000008683d00000,0x0000008683e00000)]
  0x000001b8b3ade980 JavaThread "Framework Event Dispatcher: Equinox Container: 429b9fff-dfaf-46de-8c63-7d084ee51c65" daemon [_thread_blocked, id=24092, stack(0x0000008684400000,0x0000008684500000)]
  0x000001b8b3b86340 JavaThread "Start Level: Equinox Container: 429b9fff-dfaf-46de-8c63-7d084ee51c65" daemon [_thread_blocked, id=21576, stack(0x0000008684500000,0x0000008684600000)]
  0x000001b8b3f60a40 JavaThread "SCR Component Actor" daemon [_thread_blocked, id=17752, stack(0x0000008684800000,0x0000008684900000)]
  0x000001b8b417ef10 JavaThread "Worker-JM" [_thread_blocked, id=6128, stack(0x0000008683900000,0x0000008683a00000)]
  0x000001b8b41a8090 JavaThread "Worker-0" [_thread_blocked, id=25504, stack(0x0000008684a00000,0x0000008684b00000)]
  0x000001b8b41a6880 JavaThread "Worker-1" [_thread_blocked, id=23760, stack(0x0000008684b00000,0x0000008684c00000)]
  0x000001b8b41a76f0 JavaThread "Java indexing" daemon [_thread_in_Java, id=23984, stack(0x0000008684c00000,0x0000008684d00000)]
  0x000001b8b41a63b0 JavaThread "JNA Cleaner" daemon [_thread_blocked, id=21564, stack(0x0000008684e00000,0x0000008684f00000)]
  0x000001b8b41a6d50 JavaThread "pool-2-thread-1" [_thread_blocked, id=22540, stack(0x0000008685200000,0x0000008685300000)]
  0x000001b8b41a7bc0 JavaThread "pool-1-thread-1" [_thread_in_native, id=23496, stack(0x0000008685300000,0x0000008685400000)]
  0x000001b8b41a7220 JavaThread "Worker-2" [_thread_blocked, id=24984, stack(0x0000008685400000,0x0000008685500000)]
  0x000001b8b41a5a10 JavaThread "Worker-3" [_thread_blocked, id=2584, stack(0x0000008685a00000,0x0000008685b00000)]
  0x000001b8b41a8560 JavaThread "Worker-4: Java indexing... " [_thread_blocked, id=20748, stack(0x0000008685b00000,0x0000008685c00000)]
=>0x000001b8b5333620 JavaThread "C2 CompilerThread3" daemon [_thread_in_native, id=9240, stack(0x0000008683a00000,0x0000008683b00000)]
  0x000001b8b43940a0 JavaThread "C2 CompilerThread4" daemon [_thread_in_native, id=7476, stack(0x0000008685500000,0x0000008685600000)]
  0x000001b8b4f10540 JavaThread "C2 CompilerThread5" daemon [_thread_in_native, id=10300, stack(0x0000008685600000,0x0000008685700000)]
  0x000001b8b3537f90 JavaThread "C2 CompilerThread6" daemon [_thread_in_native, id=5388, stack(0x0000008685700000,0x0000008685800000)]
  0x000001b8b8682320 JavaThread "C2 CompilerThread7" daemon [_thread_in_native, id=20940, stack(0x0000008685800000,0x0000008685900000)]
  0x000001b8b7471470 JavaThread "Worker-5" [_thread_blocked, id=23724, stack(0x0000008685900000,0x0000008685a00000)]
  0x000001b8b746fc60 JavaThread "Worker-6" [_thread_blocked, id=21896, stack(0x0000008685c00000,0x0000008685d00000)]
  0x000001b8b7473150 JavaThread "ForkJoinPool.commonPool-worker-1" daemon [_thread_in_vm, id=20688, stack(0x0000008685d00000,0x0000008685e00000)]
  0x000001b8b74727b0 JavaThread "ForkJoinPool.commonPool-worker-2" daemon [_thread_blocked, id=13996, stack(0x0000008685e00000,0x0000008685f00000)]

Other Threads:
  0x000001b8ad8d4cc0 VMThread "VM Thread" [stack: 0x0000008682700000,0x0000008682800000] [id=21184]
  0x000001b8adbc9fc0 WatcherThread "VM Periodic Task Thread" [stack: 0x0000008683700000,0x0000008683800000] [id=21872]
  0x000001b89122ebe0 WorkerThread "GC Thread#0" [stack: 0x0000008682600000,0x0000008682700000] [id=14692]
  0x000001b8b3ab5cd0 WorkerThread "GC Thread#1" [stack: 0x0000008683e00000,0x0000008683f00000] [id=8856]
  0x000001b8b3ab5f70 WorkerThread "GC Thread#2" [stack: 0x0000008683f00000,0x0000008684000000] [id=12384]
  0x000001b8b3eec3b0 WorkerThread "GC Thread#3" [stack: 0x0000008684000000,0x0000008684100000] [id=8168]
  0x000001b8b3eec650 WorkerThread "GC Thread#4" [stack: 0x0000008684100000,0x0000008684200000] [id=13004]
  0x000001b8b3eec8f0 WorkerThread "GC Thread#5" [stack: 0x0000008684200000,0x0000008684300000] [id=25216]
  0x000001b8b3eecfa0 WorkerThread "GC Thread#6" [stack: 0x0000008684300000,0x0000008684400000] [id=9668]
  0x000001b8b3f6d390 WorkerThread "GC Thread#7" [stack: 0x0000008684600000,0x0000008684700000] [id=15144]
  0x000001b8b3f74530 WorkerThread "GC Thread#8" [stack: 0x0000008684700000,0x0000008684800000] [id=11900]
  0x000001b8b4378b40 WorkerThread "GC Thread#9" [stack: 0x0000008683b00000,0x0000008683c00000] [id=3580]
  0x000001b8b43788a0 WorkerThread "GC Thread#10" [stack: 0x0000008683c00000,0x0000008683d00000] [id=24580]
  0x000001b8b4378de0 WorkerThread "GC Thread#11" [stack: 0x0000008684900000,0x0000008684a00000] [id=24196]
  0x000001b8b4379320 WorkerThread "GC Thread#12" [stack: 0x0000008684d00000,0x0000008684e00000] [id=23968]

Threads with active compile tasks:
C2 CompilerThread0    15367 8867 %     4       org.eclipse.jdt.internal.core.util.Util::quickSort @ 19 (107 bytes)
C2 CompilerThread1    15368 8635       4       lombok.eclipse.EclipseAST::buildStatement (57 bytes)
C2 CompilerThread2    15368 8803       4       lombok.eclipse.EclipseAST::drill (80 bytes)
C2 CompilerThread3    15368 8581       4       lombok.core.AST::buildWithField (21 bytes)
C2 CompilerThread4    15368 8582   !   4       lombok.core.AST::buildWithField0 (121 bytes)
C2 CompilerThread5    15368 8856       4       java.util.Properties$LineReader::readLine (584 bytes)
C2 CompilerThread6    15368 8864       4       org.eclipse.jdt.internal.compiler.util.SimpleLookupTable::rehash (86 bytes)
C2 CompilerThread7    15368 8279   !   4       org.eclipse.jdt.internal.core.search.indexing.BinaryIndexer::indexDocument (1144 bytes)

VM state: not at safepoint (normal execution)

VM Mutex/Monitor currently owned by a thread: None

Heap address: 0x0000000080000000, size: 2048 MB, Compressed Oops mode: 32-bit

CDS archive(s) mapped at: [0x0000000800000000-0x0000000800ba0000-0x0000000800ba0000), size 12189696, SharedBaseAddress: 0x0000000800000000, ArchiveRelocationMode: 0.
Compressed class space mapped at: 0x0000000800c00000-0x0000000840c00000, reserved size: 1073741824
Narrow klass base: 0x0000000800000000, Narrow klass shift: 0, Narrow klass range: 0x100000000

GC Precious Log:
 CardTable entry size: 512
 CPUs: 16 total, 16 available
 Memory: 32696M
 Large Page Support: Disabled
 NUMA Support: Disabled
 Compressed Oops: Enabled (32-bit)
 Alignments: Space 512K, Generation 512K, Heap 2M
 Heap Min Capacity: 100M
 Heap Initial Capacity: 100M
 Heap Max Capacity: 2G
 Pre-touch: Disabled
 Parallel Workers: 13

Heap:
 PSYoungGen      total 17408K, used 1713K [0x00000000d5580000, 0x00000000d6d00000, 0x0000000100000000)
  eden space 12288K, 13% used [0x00000000d5580000,0x00000000d572c780,0x00000000d6180000)
  from space 5120K, 0% used [0x00000000d6180000,0x00000000d6180000,0x00000000d6680000)
  to   space 5120K, 0% used [0x00000000d6800000,0x00000000d6800000,0x00000000d6d00000)
 ParOldGen       total 271360K, used 268704K [0x0000000080000000, 0x0000000090900000, 0x00000000d5580000)
  object space 271360K, 99% used [0x0000000080000000,0x00000000906682d8,0x0000000090900000)
 Metaspace       used 54067K, committed 55168K, reserved 1114112K
  class space    used 5405K, committed 5888K, reserved 1048576K

Card table byte_map: [0x000001b890bb0000,0x000001b890fc0000] _byte_map_base: 0x000001b8907b0000

Marking Bits: (ParMarkBitMap*) 0x00007fffbaa2fbb0
 Begin Bits: [0x000001b8a7df0000, 0x000001b8a9df0000)
 End Bits:   [0x000001b8a9df0000, 0x000001b8abdf0000)

Polling page: 0x000001b88f180000

Metaspace:

Usage:
  Non-class:     47.52 MB used.
      Class:      5.28 MB used.
       Both:     52.80 MB used.

Virtual space:
  Non-class space:       64.00 MB reserved,      48.12 MB ( 75%) committed,  1 nodes.
      Class space:        1.00 GB reserved,       5.75 MB ( <1%) committed,  1 nodes.
             Both:        1.06 GB reserved,      53.88 MB (  5%) committed. 

Chunk freelists:
   Non-Class:  3.59 MB
       Class:  2.12 MB
        Both:  5.72 MB

MaxMetaspaceSize: unlimited
CompressedClassSpaceSize: 1.00 GB
Initial GC threshold: 21.00 MB
Current GC threshold: 89.50 MB
CDS: on
MetaspaceReclaimPolicy: balanced
 - commit_granule_bytes: 65536.
 - commit_granule_words: 8192.
 - virtual_space_node_default_size: 8388608.
 - enlarge_chunks_in_place: 1.
 - new_chunks_are_fully_committed: 0.
 - uncommit_free_chunks: 1.
 - use_allocation_guard: 0.


Internal statistics:

num_allocs_failed_limit: 6.
num_arena_births: 808.
num_arena_deaths: 14.
num_vsnodes_births: 2.
num_vsnodes_deaths: 0.
num_space_committed: 862.
num_space_uncommitted: 0.
num_chunks_returned_to_freelist: 20.
num_chunks_taken_from_freelist: 3023.
num_chunk_merges: 10.
num_chunk_splits: 2058.
num_chunks_enlarged: 1379.
num_inconsistent_stats: 0.

CodeHeap 'non-profiled nmethods': size=119168Kb used=5291Kb max_used=5291Kb free=113876Kb
 bounds [0x000001b8a06e0000, 0x000001b8a0c10000, 0x000001b8a7b40000]
CodeHeap 'profiled nmethods': size=119104Kb used=16832Kb max_used=16832Kb free=102271Kb
 bounds [0x000001b899290000, 0x000001b89a310000, 0x000001b8a06e0000]
CodeHeap 'non-nmethods': size=7488Kb used=3047Kb max_used=3127Kb free=4441Kb
 bounds [0x000001b898b40000, 0x000001b898e60000, 0x000001b899290000]
 total_blobs=8120 nmethods=7430 adapters=598
 compilation: enabled
              stopped_count=0, restarted_count=0
 full_count=0

Compilation events (20 events):
Event: 15.159 Thread 0x000001b8b4f10540 8856       4       java.util.Properties$LineReader::readLine (584 bytes)
Event: 15.160 Thread 0x000001b8ad8e56d0 8857       4       java.lang.invoke.DirectMethodHandle::preparedFieldLambdaForm (180 bytes)
Event: 15.173 Thread 0x000001b8b3537f90 nmethod 8853 0x000001b8a0c04310 code [0x000001b8a0c044c0, 0x000001b8a0c05228]
Event: 15.178 Thread 0x000001b8b3537f90 8863       4       java.lang.invoke.LambdaFormEditor::getInCache (165 bytes)
Event: 15.281 Thread 0x000001b8ad8e6770 8865       1       org.eclipse.core.internal.jobs.InternalJob::getName (5 bytes)
Event: 15.282 Thread 0x000001b8ad8e6770 nmethod 8865 0x000001b8a0c05790 code [0x000001b8a0c05920, 0x000001b8a0c059f8]
Event: 15.283 Thread 0x000001b8ad8e56d0 nmethod 8857 0x000001b8a0c05a90 code [0x000001b8a0c05ce0, 0x000001b8a0c06588]
Event: 15.285 Thread 0x000001b8ad8e56d0 8862       4       java.lang.invoke.LambdaFormEditor$TransformKey::inRange (36 bytes)
Event: 15.287 Thread 0x000001b8ad8e56d0 nmethod 8862 0x000001b8a0c06d10 code [0x000001b8a0c06e80, 0x000001b8a0c06ef8]
Event: 15.288 Thread 0x000001b8ad8e56d0 8858       4       java.lang.invoke.BoundMethodHandle$Species_L::make (11 bytes)
Event: 15.292 Thread 0x000001b8ad9df690 8866 %     3       org.eclipse.jdt.internal.core.index.DiskIndex::computeDocumentNames @ 98 (599 bytes)
Event: 15.295 Thread 0x000001b8b3537f90 nmethod 8863 0x000001b8a0c07010 code [0x000001b8a0c071a0, 0x000001b8a0c075d8]
Event: 15.296 Thread 0x000001b8b3537f90 8859       4       java.lang.invoke.ClassSpecializer$SpeciesData::getterFunction (78 bytes)
Event: 15.300 Thread 0x000001b8ad8e56d0 nmethod 8858 0x000001b8a0c07810 code [0x000001b8a0c079a0, 0x000001b8a0c07ba8]
Event: 15.301 Thread 0x000001b8ad8e56d0 8860       4       java.lang.invoke.DirectMethodHandle::rebind (5 bytes)
Event: 15.302 Thread 0x000001b8ad9df690 nmethod 8866% 0x000001b89a2fdb10 code [0x000001b89a2fdf60, 0x000001b89a3008a8]
Event: 15.307 Thread 0x000001b8b3537f90 nmethod 8859 0x000001b8a0c07e90 code [0x000001b8a0c08020, 0x000001b8a0c08198]
Event: 15.307 Thread 0x000001b8b3537f90 8861       4       java.lang.invoke.BoundMethodHandle::makeReinvoker (27 bytes)
Event: 15.316 Thread 0x000001b8ad8e56d0 nmethod 8860 0x000001b8a0c08390 code [0x000001b8a0c08540, 0x000001b8a0c08778]
Event: 15.317 Thread 0x000001b8ad8e56d0 8867 %     4       org.eclipse.jdt.internal.core.util.Util::quickSort @ 19 (107 bytes)

GC Heap History (20 events):
Event: 14.882 GC heap before
{Heap before GC invocations=188 (full 10):
 PSYoungGen      total 10240K, used 10221K [0x00000000d5580000, 0x00000000d6600000, 0x0000000100000000)
  eden space 7680K, 100% used [0x00000000d5580000,0x00000000d5d00000,0x00000000d5d00000)
  from space 2560K, 99% used [0x00000000d5e00000,0x00000000d607b550,0x00000000d6080000)
  to   space 4608K, 0% used [0x00000000d6180000,0x00000000d6180000,0x00000000d6600000)
 ParOldGen       total 271360K, used 241997K [0x0000000080000000, 0x0000000090900000, 0x00000000d5580000)
  object space 271360K, 89% used [0x0000000080000000,0x000000008ec537c0,0x0000000090900000)
 Metaspace       used 52652K, committed 53760K, reserved 1114112K
  class space    used 5291K, committed 5760K, reserved 1048576K
}
Event: 14.885 GC heap after
{Heap after GC invocations=188 (full 10):
 PSYoungGen      total 10240K, used 2329K [0x00000000d5580000, 0x00000000d6400000, 0x0000000100000000)
  eden space 7680K, 0% used [0x00000000d5580000,0x00000000d5580000,0x00000000d5d00000)
  from space 2560K, 90% used [0x00000000d6180000,0x00000000d63c64f8,0x00000000d6400000)
  to   space 3072K, 0% used [0x00000000d5e00000,0x00000000d5e00000,0x00000000d6100000)
 ParOldGen       total 271360K, used 244399K [0x0000000080000000, 0x0000000090900000, 0x00000000d5580000)
  object space 271360K, 90% used [0x0000000080000000,0x000000008eeabd70,0x0000000090900000)
 Metaspace       used 52652K, committed 53760K, reserved 1114112K
  class space    used 5291K, committed 5760K, reserved 1048576K
}
Event: 14.938 GC heap before
{Heap before GC invocations=189 (full 10):
 PSYoungGen      total 10240K, used 10009K [0x00000000d5580000, 0x00000000d6400000, 0x0000000100000000)
  eden space 7680K, 100% used [0x00000000d5580000,0x00000000d5d00000,0x00000000d5d00000)
  from space 2560K, 90% used [0x00000000d6180000,0x00000000d63c64f8,0x00000000d6400000)
  to   space 3072K, 0% used [0x00000000d5e00000,0x00000000d5e00000,0x00000000d6100000)
 ParOldGen       total 271360K, used 244399K [0x0000000080000000, 0x0000000090900000, 0x00000000d5580000)
  object space 271360K, 90% used [0x0000000080000000,0x000000008eeabd70,0x0000000090900000)
 Metaspace       used 52738K, committed 53824K, reserved 1114112K
  class space    used 5303K, committed 5760K, reserved 1048576K
}
Event: 14.940 GC heap after
{Heap after GC invocations=189 (full 10):
 PSYoungGen      total 10752K, used 3070K [0x00000000d5580000, 0x00000000d6700000, 0x0000000100000000)
  eden space 7680K, 0% used [0x00000000d5580000,0x00000000d5580000,0x00000000d5d00000)
  from space 3072K, 99% used [0x00000000d5e00000,0x00000000d60ff870,0x00000000d6100000)
  to   space 5120K, 0% used [0x00000000d6200000,0x00000000d6200000,0x00000000d6700000)
 ParOldGen       total 271360K, used 245846K [0x0000000080000000, 0x0000000090900000, 0x00000000d5580000)
  object space 271360K, 90% used [0x0000000080000000,0x000000008f0158b8,0x0000000090900000)
 Metaspace       used 52738K, committed 53824K, reserved 1114112K
  class space    used 5303K, committed 5760K, reserved 1048576K
}
Event: 14.990 GC heap before
{Heap before GC invocations=190 (full 10):
 PSYoungGen      total 10752K, used 10750K [0x00000000d5580000, 0x00000000d6700000, 0x0000000100000000)
  eden space 7680K, 100% used [0x00000000d5580000,0x00000000d5d00000,0x00000000d5d00000)
  from space 3072K, 99% used [0x00000000d5e00000,0x00000000d60ff870,0x00000000d6100000)
  to   space 5120K, 0% used [0x00000000d6200000,0x00000000d6200000,0x00000000d6700000)
 ParOldGen       total 271360K, used 245846K [0x0000000080000000, 0x0000000090900000, 0x00000000d5580000)
  object space 271360K, 90% used [0x0000000080000000,0x000000008f0158b8,0x0000000090900000)
 Metaspace       used 52910K, committed 54016K, reserved 1114112K
  class space    used 5313K, committed 5760K, reserved 1048576K
}
Event: 14.993 GC heap after
{Heap after GC invocations=190 (full 10):
 PSYoungGen      total 10752K, used 2770K [0x00000000d5580000, 0x00000000d6500000, 0x0000000100000000)
  eden space 7680K, 0% used [0x00000000d5580000,0x00000000d5580000,0x00000000d5d00000)
  from space 3072K, 90% used [0x00000000d6200000,0x00000000d64b48b8,0x00000000d6500000)
  to   space 3584K, 0% used [0x00000000d5e00000,0x00000000d5e00000,0x00000000d6180000)
 ParOldGen       total 271360K, used 248844K [0x0000000080000000, 0x0000000090900000, 0x00000000d5580000)
  object space 271360K, 91% used [0x0000000080000000,0x000000008f3032e8,0x0000000090900000)
 Metaspace       used 52910K, committed 54016K, reserved 1114112K
  class space    used 5313K, committed 5760K, reserved 1048576K
}
Event: 15.020 GC heap before
{Heap before GC invocations=191 (full 10):
 PSYoungGen      total 10752K, used 10419K [0x00000000d5580000, 0x00000000d6500000, 0x0000000100000000)
  eden space 7680K, 99% used [0x00000000d5580000,0x00000000d5cf8588,0x00000000d5d00000)
  from space 3072K, 90% used [0x00000000d6200000,0x00000000d64b48b8,0x00000000d6500000)
  to   space 3584K, 0% used [0x00000000d5e00000,0x00000000d5e00000,0x00000000d6180000)
 ParOldGen       total 271360K, used 248844K [0x0000000080000000, 0x0000000090900000, 0x00000000d5580000)
  object space 271360K, 91% used [0x0000000080000000,0x000000008f3032e8,0x0000000090900000)
 Metaspace       used 53019K, committed 54080K, reserved 1114112K
  class space    used 5317K, committed 5760K, reserved 1048576K
}
Event: 15.022 GC heap after
{Heap after GC invocations=191 (full 10):
 PSYoungGen      total 11264K, used 3575K [0x00000000d5580000, 0x00000000d6900000, 0x0000000100000000)
  eden space 7680K, 0% used [0x00000000d5580000,0x00000000d5580000,0x00000000d5d00000)
  from space 3584K, 99% used [0x00000000d5e00000,0x00000000d617ddd0,0x00000000d6180000)
  to   space 6144K, 0% used [0x00000000d6300000,0x00000000d6300000,0x00000000d6900000)
 ParOldGen       total 271360K, used 250557K [0x0000000080000000, 0x0000000090900000, 0x00000000d5580000)
  object space 271360K, 92% used [0x0000000080000000,0x000000008f4af468,0x0000000090900000)
 Metaspace       used 53019K, committed 54080K, reserved 1114112K
  class space    used 5317K, committed 5760K, reserved 1048576K
}
Event: 15.041 GC heap before
{Heap before GC invocations=192 (full 10):
 PSYoungGen      total 11264K, used 11255K [0x00000000d5580000, 0x00000000d6900000, 0x0000000100000000)
  eden space 7680K, 100% used [0x00000000d5580000,0x00000000d5d00000,0x00000000d5d00000)
  from space 3584K, 99% used [0x00000000d5e00000,0x00000000d617ddd0,0x00000000d6180000)
  to   space 6144K, 0% used [0x00000000d6300000,0x00000000d6300000,0x00000000d6900000)
 ParOldGen       total 271360K, used 250557K [0x0000000080000000, 0x0000000090900000, 0x00000000d5580000)
  object space 271360K, 92% used [0x0000000080000000,0x000000008f4af468,0x0000000090900000)
 Metaspace       used 53201K, committed 54336K, reserved 1114112K
  class space    used 5345K, committed 5824K, reserved 1048576K
}
Event: 15.043 GC heap after
{Heap after GC invocations=192 (full 10):
 PSYoungGen      total 11776K, used 2843K [0x00000000d5580000, 0x00000000d6600000, 0x0000000100000000)
  eden space 8704K, 0% used [0x00000000d5580000,0x00000000d5580000,0x00000000d5e00000)
  from space 3072K, 92% used [0x00000000d6300000,0x00000000d65c6ca0,0x00000000d6600000)
  to   space 4096K, 0% used [0x00000000d5e00000,0x00000000d5e00000,0x00000000d6200000)
 ParOldGen       total 271360K, used 254050K [0x0000000080000000, 0x0000000090900000, 0x00000000d5580000)
  object space 271360K, 93% used [0x0000000080000000,0x000000008f818928,0x0000000090900000)
 Metaspace       used 53201K, committed 54336K, reserved 1114112K
  class space    used 5345K, committed 5824K, reserved 1048576K
}
Event: 15.068 GC heap before
{Heap before GC invocations=193 (full 10):
 PSYoungGen      total 11776K, used 11502K [0x00000000d5580000, 0x00000000d6600000, 0x0000000100000000)
  eden space 8704K, 99% used [0x00000000d5580000,0x00000000d5df4c60,0x00000000d5e00000)
  from space 3072K, 92% used [0x00000000d6300000,0x00000000d65c6ca0,0x00000000d6600000)
  to   space 4096K, 0% used [0x00000000d5e00000,0x00000000d5e00000,0x00000000d6200000)
 ParOldGen       total 271360K, used 254050K [0x0000000080000000, 0x0000000090900000, 0x00000000d5580000)
  object space 271360K, 93% used [0x0000000080000000,0x000000008f818928,0x0000000090900000)
 Metaspace       used 53346K, committed 54464K, reserved 1114112K
  class space    used 5353K, committed 5824K, reserved 1048576K
}
Event: 15.070 GC heap after
{Heap after GC invocations=193 (full 10):
 PSYoungGen      total 12800K, used 4090K [0x00000000d5580000, 0x00000000d6c00000, 0x0000000100000000)
  eden space 8704K, 0% used [0x00000000d5580000,0x00000000d5580000,0x00000000d5e00000)
  from space 4096K, 99% used [0x00000000d5e00000,0x00000000d61fe9b8,0x00000000d6200000)
  to   space 6656K, 0% used [0x00000000d6580000,0x00000000d6580000,0x00000000d6c00000)
 ParOldGen       total 271360K, used 255791K [0x0000000080000000, 0x0000000090900000, 0x00000000d5580000)
  object space 271360K, 94% used [0x0000000080000000,0x000000008f9cbde0,0x0000000090900000)
 Metaspace       used 53346K, committed 54464K, reserved 1114112K
  class space    used 5353K, committed 5824K, reserved 1048576K
}
Event: 15.097 GC heap before
{Heap before GC invocations=194 (full 10):
 PSYoungGen      total 12800K, used 12791K [0x00000000d5580000, 0x00000000d6c00000, 0x0000000100000000)
  eden space 8704K, 99% used [0x00000000d5580000,0x00000000d5dff3d8,0x00000000d5e00000)
  from space 4096K, 99% used [0x00000000d5e00000,0x00000000d61fe9b8,0x00000000d6200000)
  to   space 6656K, 0% used [0x00000000d6580000,0x00000000d6580000,0x00000000d6c00000)
 ParOldGen       total 271360K, used 255791K [0x0000000080000000, 0x0000000090900000, 0x00000000d5580000)
  object space 271360K, 94% used [0x0000000080000000,0x000000008f9cbde0,0x0000000090900000)
 Metaspace       used 53472K, committed 54656K, reserved 1114112K
  class space    used 5373K, committed 5888K, reserved 1048576K
}
Event: 15.101 GC heap after
{Heap after GC invocations=194 (full 10):
 PSYoungGen      total 13312K, used 3370K [0x00000000d5580000, 0x00000000d6900000, 0x0000000100000000)
  eden space 9728K, 0% used [0x00000000d5580000,0x00000000d5580000,0x00000000d5f00000)
  from space 3584K, 94% used [0x00000000d6580000,0x00000000d68ca828,0x00000000d6900000)
  to   space 4608K, 0% used [0x00000000d6000000,0x00000000d6000000,0x00000000d6480000)
 ParOldGen       total 271360K, used 259752K [0x0000000080000000, 0x0000000090900000, 0x00000000d5580000)
  object space 271360K, 95% used [0x0000000080000000,0x000000008fdaa300,0x0000000090900000)
 Metaspace       used 53472K, committed 54656K, reserved 1114112K
  class space    used 5373K, committed 5888K, reserved 1048576K
}
Event: 15.123 GC heap before
{Heap before GC invocations=195 (full 10):
 PSYoungGen      total 13312K, used 13063K [0x00000000d5580000, 0x00000000d6900000, 0x0000000100000000)
  eden space 9728K, 99% used [0x00000000d5580000,0x00000000d5ef7408,0x00000000d5f00000)
  from space 3584K, 94% used [0x00000000d6580000,0x00000000d68ca828,0x00000000d6900000)
  to   space 4608K, 0% used [0x00000000d6000000,0x00000000d6000000,0x00000000d6480000)
 ParOldGen       total 271360K, used 259752K [0x0000000080000000, 0x0000000090900000, 0x00000000d5580000)
  object space 271360K, 95% used [0x0000000080000000,0x000000008fdaa300,0x0000000090900000)
 Metaspace       used 53597K, committed 54720K, reserved 1114112K
  class space    used 5378K, committed 5888K, reserved 1048576K
}
Event: 15.127 GC heap after
{Heap after GC invocations=195 (full 10):
 PSYoungGen      total 15360K, used 4606K [0x00000000d5580000, 0x00000000d6f00000, 0x0000000100000000)
  eden space 10752K, 0% used [0x00000000d5580000,0x00000000d5580000,0x00000000d6000000)
  from space 4608K, 99% used [0x00000000d6000000,0x00000000d647f9f8,0x00000000d6480000)
  to   space 7680K, 0% used [0x00000000d6780000,0x00000000d6780000,0x00000000d6f00000)
 ParOldGen       total 271360K, used 261896K [0x0000000080000000, 0x0000000090900000, 0x00000000d5580000)
  object space 271360K, 96% used [0x0000000080000000,0x000000008ffc2308,0x0000000090900000)
 Metaspace       used 53597K, committed 54720K, reserved 1114112K
  class space    used 5378K, committed 5888K, reserved 1048576K
}
Event: 15.187 GC heap before
{Heap before GC invocations=196 (full 10):
 PSYoungGen      total 15360K, used 15295K [0x00000000d5580000, 0x00000000d6f00000, 0x0000000100000000)
  eden space 10752K, 99% used [0x00000000d5580000,0x00000000d5ff0420,0x00000000d6000000)
  from space 4608K, 99% used [0x00000000d6000000,0x00000000d647f9f8,0x00000000d6480000)
  to   space 7680K, 0% used [0x00000000d6780000,0x00000000d6780000,0x00000000d6f00000)
 ParOldGen       total 271360K, used 261896K [0x0000000080000000, 0x0000000090900000, 0x00000000d5580000)
  object space 271360K, 96% used [0x0000000080000000,0x000000008ffc2308,0x0000000090900000)
 Metaspace       used 53844K, committed 54976K, reserved 1114112K
  class space    used 5395K, committed 5888K, reserved 1048576K
}
Event: 15.191 GC heap after
{Heap after GC invocations=196 (full 10):
 PSYoungGen      total 16384K, used 3667K [0x00000000d5580000, 0x00000000d6b80000, 0x0000000100000000)
  eden space 12288K, 0% used [0x00000000d5580000,0x00000000d5580000,0x00000000d6180000)
  from space 4096K, 89% used [0x00000000d6780000,0x00000000d6b14ec8,0x00000000d6b80000)
  to   space 5120K, 0% used [0x00000000d6180000,0x00000000d6180000,0x00000000d6680000)
 ParOldGen       total 271360K, used 266437K [0x0000000080000000, 0x0000000090900000, 0x00000000d5580000)
  object space 271360K, 98% used [0x0000000080000000,0x0000000090431700,0x0000000090900000)
 Metaspace       used 53844K, committed 54976K, reserved 1114112K
  class space    used 5395K, committed 5888K, reserved 1048576K
}
Event: 15.191 GC heap before
{Heap before GC invocations=197 (full 11):
 PSYoungGen      total 16384K, used 3667K [0x00000000d5580000, 0x00000000d6b80000, 0x0000000100000000)
  eden space 12288K, 0% used [0x00000000d5580000,0x00000000d5580000,0x00000000d6180000)
  from space 4096K, 89% used [0x00000000d6780000,0x00000000d6b14ec8,0x00000000d6b80000)
  to   space 5120K, 0% used [0x00000000d6180000,0x00000000d6180000,0x00000000d6680000)
 ParOldGen       total 271360K, used 266437K [0x0000000080000000, 0x0000000090900000, 0x00000000d5580000)
  object space 271360K, 98% used [0x0000000080000000,0x0000000090431700,0x0000000090900000)
 Metaspace       used 53844K, committed 54976K, reserved 1114112K
  class space    used 5395K, committed 5888K, reserved 1048576K
}
Event: 15.280 GC heap after
{Heap after GC invocations=197 (full 11):
 PSYoungGen      total 17408K, used 0K [0x00000000d5580000, 0x00000000d6d00000, 0x0000000100000000)
  eden space 12288K, 0% used [0x00000000d5580000,0x00000000d5580000,0x00000000d6180000)
  from space 5120K, 0% used [0x00000000d6180000,0x00000000d6180000,0x00000000d6680000)
  to   space 5120K, 0% used [0x00000000d6800000,0x00000000d6800000,0x00000000d6d00000)
 ParOldGen       total 271360K, used 268704K [0x0000000080000000, 0x0000000090900000, 0x00000000d5580000)
  object space 271360K, 99% used [0x0000000080000000,0x00000000906682d8,0x0000000090900000)
 Metaspace       used 53844K, committed 54976K, reserved 1114112K
  class space    used 5395K, committed 5888K, reserved 1048576K
}

Deoptimization events (20 events):
Event: 15.076 Thread 0x000001b8b41a6880 Uncommon trap: trap_request=0xffffffdc fr.pc=0x000001b8a0c003b4 relative=0x0000000000000294
Event: 15.076 Thread 0x000001b8b41a6880 Uncommon trap: reason=class_check action=make_not_entrant pc=0x000001b8a0c003b4 method=java.util.ArrayList.toArray([Ljava/lang/Object;)[Ljava/lang/Object; @ 21 c2
Event: 15.076 Thread 0x000001b8b41a6880 DEOPT PACKING pc=0x000001b8a0c003b4 sp=0x0000008684bfe100
Event: 15.076 Thread 0x000001b8b41a6880 DEOPT UNPACKING pc=0x000001b898b920a3 sp=0x0000008684bfe0c0 mode 2
Event: 15.085 Thread 0x000001b8b7473150 Uncommon trap: trap_request=0xffffff45 fr.pc=0x000001b8a084a394 relative=0x0000000000000334
Event: 15.085 Thread 0x000001b8b7473150 Uncommon trap: reason=unstable_if action=reinterpret pc=0x000001b8a084a394 method=java.lang.CharacterDataLatin1.digit(II)I @ 12 c2
Event: 15.085 Thread 0x000001b8b7473150 DEOPT PACKING pc=0x000001b8a084a394 sp=0x0000008685dfeac0
Event: 15.085 Thread 0x000001b8b7473150 DEOPT UNPACKING pc=0x000001b898b920a3 sp=0x0000008685dfe8e0 mode 2
Event: 15.154 Thread 0x000001b8b7473150 Uncommon trap: trap_request=0xffffff45 fr.pc=0x000001b8a0a44dd0 relative=0x0000000000000310
Event: 15.154 Thread 0x000001b8b7473150 Uncommon trap: reason=unstable_if action=reinterpret pc=0x000001b8a0a44dd0 method=org.eclipse.jdt.internal.core.util.Util.indexOfJavaLikeExtension(Ljava/lang/String;)I @ 42 c2
Event: 15.154 Thread 0x000001b8b7473150 DEOPT PACKING pc=0x000001b8a0a44dd0 sp=0x0000008685dfe230
Event: 15.154 Thread 0x000001b8b7473150 DEOPT UNPACKING pc=0x000001b898b920a3 sp=0x0000008685dfe1c0 mode 2
Event: 15.159 Thread 0x000001b8b7473150 DEOPT PACKING pc=0x000001b8992ebef6 sp=0x0000008685dfd9c0
Event: 15.159 Thread 0x000001b8b7473150 DEOPT UNPACKING pc=0x000001b898b92843 sp=0x0000008685dfceb0 mode 0
Event: 15.161 Thread 0x000001b8b7473150 DEOPT PACKING pc=0x000001b8992ebef6 sp=0x0000008685dfd9c0
Event: 15.161 Thread 0x000001b8b7473150 DEOPT UNPACKING pc=0x000001b898b92843 sp=0x0000008685dfceb0 mode 0
Event: 15.162 Thread 0x000001b8b7473150 DEOPT PACKING pc=0x000001b8992ebef6 sp=0x0000008685dfd9c0
Event: 15.162 Thread 0x000001b8b7473150 DEOPT UNPACKING pc=0x000001b898b92843 sp=0x0000008685dfceb0 mode 0
Event: 15.164 Thread 0x000001b8b7473150 DEOPT PACKING pc=0x000001b8992ebef6 sp=0x0000008685dfd9c0
Event: 15.164 Thread 0x000001b8b7473150 DEOPT UNPACKING pc=0x000001b898b92843 sp=0x0000008685dfceb0 mode 0

Classes loaded (20 events):
Event: 13.044 Loading class java/lang/UnsupportedClassVersionError
Event: 13.045 Loading class java/lang/UnsupportedClassVersionError done
Event: 14.090 Loading class java/util/concurrent/ConcurrentHashMap$TreeBin
Event: 14.090 Loading class java/util/concurrent/ConcurrentHashMap$TreeBin done
Event: 14.889 Loading class java/util/Collections$SynchronizedRandomAccessList
Event: 14.889 Loading class java/util/Collections$SynchronizedList
Event: 14.889 Loading class java/util/Collections$SynchronizedList done
Event: 14.889 Loading class java/util/Collections$SynchronizedRandomAccessList done
Event: 14.902 Loading class java/util/concurrent/CompletableFuture$Signaller
Event: 14.902 Loading class java/util/concurrent/CompletableFuture$Signaller done
Event: 14.908 Loading class java/util/concurrent/CompletionException
Event: 14.908 Loading class java/util/concurrent/CompletionException done
Event: 14.910 Loading class java/lang/Throwable$WrappedPrintWriter
Event: 14.911 Loading class java/lang/Throwable$PrintStreamOrWriter
Event: 14.911 Loading class java/lang/Throwable$PrintStreamOrWriter done
Event: 14.911 Loading class java/lang/Throwable$WrappedPrintWriter done
Event: 15.076 Loading class java/util/concurrent/CompletableFuture$UniAccept
Event: 15.076 Loading class java/util/concurrent/CompletableFuture$UniAccept done
Event: 15.076 Loading class java/util/concurrent/CompletableFuture$UniExceptionally
Event: 15.076 Loading class java/util/concurrent/CompletableFuture$UniExceptionally done

Classes unloaded (7 events):
Event: 2.592 Thread 0x000001b8ad8d4cc0 Unloading class 0x0000000800d96000 'java/lang/invoke/LambdaForm$MH+0x0000000800d96000'
Event: 2.592 Thread 0x000001b8ad8d4cc0 Unloading class 0x0000000800d95c00 'java/lang/invoke/LambdaForm$MH+0x0000000800d95c00'
Event: 2.592 Thread 0x000001b8ad8d4cc0 Unloading class 0x0000000800d95800 'java/lang/invoke/LambdaForm$MH+0x0000000800d95800'
Event: 2.592 Thread 0x000001b8ad8d4cc0 Unloading class 0x0000000800d95400 'java/lang/invoke/LambdaForm$MH+0x0000000800d95400'
Event: 2.592 Thread 0x000001b8ad8d4cc0 Unloading class 0x0000000800d95000 'java/lang/invoke/LambdaForm$BMH+0x0000000800d95000'
Event: 2.592 Thread 0x000001b8ad8d4cc0 Unloading class 0x0000000800d94c00 'java/lang/invoke/LambdaForm$DMH+0x0000000800d94c00'
Event: 2.592 Thread 0x000001b8ad8d4cc0 Unloading class 0x0000000800d93c00 'java/lang/invoke/LambdaForm$DMH+0x0000000800d93c00'

Classes redefined (0 events):
No events

Internal exceptions (20 events):
Event: 12.439 Thread 0x000001b8b7473150 Exception <a 'sun/nio/fs/WindowsException'{0x00000000d57e9f38}> (0x00000000d57e9f38) 
thrown [s\open\src\hotspot\share\prims\jni.cpp, line 516]
Event: 12.466 Thread 0x000001b8b7473150 Exception <a 'sun/nio/fs/WindowsException'{0x00000000d59922f8}> (0x00000000d59922f8) 
thrown [s\open\src\hotspot\share\prims\jni.cpp, line 516]
Event: 12.492 Thread 0x000001b8b7473150 Exception <a 'sun/nio/fs/WindowsException'{0x00000000d561b680}> (0x00000000d561b680) 
thrown [s\open\src\hotspot\share\prims\jni.cpp, line 516]
Event: 12.499 Thread 0x000001b8b7473150 Exception <a 'sun/nio/fs/WindowsException'{0x00000000d5870928}> (0x00000000d5870928) 
thrown [s\open\src\hotspot\share\prims\jni.cpp, line 516]
Event: 12.503 Thread 0x000001b8b7473150 Exception <a 'sun/nio/fs/WindowsException'{0x00000000d5a19fc8}> (0x00000000d5a19fc8) 
thrown [s\open\src\hotspot\share\prims\jni.cpp, line 516]
Event: 12.512 Thread 0x000001b8b7473150 Exception <a 'sun/nio/fs/WindowsException'{0x00000000d5678b28}> (0x00000000d5678b28) 
thrown [s\open\src\hotspot\share\prims\jni.cpp, line 516]
Event: 12.516 Thread 0x000001b8b7473150 Exception <a 'sun/nio/fs/WindowsException'{0x00000000d57ec950}> (0x00000000d57ec950) 
thrown [s\open\src\hotspot\share\prims\jni.cpp, line 516]
Event: 12.521 Thread 0x000001b8b7473150 Exception <a 'sun/nio/fs/WindowsException'{0x00000000d59c6fb0}> (0x00000000d59c6fb0) 
thrown [s\open\src\hotspot\share\prims\jni.cpp, line 516]
Event: 12.529 Thread 0x000001b8b7473150 Exception <a 'sun/nio/fs/WindowsException'{0x00000000d56c5240}> (0x00000000d56c5240) 
thrown [s\open\src\hotspot\share\prims\jni.cpp, line 516]
Event: 12.540 Thread 0x000001b8b7473150 Exception <a 'sun/nio/fs/WindowsException'{0x00000000d59ff700}> (0x00000000d59ff700) 
thrown [s\open\src\hotspot\share\prims\jni.cpp, line 516]
Event: 12.548 Thread 0x000001b8b7473150 Exception <a 'sun/nio/fs/WindowsException'{0x00000000d56c9598}> (0x00000000d56c9598) 
thrown [s\open\src\hotspot\share\prims\jni.cpp, line 516]
Event: 12.555 Thread 0x000001b8b7473150 Exception <a 'sun/nio/fs/WindowsException'{0x00000000d59d3fb0}> (0x00000000d59d3fb0) 
thrown [s\open\src\hotspot\share\prims\jni.cpp, line 516]
Event: 12.572 Thread 0x000001b8b7473150 Exception <a 'sun/nio/fs/WindowsException'{0x00000000d57f0650}> (0x00000000d57f0650) 
thrown [s\open\src\hotspot\share\prims\jni.cpp, line 516]
Event: 13.054 Thread 0x000001b8b41a7bc0 Exception <a 'java/lang/NoSuchMethodError'{0x00000000d586c4c0}: 'int java.lang.invoke.Invokers$Holder.invokeExact_MT(java.lang.Object, java.lang.Object)'> (0x00000000d586c4c0) 
thrown [s\open\src\hotspot\share\interpreter\linkResolver.cpp, line 759]
Event: 13.466 Thread 0x000001b8b41a7bc0 Implicit null exception at 0x000001b8a0ad68f4 to 0x000001b8a0ad69b4
Event: 13.849 Thread 0x000001b8b746fc60 Exception <a 'java/lang/NoSuchMethodError'{0x00000000d59f4200}: 'java.lang.Object java.lang.invoke.DirectMethodHandle$Holder.invokeStatic(java.lang.Object, java.lang.Object, java.lang.Object, long)'> (0x00000000d59f4200) 
thrown [s\open\src\hotspot\share\interpreter\linkResolver.cpp, line 759]
Event: 13.852 Thread 0x000001b8b746fc60 Exception <a 'java/lang/NoSuchMethodError'{0x00000000d5ac6a18}: 'java.lang.Object java.lang.invoke.DirectMethodHandle$Holder.newInvokeSpecial(java.lang.Object, java.lang.Object, java.lang.Object, long)'> (0x00000000d5ac6a18) 
thrown [s\open\src\hotspot\share\interpreter\linkResolver.cpp, line 759]
Event: 13.854 Thread 0x000001b8b746fc60 Exception <a 'java/lang/NoSuchMethodError'{0x00000000d5b087d8}: 'java.lang.Object java.lang.invoke.Invokers$Holder.linkToTargetMethod(java.lang.Object, java.lang.Object, long, java.lang.Object)'> (0x00000000d5b087d8) 
thrown [s\open\src\hotspot\share\interpreter\linkResolver.cpp, line 759]
Event: 14.943 Thread 0x000001b8b41a7bc0 Exception <a 'java/lang/IncompatibleClassChangeError'{0x00000000d5600578}: Found class java.lang.Object, but interface was expected> (0x00000000d5600578) 
thrown [s\open\src\hotspot\share\interpreter\linkResolver.cpp, line 826]
Event: 15.075 Thread 0x000001b8b41a6880 Exception <a 'java/io/FileNotFoundException'{0x00000000d55a1bf0}> (0x00000000d55a1bf0) 
thrown [s\open\src\hotspot\share\prims\jni.cpp, line 516]

VM Operations (20 events):
Event: 14.844 Executing VM operation: ParallelGCFailedAllocation
Event: 14.849 Executing VM operation: ParallelGCFailedAllocation done
Event: 14.882 Executing VM operation: ParallelGCFailedAllocation
Event: 14.885 Executing VM operation: ParallelGCFailedAllocation done
Event: 14.934 Executing VM operation: ParallelGCFailedAllocation
Event: 14.941 Executing VM operation: ParallelGCFailedAllocation done
Event: 14.985 Executing VM operation: ParallelGCFailedAllocation
Event: 14.993 Executing VM operation: ParallelGCFailedAllocation done
Event: 15.014 Executing VM operation: ParallelGCFailedAllocation
Event: 15.022 Executing VM operation: ParallelGCFailedAllocation done
Event: 15.038 Executing VM operation: ParallelGCFailedAllocation
Event: 15.044 Executing VM operation: ParallelGCFailedAllocation done
Event: 15.059 Executing VM operation: ParallelGCFailedAllocation
Event: 15.071 Executing VM operation: ParallelGCFailedAllocation done
Event: 15.097 Executing VM operation: ParallelGCFailedAllocation
Event: 15.101 Executing VM operation: ParallelGCFailedAllocation done
Event: 15.121 Executing VM operation: ParallelGCFailedAllocation
Event: 15.127 Executing VM operation: ParallelGCFailedAllocation done
Event: 15.178 Executing VM operation: ParallelGCFailedAllocation
Event: 15.281 Executing VM operation: ParallelGCFailedAllocation done

Events (20 events):
Event: 12.474 Thread 0x000001b8ad8f10d0 flushing nmethod 0x000001b89a005490
Event: 12.474 Thread 0x000001b8ad8f10d0 flushing nmethod 0x000001b89a005b10
Event: 12.474 Thread 0x000001b8ad8f10d0 flushing nmethod 0x000001b89a00aa10
Event: 12.474 Thread 0x000001b8ad8f10d0 flushing nmethod 0x000001b89a00bf10
Event: 12.475 Thread 0x000001b8ad8f10d0 flushing nmethod 0x000001b89a02f010
Event: 12.475 Thread 0x000001b8ad8f10d0 flushing nmethod 0x000001b89a02ff90
Event: 12.475 Thread 0x000001b8ad8f10d0 flushing nmethod 0x000001b89a043d90
Event: 12.475 Thread 0x000001b8ad8f10d0 flushing nmethod 0x000001b89a044b90
Event: 12.570 Thread 0x000001b8b746d5e0 Thread exited: 0x000001b8b746d5e0
Event: 14.157 Thread 0x000001b8ad8f10d0 flushing nmethod 0x000001b8a0b9bc10
Event: 14.162 Thread 0x000001b8ad8f10d0 flushing nmethod 0x000001b899634990
Event: 14.169 Thread 0x000001b8ad8f10d0 flushing nmethod 0x000001b8997e9a90
Event: 14.177 Thread 0x000001b8ad8f10d0 flushing nmethod 0x000001b899c3fb90
Event: 14.177 Thread 0x000001b8ad8f10d0 flushing nmethod 0x000001b899cd5490
Event: 14.177 Thread 0x000001b8ad8f10d0 flushing nmethod 0x000001b899cddc90
Event: 14.182 Thread 0x000001b8ad8f10d0 flushing nmethod 0x000001b899f49910
Event: 14.184 Thread 0x000001b8ad8f10d0 flushing nmethod 0x000001b899fdb610
Event: 14.184 Thread 0x000001b8ad8f10d0 flushing nmethod 0x000001b899fe0010
Event: 14.185 Thread 0x000001b8ad8f10d0 flushing nmethod 0x000001b89a069a10
Event: 15.084 Thread 0x000001b8b74727b0 Thread added: 0x000001b8b74727b0


Dynamic libraries:
0x00007ff7f7150000 - 0x00007ff7f7160000 	C:\Program Files\Java\jdk-18.0.2.1\bin\java.exe
0x00007ff83c050000 - 0x00007ff83c264000 	C:\WINDOWS\SYSTEM32\ntdll.dll
0x00007ff839e50000 - 0x00007ff839f12000 	C:\WINDOWS\System32\KERNEL32.DLL
0x00007ff839850000 - 0x00007ff839bed000 	C:\WINDOWS\System32\KERNELBASE.dll
0x00007ff839520000 - 0x00007ff839631000 	C:\WINDOWS\System32\ucrtbase.dll
0x00007ff830da0000 - 0x00007ff830db8000 	C:\Program Files\Java\jdk-18.0.2.1\bin\jli.dll
0x00007ff83bec0000 - 0x00007ff83bf6e000 	C:\WINDOWS\System32\ADVAPI32.dll
0x00007ff829c10000 - 0x00007ff829c2a000 	C:\Program Files\Java\jdk-18.0.2.1\bin\VCRUNTIME140.dll
0x00007ff83a8c0000 - 0x00007ff83a967000 	C:\WINDOWS\System32\msvcrt.dll
0x00007ff839f20000 - 0x00007ff839fc4000 	C:\WINDOWS\System32\sechost.dll
0x00007ff83b120000 - 0x00007ff83b235000 	C:\WINDOWS\System32\RPCRT4.dll
0x00007ff83b5d0000 - 0x00007ff83b77a000 	C:\WINDOWS\System32\USER32.dll
0x00007ff81be20000 - 0x00007ff81c0ae000 	C:\WINDOWS\WinSxS\amd64_microsoft.windows.common-controls_6595b64144ccf1df_6.0.22621.436_none_a94247dbc10d8414\COMCTL32.dll
0x00007ff839640000 - 0x00007ff839666000 	C:\WINDOWS\System32\win32u.dll
0x00007ff83a7b0000 - 0x00007ff83a7d9000 	C:\WINDOWS\System32\GDI32.dll
0x00007ff839c70000 - 0x00007ff839d82000 	C:\WINDOWS\System32\gdi32full.dll
0x00007ff830440000 - 0x00007ff83044a000 	C:\WINDOWS\SYSTEM32\VERSION.dll
0x00007ff839480000 - 0x00007ff83951a000 	C:\WINDOWS\System32\msvcp_win.dll
0x00007ff83a870000 - 0x00007ff83a8a2000 	C:\WINDOWS\System32\IMM32.DLL
0x00007ff8349c0000 - 0x00007ff8349cc000 	C:\Program Files\Java\jdk-18.0.2.1\bin\vcruntime140_1.dll
0x00007ff8248e0000 - 0x00007ff82496d000 	C:\Program Files\Java\jdk-18.0.2.1\bin\msvcp140.dll
0x00007fffb9ee0000 - 0x00007fffbaaf1000 	C:\Program Files\Java\jdk-18.0.2.1\bin\server\jvm.dll
0x00007ff83a8b0000 - 0x00007ff83a8b8000 	C:\WINDOWS\System32\PSAPI.DLL
0x00007fffea4f0000 - 0x00007fffea4f9000 	C:\WINDOWS\SYSTEM32\WSOCK32.dll
0x00007ff830450000 - 0x00007ff830484000 	C:\WINDOWS\SYSTEM32\WINMM.dll
0x00007ff83bc00000 - 0x00007ff83bc71000 	C:\WINDOWS\System32\WS2_32.dll
0x00007ff838550000 - 0x00007ff838568000 	C:\WINDOWS\SYSTEM32\kernel.appcore.dll
0x00007ff830d90000 - 0x00007ff830d9a000 	C:\Program Files\Java\jdk-18.0.2.1\bin\jimage.dll
0x00007ff831140000 - 0x00007ff83136e000 	C:\WINDOWS\SYSTEM32\DBGHELP.DLL
0x00007ff83b240000 - 0x00007ff83b5ca000 	C:\WINDOWS\System32\combase.dll
0x00007ff83b040000 - 0x00007ff83b117000 	C:\WINDOWS\System32\OLEAUT32.dll
0x00007ff82c380000 - 0x00007ff82c3b2000 	C:\WINDOWS\SYSTEM32\dbgcore.DLL
0x00007ff839bf0000 - 0x00007ff839c6b000 	C:\WINDOWS\System32\bcryptPrimitives.dll
0x00007ff830d60000 - 0x00007ff830d6e000 	C:\Program Files\Java\jdk-18.0.2.1\bin\instrument.dll
0x00007ff826ac0000 - 0x00007ff826ae5000 	C:\Program Files\Java\jdk-18.0.2.1\bin\java.dll
0x00007fffd32e0000 - 0x00007fffd33b6000 	C:\Program Files\Java\jdk-18.0.2.1\bin\jsvml.dll
0x00007ff839fd0000 - 0x00007ff83a7b0000 	C:\WINDOWS\System32\SHELL32.dll
0x00007ff837480000 - 0x00007ff837d45000 	C:\WINDOWS\SYSTEM32\windows.storage.dll
0x00007ff837340000 - 0x00007ff83747e000 	C:\WINDOWS\SYSTEM32\wintypes.dll
0x00007ff83a980000 - 0x00007ff83aa71000 	C:\WINDOWS\System32\SHCORE.dll
0x00007ff83aed0000 - 0x00007ff83af2e000 	C:\WINDOWS\System32\shlwapi.dll
0x00007ff8393b0000 - 0x00007ff8393d1000 	C:\WINDOWS\SYSTEM32\profapi.dll
0x00007ff829bd0000 - 0x00007ff829be8000 	C:\Program Files\Java\jdk-18.0.2.1\bin\zip.dll
0x00007ff826950000 - 0x00007ff826963000 	C:\Program Files\Java\jdk-18.0.2.1\bin\net.dll
0x00007ff832930000 - 0x00007ff832a5f000 	C:\WINDOWS\SYSTEM32\WINHTTP.dll
0x00007ff8389f0000 - 0x00007ff838a59000 	C:\WINDOWS\system32\mswsock.dll
0x00007ff81a120000 - 0x00007ff81a136000 	C:\Program Files\Java\jdk-18.0.2.1\bin\nio.dll
0x00007ff830d20000 - 0x00007ff830d30000 	C:\Program Files\Java\jdk-18.0.2.1\bin\verify.dll
0x00007ff813cf0000 - 0x00007ff813d2e000 	C:\Users\Alex_Carl\AppData\Roaming\Code\User\globalStorage\redhat.java\1.12.0\config_win\org.eclipse.equinox.launcher\org.eclipse.equinox.launcher.win32.win32.x86_64_1.2.600.v20220720-1916\eclipse_11700.dll
0x00007ff83bc90000 - 0x00007ff83be2c000 	C:\WINDOWS\System32\ole32.dll
0x00007ff838d00000 - 0x00007ff838d1b000 	C:\WINDOWS\SYSTEM32\CRYPTSP.dll
0x00007ff838510000 - 0x00007ff838545000 	C:\WINDOWS\system32\rsaenh.dll
0x00007ff838a90000 - 0x00007ff838ab8000 	C:\WINDOWS\SYSTEM32\USERENV.dll
0x00007ff838e20000 - 0x00007ff838e48000 	C:\WINDOWS\SYSTEM32\bcrypt.dll
0x00007ff838ce0000 - 0x00007ff838cec000 	C:\WINDOWS\SYSTEM32\CRYPTBASE.dll
0x00007ff838010000 - 0x00007ff83803d000 	C:\WINDOWS\SYSTEM32\IPHLPAPI.DLL
0x00007ff83af30000 - 0x00007ff83af39000 	C:\WINDOWS\System32\NSI.dll
0x00007ff8332b0000 - 0x00007ff8332c9000 	C:\WINDOWS\SYSTEM32\dhcpcsvc6.DLL
0x00007ff833290000 - 0x00007ff8332af000 	C:\WINDOWS\SYSTEM32\dhcpcsvc.DLL
0x00007ff838080000 - 0x00007ff838172000 	C:\WINDOWS\SYSTEM32\DNSAPI.dll
0x00007ff804b80000 - 0x00007ff804bc0000 	C:\Users\Alex_Carl\AppData\Local\Temp\jna-693416089\jna8247803888869781946.dll

dbghelp: loaded successfully - version: 4.0.5 - missing functions: none
symbol engine: initialized successfully - sym options: 0x614 - pdb path: .;C:\Program Files\Java\jdk-18.0.2.1\bin;C:\WINDOWS\SYSTEM32;C:\WINDOWS\WinSxS\amd64_microsoft.windows.common-controls_6595b64144ccf1df_6.0.22621.436_none_a94247dbc10d8414;C:\Program Files\Java\jdk-18.0.2.1\bin\server;C:\Users\Alex_Carl\AppData\Roaming\Code\User\globalStorage\redhat.java\1.12.0\config_win\org.eclipse.equinox.launcher\org.eclipse.equinox.launcher.win32.win32.x86_64_1.2.600.v20220720-1916;C:\Users\Alex_Carl\AppData\Local\Temp\jna-693416089

VM Arguments:
jvm_args: --add-modules=ALL-SYSTEM --add-opens=java.base/java.util=ALL-UNNAMED --add-opens=java.base/java.lang=ALL-UNNAMED --add-opens=java.base/sun.nio.fs=ALL-UNNAMED -Declipse.application=org.eclipse.jdt.ls.core.id1 -Dosgi.bundles.defaultStartLevel=4 -Declipse.product=org.eclipse.jdt.ls.core.product -Djava.import.generatesMetadataFilesAtProjectRoot=false -Dfile.encoding=utf8 -XX:+UseParallelGC -XX:GCTimeRatio=4 -XX:AdaptiveSizePolicyWeight=90 -Dsun.zip.disableMemoryMapping=true -Xmx2G -Xms100m -Xlog:disable -javaagent:c:\Users\Alex_Carl\.vscode\extensions\redhat.java-1.12.0-win32-x64\lombok\lombok-1.18.24.jar -XX:+HeapDumpOnOutOfMemoryError -XX:HeapDumpPath=c:\Users\Alex_Carl\AppData\Roaming\Code\User\workspaceStorage\8fc2cf8042da9f67ae59f267ca66bdab\redhat.java 
java_command: c:\Users\Alex_Carl\.vscode\extensions\redhat.java-1.12.0-win32-x64\server\plugins\org.eclipse.equinox.launcher_1.6.400.v20210924-0641.jar -configuration c:\Users\Alex_Carl\AppData\Roaming\Code\User\globalStorage\redhat.java\1.12.0\config_win -data c:\Users\Alex_Carl\AppData\Roaming\Code\User\workspaceStorage\8fc2cf8042da9f67ae59f267ca66bdab\redhat.java\jdt_ws
java_class_path (initial): c:\Users\Alex_Carl\.vscode\extensions\redhat.java-1.12.0-win32-x64\server\plugins\org.eclipse.equinox.launcher_1.6.400.v20210924-0641.jar
Launcher Type: SUN_STANDARD

[Global flags]
    uintx AdaptiveSizePolicyWeight                 = 90                                        {product} {command line}
     intx CICompilerCount                          = 12                                        {product} {ergonomic}
    uintx GCTimeRatio                              = 4                                         {product} {command line}
     bool HeapDumpOnOutOfMemoryError               = true                                   {manageable} {command line}
    ccstr HeapDumpPath                             = c:\Users\Alex_Carl\AppData\Roaming\Code\User\workspaceStorage\8fc2cf8042da9f67ae59f267ca66bdab\redhat.java         {manageable} {command line}
   size_t InitialHeapSize                          = 104857600                                 {product} {command line}
   size_t MaxHeapSize                              = 2147483648                                {product} {command line}
   size_t MaxNewSize                               = 715653120                                 {product} {ergonomic}
   size_t MinHeapDeltaBytes                        = 524288                                    {product} {ergonomic}
   size_t MinHeapSize                              = 104857600                                 {product} {command line}
   size_t NewSize                                  = 34603008                                  {product} {ergonomic}
    uintx NonNMethodCodeHeapSize                   = 7602480                                {pd product} {ergonomic}
    uintx NonProfiledCodeHeapSize                  = 122027880                              {pd product} {ergonomic}
   size_t OldSize                                  = 70254592                                  {product} {ergonomic}
    uintx ProfiledCodeHeapSize                     = 122027880                              {pd product} {ergonomic}
    uintx ReservedCodeCacheSize                    = 251658240                              {pd product} {ergonomic}
     bool SegmentedCodeCache                       = true                                      {product} {ergonomic}
   size_t SoftMaxHeapSize                          = 2147483648                             {manageable} {ergonomic}
     bool UseCompressedClassPointers               = true                           {product lp64_product} {ergonomic}
     bool UseCompressedOops                        = true                           {product lp64_product} {ergonomic}
     bool UseLargePagesIndividualAllocation        = false                                  {pd product} {ergonomic}
     bool UseParallelGC                            = true                                      {product} {command line}

Logging:
Log output configuration:
 #0: stdout all=off uptime,level,tags foldmultilines=false
 #1: stderr all=off uptime,level,tags foldmultilines=false

Environment Variables:
JAVA_HOME=C:\Program Files\Java\jdk-18.0.2.1
PATH=C:\Program Files\Common Files\Oracle\Java\javapath;C:\Program Files\Zulu\zulu-8\bin\;C:\Program Files (x86)\VMware\VMware Workstation\bin\;C:\Program Files\Microsoft\jdk-11.0.12.7-hotspot\bin;C:\WINDOWS\system32;C:\WINDOWS;C:\WINDOWS\System32\Wbem;C:\WINDOWS\System32\WindowsPowerShell\v1.0\;C:\WINDOWS\System32\OpenSSH\;C:\Program Files\Microsoft VS Code\bin;C:\xampp\php;C:\ProgramData\ComposerSetup\bin;C:\Program Files\Microsoft SQL Server\130\Tools\Binn\;C:\Program Files\Microsoft SQL Server\Client SDK\ODBC\170\Tools\Binn\;C:\Program Files (x86)\Microsoft SQL Server\150\Tools\Binn\;C:\Program Files\Microsoft SQL Server\150\Tools\Binn\;C:\Program Files\Microsoft SQL Server\150\DTS\Binn\;C:\Program Files (x86)\Microsoft SQL Server\150\DTS\Binn\;C:\Program Files\Azure Data Studio\bin;C:\Program Files\nodejs\;C:\ProgramData\chocolatey\bin;C:\WINDOWS\system32;C:\WINDOWS;C:\WINDOWS\System32\Wbem;C:\WINDOWS\System32\WindowsPowerShell\v1.0\;C:\WINDOWS\System32\OpenSSH\;C:\Users\Alex_Carl\AppData\Local\Programs\Python\Python310;C;C:\Program Files\Git\cmd;C:\Program Files\Gradle\gradle-7.4.2\bin;C:\Users\Alex_Carl\flutter\bin;C:\Program Files\dotnet\;C:\Users\Alex_Carl\AppData\Local\Programs\Python\Python310\Scripts\;C:\Users\Alex_Carl\AppData\Local\Programs\Python\Python310\;C:\Users\Alex_Carl\AppData\Local\Microsoft\WindowsApps;C:\Users\Alex_Carl\AppData\Roaming\Composer\vendor\bin;C:\Program Files\Azure Data Studio\bin;C:\Users\Alex_Carl\AppData\Roaming\npm;C:\Users\Alex_Carl\AppData\Local\GitHubDesktop\bin;C:\Program Files\JetBrains\IntelliJ IDEA Community Edition 2022.1.2\bin;;C:\Users\Alex_Carl\.dotnet\tools
USERNAME=Alex_Carl
OS=Windows_NT
PROCESSOR_IDENTIFIER=AMD64 Family 23 Model 8 Stepping 2, AuthenticAMD



---------------  S Y S T E M  ---------------

OS:
 Windows 11 , 64 bit Build 22621 (10.0.22621.746)
OS uptime: 0 days 7:58 hours
Hyper-V role detected

CPU: total 16 (initial active 16) (16 cores per cpu, 2 threads per core) family 23 model 8 stepping 2 microcode 0x0, cx8, cmov, fxsr, ht, mmx, 3dnowpref, sse, sse2, sse3, ssse3, sse4a, sse4.1, sse4.2, popcnt, lzcnt, tsc, tscinvbit, avx, avx2, aes, clmul, bmi1, bmi2, adx, sha, fma, vzeroupper, clflush, clflushopt, hv

Memory: 4k page, system-wide physical 32696M (15755M free)
TotalPageFile size 32696M (AvailPageFile size 5M)
current process WorkingSet (physical memory assigned to process): 681M, peak: 681M
current process commit charge ("private bytes"): 659M, peak: 1751M

vm_info: Java HotSpot(TM) 64-Bit Server VM (18.0.2.1+1-1) for windows-amd64 JRE (18.0.2.1+1-1), built on Aug 16 2022 01:46:33 by "mach5one" with MS VC++ 16.8 / 16.9 (VS2019)

END.
