#
# There is insufficient memory for the Java Runtime Environment to continue.
# Native memory allocation (malloc) failed to allocate 32744 bytes for ChunkPool::allocate
# Possible reasons:
#   The system is out of physical RAM or swap space
#   The process is running with CompressedOops enabled, and the Java Heap may be blocking the growth of the native heap
# Possible solutions:
#   Reduce memory load on the system
#   Increase physical memory or swap space
#   Check if swap backing store is full
#   Decrease Java heap size (-Xmx/-Xms)
#   Decrease number of Java threads
#   Decrease Java thread stack sizes (-Xss)
#   Set larger code cache with -XX:ReservedCodeCacheSize=
#   JVM is running with Zero Based Compressed Oops mode in which the Java heap is
#     placed in the first 32GB address space. The Java Heap base address is the
#     maximum limit for the native heap growth. Please use -XX:HeapBaseMinAddress
#     to set the Java Heap base and to place the Java Heap above 32GB virtual address.
# This output file may be truncated or incomplete.
#
#  Out of Memory Error (./src/hotspot/share/memory/arena.cpp:81), pid=18884, tid=17388
#
# JRE version: OpenJDK Runtime Environment Microsoft-40648 (11.0.16.1+1) (build 11.0.16.1+1-LTS)
# Java VM: OpenJDK 64-Bit Server VM Microsoft-40648 (11.0.16.1+1-LTS, mixed mode, tiered, compressed oops, g1 gc, windows-amd64)
# No core dump will be written. Minidumps are not enabled by default on client versions of Windows
#

---------------  S U M M A R Y ------------

Command Line: --add-modules=ALL-DEFAULT jdk.compiler/com.sun.tools.javac.launcher.Main PAS_Azis.java

Host: AMD Ryzen 7 2700X Eight-Core Processor         , 16 cores, 31G,  Windows 11 , 64 bit Build 22621 (10.0.22621.1037)
Time: Sat Dec 31 13:59:04 2022 SE Asia Standard Time elapsed time: 0.985385 seconds (0d 0h 0m 0s)

---------------  T H R E A D  ---------------

Current thread (0x0000026a7f390000):  JavaThread "C2 CompilerThread2" daemon [_thread_in_native, id=17388, stack(0x000000d3e3f00000,0x000000d3e4000000)]


Current CompileTask:
C2:    985 1146       4       java.util.regex.Pattern::atom (422 bytes)

Stack: [0x000000d3e3f00000,0x000000d3e4000000]
Native frames: (J=compiled Java code, j=interpreted, Vv=VM code, C=native code)
V  [jvm.dll+0x62652a]
V  [jvm.dll+0x7b3249]
V  [jvm.dll+0x7b4938]
V  [jvm.dll+0x7b5013]
V  [jvm.dll+0x24fca8]
V  [jvm.dll+0xc288b]
V  [jvm.dll+0xc2bec]
V  [jvm.dll+0x5b4991]
V  [jvm.dll+0x5b4b3e]
V  [jvm.dll+0x5b4b3e]
V  [jvm.dll+0x5b93ce]
V  [jvm.dll+0x5b9b65]
V  [jvm.dll+0x5b887e]
V  [jvm.dll+0x208e77]
V  [jvm.dll+0x2080fd]
V  [jvm.dll+0x18a411]
V  [jvm.dll+0x217954]
V  [jvm.dll+0x215b9b]
V  [jvm.dll+0x775d50]
V  [jvm.dll+0x76ec84]
V  [jvm.dll+0x625395]
C  [ucrtbase.dll+0x29363]
C  [KERNEL32.DLL+0x126bd]
C  [ntdll.dll+0x5dfb8]


---------------  P R O C E S S  ---------------

Threads class SMR info:
_java_thread_list=0x0000026a0035b280, length=19, elements={
0x0000026a4e7be800, 0x0000026a7f135000, 0x0000026a7f13e000, 0x0000026a7f19f800,
0x0000026a7f1a0800, 0x0000026a7f1a2000, 0x0000026a7f1ad000, 0x0000026a7f1b9000,
0x0000026a7f1c7000, 0x0000026a7f2ca000, 0x0000026a7f2cb800, 0x0000026a7f2bd800,
0x0000026a7f33d800, 0x0000026a7f362800, 0x0000026a7f390000, 0x0000026a7fa28000,
0x0000026a00331000, 0x0000026a00332000, 0x0000026a00332800
}

Java Threads: ( => current thread )
  0x0000026a4e7be800 JavaThread "main" [_thread_in_vm, id=7888, stack(0x000000d3e2b00000,0x000000d3e2c00000)]
  0x0000026a7f135000 JavaThread "Reference Handler" daemon [_thread_blocked, id=12096, stack(0x000000d3e3200000,0x000000d3e3300000)]
  0x0000026a7f13e000 JavaThread "Finalizer" daemon [_thread_blocked, id=22428, stack(0x000000d3e3300000,0x000000d3e3400000)]
  0x0000026a7f19f800 JavaThread "Signal Dispatcher" daemon [_thread_blocked, id=24560, stack(0x000000d3e3400000,0x000000d3e3500000)]
  0x0000026a7f1a0800 JavaThread "Attach Listener" daemon [_thread_blocked, id=17012, stack(0x000000d3e3500000,0x000000d3e3600000)]
  0x0000026a7f1a2000 JavaThread "Service Thread" daemon [_thread_blocked, id=19860, stack(0x000000d3e3600000,0x000000d3e3700000)]
  0x0000026a7f1ad000 JavaThread "C2 CompilerThread0" daemon [_thread_in_native, id=9616, stack(0x000000d3e3700000,0x000000d3e3800000)]
  0x0000026a7f1b9000 JavaThread "C1 CompilerThread0" daemon [_thread_blocked, id=15492, stack(0x000000d3e3800000,0x000000d3e3900000)]
  0x0000026a7f1c7000 JavaThread "Sweeper thread" daemon [_thread_blocked, id=18860, stack(0x000000d3e3900000,0x000000d3e3a00000)]
  0x0000026a7f2ca000 JavaThread "Common-Cleaner" daemon [_thread_blocked, id=8528, stack(0x000000d3e3a00000,0x000000d3e3b00000)]
  0x0000026a7f2cb800 JavaThread "C1 CompilerThread1" daemon [_thread_blocked, id=17636, stack(0x000000d3e3b00000,0x000000d3e3c00000)]
  0x0000026a7f2bd800 JavaThread "C1 CompilerThread2" daemon [_thread_blocked, id=11672, stack(0x000000d3e3c00000,0x000000d3e3d00000)]
  0x0000026a7f33d800 JavaThread "C1 CompilerThread3" daemon [_thread_blocked, id=1388, stack(0x000000d3e3d00000,0x000000d3e3e00000)]
  0x0000026a7f362800 JavaThread "C2 CompilerThread1" daemon [_thread_in_native, id=10600, stack(0x000000d3e3e00000,0x000000d3e3f00000)]
=>0x0000026a7f390000 JavaThread "C2 CompilerThread2" daemon [_thread_in_native, id=17388, stack(0x000000d3e3f00000,0x000000d3e4000000)]
  0x0000026a7fa28000 JavaThread "C2 CompilerThread3" daemon [_thread_in_native, id=11480, stack(0x000000d3e4100000,0x000000d3e4200000)]
  0x0000026a00331000 JavaThread "C2 CompilerThread4" daemon [_thread_in_native, id=17156, stack(0x000000d3e4200000,0x000000d3e4300000)]
  0x0000026a00332000 JavaThread "C2 CompilerThread5" daemon [_thread_in_native, id=5496, stack(0x000000d3e4300000,0x000000d3e4400000)]
  0x0000026a00332800 JavaThread "C2 CompilerThread6" daemon [_thread_in_native, id=14884, stack(0x000000d3e4400000,0x000000d3e4500000)]

Other Threads:
  0x0000026a7f113000 VMThread "VM Thread" [stack: 0x000000d3e3100000,0x000000d3e3200000] [id=15384]
  0x0000026a7f550800 WatcherThread [stack: 0x000000d3e4000000,0x000000d3e4100000] [id=12192]
  0x0000026a4e71b000 GCTaskThread "GC Thread#0" [stack: 0x000000d3e2c00000,0x000000d3e2d00000] [id=17412]
  0x0000026a4e855000 ConcurrentGCThread "G1 Main Marker" [stack: 0x000000d3e2d00000,0x000000d3e2e00000] [id=12120]
  0x0000026a4e857000 ConcurrentGCThread "G1 Conc#0" [stack: 0x000000d3e2e00000,0x000000d3e2f00000] [id=23908]
  0x0000026a7e668800 ConcurrentGCThread "G1 Refine#0" [stack: 0x000000d3e2f00000,0x000000d3e3000000] [id=3188]
  0x0000026a7e66b800 ConcurrentGCThread "G1 Young RemSet Sampling" [stack: 0x000000d3e3000000,0x000000d3e3100000] [id=13512]

Threads with active compile tasks:
C2 CompilerThread0     1041 1157       4       jdk.internal.jimage.ImageLocation::getAttributeString (54 bytes)
C2 CompilerThread1     1041 1159       4       jdk.internal.jimage.ImageStringsReader::get (9 bytes)
C2 CompilerThread2     1041 1146       4       java.util.regex.Pattern::atom (422 bytes)
C2 CompilerThread3     1042 1161       4       java.lang.StringUTF16::compress (50 bytes)
C2 CompilerThread4     1042 1142       4       jdk.internal.jimage.BasicImageReader::getString (48 bytes)
C2 CompilerThread5     1042 1164       4       java.util.regex.Pattern::compile (498 bytes)
C2 CompilerThread6     1042 1160       4       jdk.internal.jimage.ImageStringsReader::stringFromByteBuffer (28 bytes)

VM state:not at safepoint (normal execution)

VM Mutex/Monitor currently owned by a thread: None

Heap address: 0x0000000601000000, size: 8176 MB, Compressed Oops mode: Zero based, Oop shift amount: 3
Narrow klass base: 0x0000000800000000, Narrow klass shift: 0
Compressed class space size: 1073741824 Address: 0x0000000800000000

Heap:
 garbage-first heap   total 524288K, used 22528K [0x0000000601000000, 0x0000000800000000)
  region size 2048K, 12 young (24576K), 0 survivors (0K)
 Metaspace       used 14165K, capacity 14462K, committed 14720K, reserved 1062912K
  class space    used 1478K, capacity 1590K, committed 1664K, reserved 1048576K
Heap Regions: E=young(eden), S=young(survivor), O=old, HS=humongous(starts), HC=humongous(continues), CS=collection set, F=free, A=archive, TAMS=top-at-mark-start (previous, next)
|   0|0x0000000601000000, 0x0000000601000000, 0x0000000601200000|  0%| F|  |TAMS 0x0000000601000000, 0x0000000601000000| Untracked 
|   1|0x0000000601200000, 0x0000000601200000, 0x0000000601400000|  0%| F|  |TAMS 0x0000000601200000, 0x0000000601200000| Untracked 
|   2|0x0000000601400000, 0x0000000601400000, 0x0000000601600000|  0%| F|  |TAMS 0x0000000601400000, 0x0000000601400000| Untracked 
|   3|0x0000000601600000, 0x0000000601600000, 0x0000000601800000|  0%| F|  |TAMS 0x0000000601600000, 0x0000000601600000| Untracked 
|   4|0x0000000601800000, 0x0000000601800000, 0x0000000601a00000|  0%| F|  |TAMS 0x0000000601800000, 0x0000000601800000| Untracked 
|   5|0x0000000601a00000, 0x0000000601a00000, 0x0000000601c00000|  0%| F|  |TAMS 0x0000000601a00000, 0x0000000601a00000| Untracked 
|   6|0x0000000601c00000, 0x0000000601c00000, 0x0000000601e00000|  0%| F|  |TAMS 0x0000000601c00000, 0x0000000601c00000| Untracked 
|   7|0x0000000601e00000, 0x0000000601e00000, 0x0000000602000000|  0%| F|  |TAMS 0x0000000601e00000, 0x0000000601e00000| Untracked 
|   8|0x0000000602000000, 0x0000000602000000, 0x0000000602200000|  0%| F|  |TAMS 0x0000000602000000, 0x0000000602000000| Untracked 
|   9|0x0000000602200000, 0x0000000602200000, 0x0000000602400000|  0%| F|  |TAMS 0x0000000602200000, 0x0000000602200000| Untracked 
|  10|0x0000000602400000, 0x0000000602400000, 0x0000000602600000|  0%| F|  |TAMS 0x0000000602400000, 0x0000000602400000| Untracked 
|  11|0x0000000602600000, 0x0000000602600000, 0x0000000602800000|  0%| F|  |TAMS 0x0000000602600000, 0x0000000602600000| Untracked 
|  12|0x0000000602800000, 0x0000000602800000, 0x0000000602a00000|  0%| F|  |TAMS 0x0000000602800000, 0x0000000602800000| Untracked 
|  13|0x0000000602a00000, 0x0000000602a00000, 0x0000000602c00000|  0%| F|  |TAMS 0x0000000602a00000, 0x0000000602a00000| Untracked 
|  14|0x0000000602c00000, 0x0000000602c00000, 0x0000000602e00000|  0%| F|  |TAMS 0x0000000602c00000, 0x0000000602c00000| Untracked 
|  15|0x0000000602e00000, 0x0000000602e00000, 0x0000000603000000|  0%| F|  |TAMS 0x0000000602e00000, 0x0000000602e00000| Untracked 
|  16|0x0000000603000000, 0x0000000603000000, 0x0000000603200000|  0%| F|  |TAMS 0x0000000603000000, 0x0000000603000000| Untracked 
|  17|0x0000000603200000, 0x0000000603200000, 0x0000000603400000|  0%| F|  |TAMS 0x0000000603200000, 0x0000000603200000| Untracked 
|  18|0x0000000603400000, 0x0000000603400000, 0x0000000603600000|  0%| F|  |TAMS 0x0000000603400000, 0x0000000603400000| Untracked 
|  19|0x0000000603600000, 0x0000000603600000, 0x0000000603800000|  0%| F|  |TAMS 0x0000000603600000, 0x0000000603600000| Untracked 
|  20|0x0000000603800000, 0x0000000603800000, 0x0000000603a00000|  0%| F|  |TAMS 0x0000000603800000, 0x0000000603800000| Untracked 
|  21|0x0000000603a00000, 0x0000000603a00000, 0x0000000603c00000|  0%| F|  |TAMS 0x0000000603a00000, 0x0000000603a00000| Untracked 
|  22|0x0000000603c00000, 0x0000000603c00000, 0x0000000603e00000|  0%| F|  |TAMS 0x0000000603c00000, 0x0000000603c00000| Untracked 
|  23|0x0000000603e00000, 0x0000000603e00000, 0x0000000604000000|  0%| F|  |TAMS 0x0000000603e00000, 0x0000000603e00000| Untracked 
|  24|0x0000000604000000, 0x0000000604000000, 0x0000000604200000|  0%| F|  |TAMS 0x0000000604000000, 0x0000000604000000| Untracked 
|  25|0x0000000604200000, 0x0000000604200000, 0x0000000604400000|  0%| F|  |TAMS 0x0000000604200000, 0x0000000604200000| Untracked 
|  26|0x0000000604400000, 0x0000000604400000, 0x0000000604600000|  0%| F|  |TAMS 0x0000000604400000, 0x0000000604400000| Untracked 
|  27|0x0000000604600000, 0x0000000604600000, 0x0000000604800000|  0%| F|  |TAMS 0x0000000604600000, 0x0000000604600000| Untracked 
|  28|0x0000000604800000, 0x0000000604800000, 0x0000000604a00000|  0%| F|  |TAMS 0x0000000604800000, 0x0000000604800000| Untracked 
|  29|0x0000000604a00000, 0x0000000604a00000, 0x0000000604c00000|  0%| F|  |TAMS 0x0000000604a00000, 0x0000000604a00000| Untracked 
|  30|0x0000000604c00000, 0x0000000604c00000, 0x0000000604e00000|  0%| F|  |TAMS 0x0000000604c00000, 0x0000000604c00000| Untracked 
|  31|0x0000000604e00000, 0x0000000604e00000, 0x0000000605000000|  0%| F|  |TAMS 0x0000000604e00000, 0x0000000604e00000| Untracked 
|  32|0x0000000605000000, 0x0000000605000000, 0x0000000605200000|  0%| F|  |TAMS 0x0000000605000000, 0x0000000605000000| Untracked 
|  33|0x0000000605200000, 0x0000000605200000, 0x0000000605400000|  0%| F|  |TAMS 0x0000000605200000, 0x0000000605200000| Untracked 
|  34|0x0000000605400000, 0x0000000605400000, 0x0000000605600000|  0%| F|  |TAMS 0x0000000605400000, 0x0000000605400000| Untracked 
|  35|0x0000000605600000, 0x0000000605600000, 0x0000000605800000|  0%| F|  |TAMS 0x0000000605600000, 0x0000000605600000| Untracked 
|  36|0x0000000605800000, 0x0000000605800000, 0x0000000605a00000|  0%| F|  |TAMS 0x0000000605800000, 0x0000000605800000| Untracked 
|  37|0x0000000605a00000, 0x0000000605a00000, 0x0000000605c00000|  0%| F|  |TAMS 0x0000000605a00000, 0x0000000605a00000| Untracked 
|  38|0x0000000605c00000, 0x0000000605c00000, 0x0000000605e00000|  0%| F|  |TAMS 0x0000000605c00000, 0x0000000605c00000| Untracked 
|  39|0x0000000605e00000, 0x0000000605e00000, 0x0000000606000000|  0%| F|  |TAMS 0x0000000605e00000, 0x0000000605e00000| Untracked 
|  40|0x0000000606000000, 0x0000000606000000, 0x0000000606200000|  0%| F|  |TAMS 0x0000000606000000, 0x0000000606000000| Untracked 
|  41|0x0000000606200000, 0x0000000606200000, 0x0000000606400000|  0%| F|  |TAMS 0x0000000606200000, 0x0000000606200000| Untracked 
|  42|0x0000000606400000, 0x0000000606400000, 0x0000000606600000|  0%| F|  |TAMS 0x0000000606400000, 0x0000000606400000| Untracked 
|  43|0x0000000606600000, 0x0000000606600000, 0x0000000606800000|  0%| F|  |TAMS 0x0000000606600000, 0x0000000606600000| Untracked 
|  44|0x0000000606800000, 0x0000000606800000, 0x0000000606a00000|  0%| F|  |TAMS 0x0000000606800000, 0x0000000606800000| Untracked 
|  45|0x0000000606a00000, 0x0000000606a00000, 0x0000000606c00000|  0%| F|  |TAMS 0x0000000606a00000, 0x0000000606a00000| Untracked 
|  46|0x0000000606c00000, 0x0000000606c00000, 0x0000000606e00000|  0%| F|  |TAMS 0x0000000606c00000, 0x0000000606c00000| Untracked 
|  47|0x0000000606e00000, 0x0000000606e00000, 0x0000000607000000|  0%| F|  |TAMS 0x0000000606e00000, 0x0000000606e00000| Untracked 
|  48|0x0000000607000000, 0x0000000607000000, 0x0000000607200000|  0%| F|  |TAMS 0x0000000607000000, 0x0000000607000000| Untracked 
|  49|0x0000000607200000, 0x0000000607200000, 0x0000000607400000|  0%| F|  |TAMS 0x0000000607200000, 0x0000000607200000| Untracked 
|  50|0x0000000607400000, 0x0000000607400000, 0x0000000607600000|  0%| F|  |TAMS 0x0000000607400000, 0x0000000607400000| Untracked 
|  51|0x0000000607600000, 0x0000000607600000, 0x0000000607800000|  0%| F|  |TAMS 0x0000000607600000, 0x0000000607600000| Untracked 
|  52|0x0000000607800000, 0x0000000607800000, 0x0000000607a00000|  0%| F|  |TAMS 0x0000000607800000, 0x0000000607800000| Untracked 
|  53|0x0000000607a00000, 0x0000000607a00000, 0x0000000607c00000|  0%| F|  |TAMS 0x0000000607a00000, 0x0000000607a00000| Untracked 
|  54|0x0000000607c00000, 0x0000000607c00000, 0x0000000607e00000|  0%| F|  |TAMS 0x0000000607c00000, 0x0000000607c00000| Untracked 
|  55|0x0000000607e00000, 0x0000000607e00000, 0x0000000608000000|  0%| F|  |TAMS 0x0000000607e00000, 0x0000000607e00000| Untracked 
|  56|0x0000000608000000, 0x0000000608000000, 0x0000000608200000|  0%| F|  |TAMS 0x0000000608000000, 0x0000000608000000| Untracked 
|  57|0x0000000608200000, 0x0000000608200000, 0x0000000608400000|  0%| F|  |TAMS 0x0000000608200000, 0x0000000608200000| Untracked 
|  58|0x0000000608400000, 0x0000000608400000, 0x0000000608600000|  0%| F|  |TAMS 0x0000000608400000, 0x0000000608400000| Untracked 
|  59|0x0000000608600000, 0x0000000608600000, 0x0000000608800000|  0%| F|  |TAMS 0x0000000608600000, 0x0000000608600000| Untracked 
|  60|0x0000000608800000, 0x0000000608800000, 0x0000000608a00000|  0%| F|  |TAMS 0x0000000608800000, 0x0000000608800000| Untracked 
|  61|0x0000000608a00000, 0x0000000608a00000, 0x0000000608c00000|  0%| F|  |TAMS 0x0000000608a00000, 0x0000000608a00000| Untracked 
|  62|0x0000000608c00000, 0x0000000608c00000, 0x0000000608e00000|  0%| F|  |TAMS 0x0000000608c00000, 0x0000000608c00000| Untracked 
|  63|0x0000000608e00000, 0x0000000608e00000, 0x0000000609000000|  0%| F|  |TAMS 0x0000000608e00000, 0x0000000608e00000| Untracked 
|  64|0x0000000609000000, 0x0000000609000000, 0x0000000609200000|  0%| F|  |TAMS 0x0000000609000000, 0x0000000609000000| Untracked 
|  65|0x0000000609200000, 0x0000000609200000, 0x0000000609400000|  0%| F|  |TAMS 0x0000000609200000, 0x0000000609200000| Untracked 
|  66|0x0000000609400000, 0x0000000609400000, 0x0000000609600000|  0%| F|  |TAMS 0x0000000609400000, 0x0000000609400000| Untracked 
|  67|0x0000000609600000, 0x0000000609600000, 0x0000000609800000|  0%| F|  |TAMS 0x0000000609600000, 0x0000000609600000| Untracked 
|  68|0x0000000609800000, 0x0000000609800000, 0x0000000609a00000|  0%| F|  |TAMS 0x0000000609800000, 0x0000000609800000| Untracked 
|  69|0x0000000609a00000, 0x0000000609a00000, 0x0000000609c00000|  0%| F|  |TAMS 0x0000000609a00000, 0x0000000609a00000| Untracked 
|  70|0x0000000609c00000, 0x0000000609c00000, 0x0000000609e00000|  0%| F|  |TAMS 0x0000000609c00000, 0x0000000609c00000| Untracked 
|  71|0x0000000609e00000, 0x0000000609e00000, 0x000000060a000000|  0%| F|  |TAMS 0x0000000609e00000, 0x0000000609e00000| Untracked 
|  72|0x000000060a000000, 0x000000060a000000, 0x000000060a200000|  0%| F|  |TAMS 0x000000060a000000, 0x000000060a000000| Untracked 
|  73|0x000000060a200000, 0x000000060a200000, 0x000000060a400000|  0%| F|  |TAMS 0x000000060a200000, 0x000000060a200000| Untracked 
|  74|0x000000060a400000, 0x000000060a400000, 0x000000060a600000|  0%| F|  |TAMS 0x000000060a400000, 0x000000060a400000| Untracked 
|  75|0x000000060a600000, 0x000000060a600000, 0x000000060a800000|  0%| F|  |TAMS 0x000000060a600000, 0x000000060a600000| Untracked 
|  76|0x000000060a800000, 0x000000060a800000, 0x000000060aa00000|  0%| F|  |TAMS 0x000000060a800000, 0x000000060a800000| Untracked 
|  77|0x000000060aa00000, 0x000000060aa00000, 0x000000060ac00000|  0%| F|  |TAMS 0x000000060aa00000, 0x000000060aa00000| Untracked 
|  78|0x000000060ac00000, 0x000000060ac00000, 0x000000060ae00000|  0%| F|  |TAMS 0x000000060ac00000, 0x000000060ac00000| Untracked 
|  79|0x000000060ae00000, 0x000000060ae00000, 0x000000060b000000|  0%| F|  |TAMS 0x000000060ae00000, 0x000000060ae00000| Untracked 
|  80|0x000000060b000000, 0x000000060b000000, 0x000000060b200000|  0%| F|  |TAMS 0x000000060b000000, 0x000000060b000000| Untracked 
|  81|0x000000060b200000, 0x000000060b200000, 0x000000060b400000|  0%| F|  |TAMS 0x000000060b200000, 0x000000060b200000| Untracked 
|  82|0x000000060b400000, 0x000000060b400000, 0x000000060b600000|  0%| F|  |TAMS 0x000000060b400000, 0x000000060b400000| Untracked 
|  83|0x000000060b600000, 0x000000060b600000, 0x000000060b800000|  0%| F|  |TAMS 0x000000060b600000, 0x000000060b600000| Untracked 
|  84|0x000000060b800000, 0x000000060b800000, 0x000000060ba00000|  0%| F|  |TAMS 0x000000060b800000, 0x000000060b800000| Untracked 
|  85|0x000000060ba00000, 0x000000060ba00000, 0x000000060bc00000|  0%| F|  |TAMS 0x000000060ba00000, 0x000000060ba00000| Untracked 
|  86|0x000000060bc00000, 0x000000060bc00000, 0x000000060be00000|  0%| F|  |TAMS 0x000000060bc00000, 0x000000060bc00000| Untracked 
|  87|0x000000060be00000, 0x000000060be00000, 0x000000060c000000|  0%| F|  |TAMS 0x000000060be00000, 0x000000060be00000| Untracked 
|  88|0x000000060c000000, 0x000000060c000000, 0x000000060c200000|  0%| F|  |TAMS 0x000000060c000000, 0x000000060c000000| Untracked 
|  89|0x000000060c200000, 0x000000060c200000, 0x000000060c400000|  0%| F|  |TAMS 0x000000060c200000, 0x000000060c200000| Untracked 
|  90|0x000000060c400000, 0x000000060c400000, 0x000000060c600000|  0%| F|  |TAMS 0x000000060c400000, 0x000000060c400000| Untracked 
|  91|0x000000060c600000, 0x000000060c600000, 0x000000060c800000|  0%| F|  |TAMS 0x000000060c600000, 0x000000060c600000| Untracked 
|  92|0x000000060c800000, 0x000000060c800000, 0x000000060ca00000|  0%| F|  |TAMS 0x000000060c800000, 0x000000060c800000| Untracked 
|  93|0x000000060ca00000, 0x000000060ca00000, 0x000000060cc00000|  0%| F|  |TAMS 0x000000060ca00000, 0x000000060ca00000| Untracked 
|  94|0x000000060cc00000, 0x000000060cc00000, 0x000000060ce00000|  0%| F|  |TAMS 0x000000060cc00000, 0x000000060cc00000| Untracked 
|  95|0x000000060ce00000, 0x000000060ce00000, 0x000000060d000000|  0%| F|  |TAMS 0x000000060ce00000, 0x000000060ce00000| Untracked 
|  96|0x000000060d000000, 0x000000060d000000, 0x000000060d200000|  0%| F|  |TAMS 0x000000060d000000, 0x000000060d000000| Untracked 
|  97|0x000000060d200000, 0x000000060d200000, 0x000000060d400000|  0%| F|  |TAMS 0x000000060d200000, 0x000000060d200000| Untracked 
|  98|0x000000060d400000, 0x000000060d400000, 0x000000060d600000|  0%| F|  |TAMS 0x000000060d400000, 0x000000060d400000| Untracked 
|  99|0x000000060d600000, 0x000000060d600000, 0x000000060d800000|  0%| F|  |TAMS 0x000000060d600000, 0x000000060d600000| Untracked 
| 100|0x000000060d800000, 0x000000060d800000, 0x000000060da00000|  0%| F|  |TAMS 0x000000060d800000, 0x000000060d800000| Untracked 
| 101|0x000000060da00000, 0x000000060da00000, 0x000000060dc00000|  0%| F|  |TAMS 0x000000060da00000, 0x000000060da00000| Untracked 
| 102|0x000000060dc00000, 0x000000060dc00000, 0x000000060de00000|  0%| F|  |TAMS 0x000000060dc00000, 0x000000060dc00000| Untracked 
| 103|0x000000060de00000, 0x000000060de00000, 0x000000060e000000|  0%| F|  |TAMS 0x000000060de00000, 0x000000060de00000| Untracked 
| 104|0x000000060e000000, 0x000000060e000000, 0x000000060e200000|  0%| F|  |TAMS 0x000000060e000000, 0x000000060e000000| Untracked 
| 105|0x000000060e200000, 0x000000060e200000, 0x000000060e400000|  0%| F|  |TAMS 0x000000060e200000, 0x000000060e200000| Untracked 
| 106|0x000000060e400000, 0x000000060e400000, 0x000000060e600000|  0%| F|  |TAMS 0x000000060e400000, 0x000000060e400000| Untracked 
| 107|0x000000060e600000, 0x000000060e600000, 0x000000060e800000|  0%| F|  |TAMS 0x000000060e600000, 0x000000060e600000| Untracked 
| 108|0x000000060e800000, 0x000000060e800000, 0x000000060ea00000|  0%| F|  |TAMS 0x000000060e800000, 0x000000060e800000| Untracked 
| 109|0x000000060ea00000, 0x000000060ea00000, 0x000000060ec00000|  0%| F|  |TAMS 0x000000060ea00000, 0x000000060ea00000| Untracked 
| 110|0x000000060ec00000, 0x000000060ec00000, 0x000000060ee00000|  0%| F|  |TAMS 0x000000060ec00000, 0x000000060ec00000| Untracked 
| 111|0x000000060ee00000, 0x000000060ee00000, 0x000000060f000000|  0%| F|  |TAMS 0x000000060ee00000, 0x000000060ee00000| Untracked 
| 112|0x000000060f000000, 0x000000060f000000, 0x000000060f200000|  0%| F|  |TAMS 0x000000060f000000, 0x000000060f000000| Untracked 
| 113|0x000000060f200000, 0x000000060f200000, 0x000000060f400000|  0%| F|  |TAMS 0x000000060f200000, 0x000000060f200000| Untracked 
| 114|0x000000060f400000, 0x000000060f400000, 0x000000060f600000|  0%| F|  |TAMS 0x000000060f400000, 0x000000060f400000| Untracked 
| 115|0x000000060f600000, 0x000000060f600000, 0x000000060f800000|  0%| F|  |TAMS 0x000000060f600000, 0x000000060f600000| Untracked 
| 116|0x000000060f800000, 0x000000060f800000, 0x000000060fa00000|  0%| F|  |TAMS 0x000000060f800000, 0x000000060f800000| Untracked 
| 117|0x000000060fa00000, 0x000000060fa00000, 0x000000060fc00000|  0%| F|  |TAMS 0x000000060fa00000, 0x000000060fa00000| Untracked 
| 118|0x000000060fc00000, 0x000000060fc00000, 0x000000060fe00000|  0%| F|  |TAMS 0x000000060fc00000, 0x000000060fc00000| Untracked 
| 119|0x000000060fe00000, 0x000000060fe00000, 0x0000000610000000|  0%| F|  |TAMS 0x000000060fe00000, 0x000000060fe00000| Untracked 
| 120|0x0000000610000000, 0x0000000610000000, 0x0000000610200000|  0%| F|  |TAMS 0x0000000610000000, 0x0000000610000000| Untracked 
| 121|0x0000000610200000, 0x0000000610200000, 0x0000000610400000|  0%| F|  |TAMS 0x0000000610200000, 0x0000000610200000| Untracked 
| 122|0x0000000610400000, 0x0000000610400000, 0x0000000610600000|  0%| F|  |TAMS 0x0000000610400000, 0x0000000610400000| Untracked 
| 123|0x0000000610600000, 0x0000000610600000, 0x0000000610800000|  0%| F|  |TAMS 0x0000000610600000, 0x0000000610600000| Untracked 
| 124|0x0000000610800000, 0x0000000610800000, 0x0000000610a00000|  0%| F|  |TAMS 0x0000000610800000, 0x0000000610800000| Untracked 
| 125|0x0000000610a00000, 0x0000000610a00000, 0x0000000610c00000|  0%| F|  |TAMS 0x0000000610a00000, 0x0000000610a00000| Untracked 
| 126|0x0000000610c00000, 0x0000000610c00000, 0x0000000610e00000|  0%| F|  |TAMS 0x0000000610c00000, 0x0000000610c00000| Untracked 
| 127|0x0000000610e00000, 0x0000000610e00000, 0x0000000611000000|  0%| F|  |TAMS 0x0000000610e00000, 0x0000000610e00000| Untracked 
| 128|0x0000000611000000, 0x0000000611000000, 0x0000000611200000|  0%| F|  |TAMS 0x0000000611000000, 0x0000000611000000| Untracked 
| 129|0x0000000611200000, 0x0000000611200000, 0x0000000611400000|  0%| F|  |TAMS 0x0000000611200000, 0x0000000611200000| Untracked 
| 130|0x0000000611400000, 0x0000000611400000, 0x0000000611600000|  0%| F|  |TAMS 0x0000000611400000, 0x0000000611400000| Untracked 
| 131|0x0000000611600000, 0x0000000611600000, 0x0000000611800000|  0%| F|  |TAMS 0x0000000611600000, 0x0000000611600000| Untracked 
| 132|0x0000000611800000, 0x0000000611800000, 0x0000000611a00000|  0%| F|  |TAMS 0x0000000611800000, 0x0000000611800000| Untracked 
| 133|0x0000000611a00000, 0x0000000611a00000, 0x0000000611c00000|  0%| F|  |TAMS 0x0000000611a00000, 0x0000000611a00000| Untracked 
| 134|0x0000000611c00000, 0x0000000611c00000, 0x0000000611e00000|  0%| F|  |TAMS 0x0000000611c00000, 0x0000000611c00000| Untracked 
| 135|0x0000000611e00000, 0x0000000611e00000, 0x0000000612000000|  0%| F|  |TAMS 0x0000000611e00000, 0x0000000611e00000| Untracked 
| 136|0x0000000612000000, 0x0000000612000000, 0x0000000612200000|  0%| F|  |TAMS 0x0000000612000000, 0x0000000612000000| Untracked 
| 137|0x0000000612200000, 0x0000000612200000, 0x0000000612400000|  0%| F|  |TAMS 0x0000000612200000, 0x0000000612200000| Untracked 
| 138|0x0000000612400000, 0x0000000612400000, 0x0000000612600000|  0%| F|  |TAMS 0x0000000612400000, 0x0000000612400000| Untracked 
| 139|0x0000000612600000, 0x0000000612600000, 0x0000000612800000|  0%| F|  |TAMS 0x0000000612600000, 0x0000000612600000| Untracked 
| 140|0x0000000612800000, 0x0000000612800000, 0x0000000612a00000|  0%| F|  |TAMS 0x0000000612800000, 0x0000000612800000| Untracked 
| 141|0x0000000612a00000, 0x0000000612a00000, 0x0000000612c00000|  0%| F|  |TAMS 0x0000000612a00000, 0x0000000612a00000| Untracked 
| 142|0x0000000612c00000, 0x0000000612c00000, 0x0000000612e00000|  0%| F|  |TAMS 0x0000000612c00000, 0x0000000612c00000| Untracked 
| 143|0x0000000612e00000, 0x0000000612e00000, 0x0000000613000000|  0%| F|  |TAMS 0x0000000612e00000, 0x0000000612e00000| Untracked 
| 144|0x0000000613000000, 0x0000000613000000, 0x0000000613200000|  0%| F|  |TAMS 0x0000000613000000, 0x0000000613000000| Untracked 
| 145|0x0000000613200000, 0x0000000613200000, 0x0000000613400000|  0%| F|  |TAMS 0x0000000613200000, 0x0000000613200000| Untracked 
| 146|0x0000000613400000, 0x0000000613400000, 0x0000000613600000|  0%| F|  |TAMS 0x0000000613400000, 0x0000000613400000| Untracked 
| 147|0x0000000613600000, 0x0000000613600000, 0x0000000613800000|  0%| F|  |TAMS 0x0000000613600000, 0x0000000613600000| Untracked 
| 148|0x0000000613800000, 0x0000000613800000, 0x0000000613a00000|  0%| F|  |TAMS 0x0000000613800000, 0x0000000613800000| Untracked 
| 149|0x0000000613a00000, 0x0000000613a00000, 0x0000000613c00000|  0%| F|  |TAMS 0x0000000613a00000, 0x0000000613a00000| Untracked 
| 150|0x0000000613c00000, 0x0000000613c00000, 0x0000000613e00000|  0%| F|  |TAMS 0x0000000613c00000, 0x0000000613c00000| Untracked 
| 151|0x0000000613e00000, 0x0000000613e00000, 0x0000000614000000|  0%| F|  |TAMS 0x0000000613e00000, 0x0000000613e00000| Untracked 
| 152|0x0000000614000000, 0x0000000614000000, 0x0000000614200000|  0%| F|  |TAMS 0x0000000614000000, 0x0000000614000000| Untracked 
| 153|0x0000000614200000, 0x0000000614200000, 0x0000000614400000|  0%| F|  |TAMS 0x0000000614200000, 0x0000000614200000| Untracked 
| 154|0x0000000614400000, 0x0000000614400000, 0x0000000614600000|  0%| F|  |TAMS 0x0000000614400000, 0x0000000614400000| Untracked 
| 155|0x0000000614600000, 0x0000000614600000, 0x0000000614800000|  0%| F|  |TAMS 0x0000000614600000, 0x0000000614600000| Untracked 
| 156|0x0000000614800000, 0x0000000614800000, 0x0000000614a00000|  0%| F|  |TAMS 0x0000000614800000, 0x0000000614800000| Untracked 
| 157|0x0000000614a00000, 0x0000000614a00000, 0x0000000614c00000|  0%| F|  |TAMS 0x0000000614a00000, 0x0000000614a00000| Untracked 
| 158|0x0000000614c00000, 0x0000000614c00000, 0x0000000614e00000|  0%| F|  |TAMS 0x0000000614c00000, 0x0000000614c00000| Untracked 
| 159|0x0000000614e00000, 0x0000000614e00000, 0x0000000615000000|  0%| F|  |TAMS 0x0000000614e00000, 0x0000000614e00000| Untracked 
| 160|0x0000000615000000, 0x0000000615000000, 0x0000000615200000|  0%| F|  |TAMS 0x0000000615000000, 0x0000000615000000| Untracked 
| 161|0x0000000615200000, 0x0000000615200000, 0x0000000615400000|  0%| F|  |TAMS 0x0000000615200000, 0x0000000615200000| Untracked 
| 162|0x0000000615400000, 0x0000000615400000, 0x0000000615600000|  0%| F|  |TAMS 0x0000000615400000, 0x0000000615400000| Untracked 
| 163|0x0000000615600000, 0x0000000615600000, 0x0000000615800000|  0%| F|  |TAMS 0x0000000615600000, 0x0000000615600000| Untracked 
| 164|0x0000000615800000, 0x0000000615800000, 0x0000000615a00000|  0%| F|  |TAMS 0x0000000615800000, 0x0000000615800000| Untracked 
| 165|0x0000000615a00000, 0x0000000615a00000, 0x0000000615c00000|  0%| F|  |TAMS 0x0000000615a00000, 0x0000000615a00000| Untracked 
| 166|0x0000000615c00000, 0x0000000615c00000, 0x0000000615e00000|  0%| F|  |TAMS 0x0000000615c00000, 0x0000000615c00000| Untracked 
| 167|0x0000000615e00000, 0x0000000615e00000, 0x0000000616000000|  0%| F|  |TAMS 0x0000000615e00000, 0x0000000615e00000| Untracked 
| 168|0x0000000616000000, 0x0000000616000000, 0x0000000616200000|  0%| F|  |TAMS 0x0000000616000000, 0x0000000616000000| Untracked 
| 169|0x0000000616200000, 0x0000000616200000, 0x0000000616400000|  0%| F|  |TAMS 0x0000000616200000, 0x0000000616200000| Untracked 
| 170|0x0000000616400000, 0x0000000616400000, 0x0000000616600000|  0%| F|  |TAMS 0x0000000616400000, 0x0000000616400000| Untracked 
| 171|0x0000000616600000, 0x0000000616600000, 0x0000000616800000|  0%| F|  |TAMS 0x0000000616600000, 0x0000000616600000| Untracked 
| 172|0x0000000616800000, 0x0000000616800000, 0x0000000616a00000|  0%| F|  |TAMS 0x0000000616800000, 0x0000000616800000| Untracked 
| 173|0x0000000616a00000, 0x0000000616a00000, 0x0000000616c00000|  0%| F|  |TAMS 0x0000000616a00000, 0x0000000616a00000| Untracked 
| 174|0x0000000616c00000, 0x0000000616c00000, 0x0000000616e00000|  0%| F|  |TAMS 0x0000000616c00000, 0x0000000616c00000| Untracked 
| 175|0x0000000616e00000, 0x0000000616e00000, 0x0000000617000000|  0%| F|  |TAMS 0x0000000616e00000, 0x0000000616e00000| Untracked 
| 176|0x0000000617000000, 0x0000000617000000, 0x0000000617200000|  0%| F|  |TAMS 0x0000000617000000, 0x0000000617000000| Untracked 
| 177|0x0000000617200000, 0x0000000617200000, 0x0000000617400000|  0%| F|  |TAMS 0x0000000617200000, 0x0000000617200000| Untracked 
| 178|0x0000000617400000, 0x0000000617400000, 0x0000000617600000|  0%| F|  |TAMS 0x0000000617400000, 0x0000000617400000| Untracked 
| 179|0x0000000617600000, 0x0000000617600000, 0x0000000617800000|  0%| F|  |TAMS 0x0000000617600000, 0x0000000617600000| Untracked 
| 180|0x0000000617800000, 0x0000000617800000, 0x0000000617a00000|  0%| F|  |TAMS 0x0000000617800000, 0x0000000617800000| Untracked 
| 181|0x0000000617a00000, 0x0000000617a00000, 0x0000000617c00000|  0%| F|  |TAMS 0x0000000617a00000, 0x0000000617a00000| Untracked 
| 182|0x0000000617c00000, 0x0000000617c00000, 0x0000000617e00000|  0%| F|  |TAMS 0x0000000617c00000, 0x0000000617c00000| Untracked 
| 183|0x0000000617e00000, 0x0000000617e00000, 0x0000000618000000|  0%| F|  |TAMS 0x0000000617e00000, 0x0000000617e00000| Untracked 
| 184|0x0000000618000000, 0x0000000618000000, 0x0000000618200000|  0%| F|  |TAMS 0x0000000618000000, 0x0000000618000000| Untracked 
| 185|0x0000000618200000, 0x0000000618200000, 0x0000000618400000|  0%| F|  |TAMS 0x0000000618200000, 0x0000000618200000| Untracked 
| 186|0x0000000618400000, 0x0000000618400000, 0x0000000618600000|  0%| F|  |TAMS 0x0000000618400000, 0x0000000618400000| Untracked 
| 187|0x0000000618600000, 0x0000000618600000, 0x0000000618800000|  0%| F|  |TAMS 0x0000000618600000, 0x0000000618600000| Untracked 
| 188|0x0000000618800000, 0x0000000618800000, 0x0000000618a00000|  0%| F|  |TAMS 0x0000000618800000, 0x0000000618800000| Untracked 
| 189|0x0000000618a00000, 0x0000000618a00000, 0x0000000618c00000|  0%| F|  |TAMS 0x0000000618a00000, 0x0000000618a00000| Untracked 
| 190|0x0000000618c00000, 0x0000000618c00000, 0x0000000618e00000|  0%| F|  |TAMS 0x0000000618c00000, 0x0000000618c00000| Untracked 
| 191|0x0000000618e00000, 0x0000000618e00000, 0x0000000619000000|  0%| F|  |TAMS 0x0000000618e00000, 0x0000000618e00000| Untracked 
| 192|0x0000000619000000, 0x0000000619000000, 0x0000000619200000|  0%| F|  |TAMS 0x0000000619000000, 0x0000000619000000| Untracked 
| 193|0x0000000619200000, 0x0000000619200000, 0x0000000619400000|  0%| F|  |TAMS 0x0000000619200000, 0x0000000619200000| Untracked 
| 194|0x0000000619400000, 0x0000000619400000, 0x0000000619600000|  0%| F|  |TAMS 0x0000000619400000, 0x0000000619400000| Untracked 
| 195|0x0000000619600000, 0x0000000619600000, 0x0000000619800000|  0%| F|  |TAMS 0x0000000619600000, 0x0000000619600000| Untracked 
| 196|0x0000000619800000, 0x0000000619800000, 0x0000000619a00000|  0%| F|  |TAMS 0x0000000619800000, 0x0000000619800000| Untracked 
| 197|0x0000000619a00000, 0x0000000619a00000, 0x0000000619c00000|  0%| F|  |TAMS 0x0000000619a00000, 0x0000000619a00000| Untracked 
| 198|0x0000000619c00000, 0x0000000619c00000, 0x0000000619e00000|  0%| F|  |TAMS 0x0000000619c00000, 0x0000000619c00000| Untracked 
| 199|0x0000000619e00000, 0x0000000619e00000, 0x000000061a000000|  0%| F|  |TAMS 0x0000000619e00000, 0x0000000619e00000| Untracked 
| 200|0x000000061a000000, 0x000000061a000000, 0x000000061a200000|  0%| F|  |TAMS 0x000000061a000000, 0x000000061a000000| Untracked 
| 201|0x000000061a200000, 0x000000061a200000, 0x000000061a400000|  0%| F|  |TAMS 0x000000061a200000, 0x000000061a200000| Untracked 
| 202|0x000000061a400000, 0x000000061a400000, 0x000000061a600000|  0%| F|  |TAMS 0x000000061a400000, 0x000000061a400000| Untracked 
| 203|0x000000061a600000, 0x000000061a600000, 0x000000061a800000|  0%| F|  |TAMS 0x000000061a600000, 0x000000061a600000| Untracked 
| 204|0x000000061a800000, 0x000000061a800000, 0x000000061aa00000|  0%| F|  |TAMS 0x000000061a800000, 0x000000061a800000| Untracked 
| 205|0x000000061aa00000, 0x000000061aa00000, 0x000000061ac00000|  0%| F|  |TAMS 0x000000061aa00000, 0x000000061aa00000| Untracked 
| 206|0x000000061ac00000, 0x000000061ac00000, 0x000000061ae00000|  0%| F|  |TAMS 0x000000061ac00000, 0x000000061ac00000| Untracked 
| 207|0x000000061ae00000, 0x000000061ae00000, 0x000000061b000000|  0%| F|  |TAMS 0x000000061ae00000, 0x000000061ae00000| Untracked 
| 208|0x000000061b000000, 0x000000061b000000, 0x000000061b200000|  0%| F|  |TAMS 0x000000061b000000, 0x000000061b000000| Untracked 
| 209|0x000000061b200000, 0x000000061b200000, 0x000000061b400000|  0%| F|  |TAMS 0x000000061b200000, 0x000000061b200000| Untracked 
| 210|0x000000061b400000, 0x000000061b400000, 0x000000061b600000|  0%| F|  |TAMS 0x000000061b400000, 0x000000061b400000| Untracked 
| 211|0x000000061b600000, 0x000000061b600000, 0x000000061b800000|  0%| F|  |TAMS 0x000000061b600000, 0x000000061b600000| Untracked 
| 212|0x000000061b800000, 0x000000061b800000, 0x000000061ba00000|  0%| F|  |TAMS 0x000000061b800000, 0x000000061b800000| Untracked 
| 213|0x000000061ba00000, 0x000000061ba00000, 0x000000061bc00000|  0%| F|  |TAMS 0x000000061ba00000, 0x000000061ba00000| Untracked 
| 214|0x000000061bc00000, 0x000000061bc00000, 0x000000061be00000|  0%| F|  |TAMS 0x000000061bc00000, 0x000000061bc00000| Untracked 
| 215|0x000000061be00000, 0x000000061be00000, 0x000000061c000000|  0%| F|  |TAMS 0x000000061be00000, 0x000000061be00000| Untracked 
| 216|0x000000061c000000, 0x000000061c000000, 0x000000061c200000|  0%| F|  |TAMS 0x000000061c000000, 0x000000061c000000| Untracked 
| 217|0x000000061c200000, 0x000000061c200000, 0x000000061c400000|  0%| F|  |TAMS 0x000000061c200000, 0x000000061c200000| Untracked 
| 218|0x000000061c400000, 0x000000061c400000, 0x000000061c600000|  0%| F|  |TAMS 0x000000061c400000, 0x000000061c400000| Untracked 
| 219|0x000000061c600000, 0x000000061c600000, 0x000000061c800000|  0%| F|  |TAMS 0x000000061c600000, 0x000000061c600000| Untracked 
| 220|0x000000061c800000, 0x000000061c800000, 0x000000061ca00000|  0%| F|  |TAMS 0x000000061c800000, 0x000000061c800000| Untracked 
| 221|0x000000061ca00000, 0x000000061ca00000, 0x000000061cc00000|  0%| F|  |TAMS 0x000000061ca00000, 0x000000061ca00000| Untracked 
| 222|0x000000061cc00000, 0x000000061cc00000, 0x000000061ce00000|  0%| F|  |TAMS 0x000000061cc00000, 0x000000061cc00000| Untracked 
| 223|0x000000061ce00000, 0x000000061ce00000, 0x000000061d000000|  0%| F|  |TAMS 0x000000061ce00000, 0x000000061ce00000| Untracked 
| 224|0x000000061d000000, 0x000000061d000000, 0x000000061d200000|  0%| F|  |TAMS 0x000000061d000000, 0x000000061d000000| Untracked 
| 225|0x000000061d200000, 0x000000061d200000, 0x000000061d400000|  0%| F|  |TAMS 0x000000061d200000, 0x000000061d200000| Untracked 
| 226|0x000000061d400000, 0x000000061d400000, 0x000000061d600000|  0%| F|  |TAMS 0x000000061d400000, 0x000000061d400000| Untracked 
| 227|0x000000061d600000, 0x000000061d600000, 0x000000061d800000|  0%| F|  |TAMS 0x000000061d600000, 0x000000061d600000| Untracked 
| 228|0x000000061d800000, 0x000000061d800000, 0x000000061da00000|  0%| F|  |TAMS 0x000000061d800000, 0x000000061d800000| Untracked 
| 229|0x000000061da00000, 0x000000061da00000, 0x000000061dc00000|  0%| F|  |TAMS 0x000000061da00000, 0x000000061da00000| Untracked 
| 230|0x000000061dc00000, 0x000000061dc00000, 0x000000061de00000|  0%| F|  |TAMS 0x000000061dc00000, 0x000000061dc00000| Untracked 
| 231|0x000000061de00000, 0x000000061de00000, 0x000000061e000000|  0%| F|  |TAMS 0x000000061de00000, 0x000000061de00000| Untracked 
| 232|0x000000061e000000, 0x000000061e000000, 0x000000061e200000|  0%| F|  |TAMS 0x000000061e000000, 0x000000061e000000| Untracked 
| 233|0x000000061e200000, 0x000000061e200000, 0x000000061e400000|  0%| F|  |TAMS 0x000000061e200000, 0x000000061e200000| Untracked 
| 234|0x000000061e400000, 0x000000061e400000, 0x000000061e600000|  0%| F|  |TAMS 0x000000061e400000, 0x000000061e400000| Untracked 
| 235|0x000000061e600000, 0x000000061e600000, 0x000000061e800000|  0%| F|  |TAMS 0x000000061e600000, 0x000000061e600000| Untracked 
| 236|0x000000061e800000, 0x000000061e800000, 0x000000061ea00000|  0%| F|  |TAMS 0x000000061e800000, 0x000000061e800000| Untracked 
| 237|0x000000061ea00000, 0x000000061ea00000, 0x000000061ec00000|  0%| F|  |TAMS 0x000000061ea00000, 0x000000061ea00000| Untracked 
| 238|0x000000061ec00000, 0x000000061ec00000, 0x000000061ee00000|  0%| F|  |TAMS 0x000000061ec00000, 0x000000061ec00000| Untracked 
| 239|0x000000061ee00000, 0x000000061ee00000, 0x000000061f000000|  0%| F|  |TAMS 0x000000061ee00000, 0x000000061ee00000| Untracked 
| 240|0x000000061f000000, 0x000000061f000000, 0x000000061f200000|  0%| F|  |TAMS 0x000000061f000000, 0x000000061f000000| Untracked 
| 241|0x000000061f200000, 0x000000061f200000, 0x000000061f400000|  0%| F|  |TAMS 0x000000061f200000, 0x000000061f200000| Untracked 
| 242|0x000000061f400000, 0x000000061f400000, 0x000000061f600000|  0%| F|  |TAMS 0x000000061f400000, 0x000000061f400000| Untracked 
| 243|0x000000061f600000, 0x000000061f600000, 0x000000061f800000|  0%| F|  |TAMS 0x000000061f600000, 0x000000061f600000| Untracked 
| 244|0x000000061f800000, 0x000000061f9712d0, 0x000000061fa00000| 72%| E|  |TAMS 0x000000061f800000, 0x000000061f800000| Complete 
| 245|0x000000061fa00000, 0x000000061fc00000, 0x000000061fc00000|100%| E|CS|TAMS 0x000000061fa00000, 0x000000061fa00000| Complete 
| 246|0x000000061fc00000, 0x000000061fe00000, 0x000000061fe00000|100%| E|CS|TAMS 0x000000061fc00000, 0x000000061fc00000| Complete 
| 247|0x000000061fe00000, 0x0000000620000000, 0x0000000620000000|100%| E|CS|TAMS 0x000000061fe00000, 0x000000061fe00000| Complete 
| 248|0x0000000620000000, 0x0000000620200000, 0x0000000620200000|100%| E|CS|TAMS 0x0000000620000000, 0x0000000620000000| Complete 
| 249|0x0000000620200000, 0x0000000620400000, 0x0000000620400000|100%| E|CS|TAMS 0x0000000620200000, 0x0000000620200000| Complete 
| 250|0x0000000620400000, 0x0000000620600000, 0x0000000620600000|100%| E|CS|TAMS 0x0000000620400000, 0x0000000620400000| Complete 
| 251|0x0000000620600000, 0x0000000620800000, 0x0000000620800000|100%| E|CS|TAMS 0x0000000620600000, 0x0000000620600000| Complete 
| 252|0x0000000620800000, 0x0000000620a00000, 0x0000000620a00000|100%| E|CS|TAMS 0x0000000620800000, 0x0000000620800000| Complete 
| 253|0x0000000620a00000, 0x0000000620c00000, 0x0000000620c00000|100%| E|CS|TAMS 0x0000000620a00000, 0x0000000620a00000| Complete 
| 254|0x0000000620c00000, 0x0000000620e00000, 0x0000000620e00000|100%| E|CS|TAMS 0x0000000620c00000, 0x0000000620c00000| Complete 
| 255|0x0000000620e00000, 0x0000000621000000, 0x0000000621000000|100%| E|CS|TAMS 0x0000000620e00000, 0x0000000620e00000| Complete 

Card table byte_map: [0x0000026a696f0000,0x0000026a6a6f0000] _byte_map_base: 0x0000026a666e8000

Marking Bits (Prev, Next): (CMBitMap*) 0x0000026a4e844148, (CMBitMap*) 0x0000026a4e844180
 Prev Bits: [0x0000026a6b6f0000, 0x0000026a736b0000)
 Next Bits: [0x0000026a736b0000, 0x0000026a7b670000)

Polling page: 0x0000026a4e610000

Metaspace:

Usage:
  Non-class:     12.57 MB capacity,    12.39 MB ( 99%) used,   158.71 KB (  1%) free+waste,    27.13 KB ( <1%) overhead. 
      Class:      1.55 MB capacity,     1.44 MB ( 93%) used,    98.34 KB (  6%) free+waste,    12.69 KB ( <1%) overhead. 
       Both:     14.12 MB capacity,    13.83 MB ( 98%) used,   257.05 KB (  2%) free+waste,    39.81 KB ( <1%) overhead. 

Virtual space:
  Non-class space:       14.00 MB reserved,      12.75 MB ( 91%) committed 
      Class space:        1.00 GB reserved,       1.63 MB ( <1%) committed 
             Both:        1.01 GB reserved,      14.38 MB (  1%) committed 

Chunk freelists:
   Non-Class:  56.00 KB
       Class:  10.00 KB
        Both:  66.00 KB

MaxMetaspaceSize: 17179869184.00 GB
CompressedClassSpaceSize: 1.00 GB
Initial GC threshold: 20.80 MB
Current GC threshold: 20.80 MB
CDS: off

CodeHeap 'non-profiled nmethods': size=119168Kb used=358Kb max_used=358Kb free=118810Kb
 bounds [0x0000026a602c0000, 0x0000026a60530000, 0x0000026a67720000]
CodeHeap 'profiled nmethods': size=119168Kb used=2367Kb max_used=2367Kb free=116800Kb
 bounds [0x0000026a58e60000, 0x0000026a590d0000, 0x0000026a602c0000]
CodeHeap 'non-nmethods': size=7424Kb used=2816Kb max_used=2856Kb free=4607Kb
 bounds [0x0000026a58720000, 0x0000026a589f0000, 0x0000026a58e60000]
 total_blobs=1540 nmethods=1160 adapters=290
 compilation: enabled
              stopped_count=0, restarted_count=0
 full_count=0

Compilation events (20 events):
Event: 0.954 Thread 0x0000026a7f1b9000 nmethod 1150 0x0000026a590a8b10 code [0x0000026a590a8d60, 0x0000026a590a9658]
Event: 0.955 Thread 0x0000026a7f390000 1146       4       java.util.regex.Pattern::atom (422 bytes)
Event: 0.955 Thread 0x0000026a7f2bd800 nmethod 1154 0x0000026a590aaf90 code [0x0000026a590ab1e0, 0x0000026a590abbd8]
Event: 0.955 Thread 0x0000026a7f33d800 nmethod 1152 0x0000026a590a9990 code [0x0000026a590a9c40, 0x0000026a590aaaf8]
Event: 0.956 Thread 0x0000026a7f1ad000 nmethod 1145 0x0000026a60313e90 code [0x0000026a60314020, 0x0000026a60314158]
Event: 0.956 Thread 0x0000026a7f2cb800 1155       3       com.sun.tools.javac.tree.TreeScanner::scan (10 bytes)
Event: 0.957 Thread 0x0000026a7f2cb800 nmethod 1155 0x0000026a590abf90 code [0x0000026a590ac140, 0x0000026a590ac348]
Event: 0.957 Thread 0x0000026a7f1b9000 1156       3       com.sun.tools.javac.tree.JCTree$JCArrayTypeTree::getTag (4 bytes)
Event: 0.958 Thread 0x0000026a7f1b9000 nmethod 1156 0x0000026a590ac410 code [0x0000026a590ac5c0, 0x0000026a590ac6d8]
Event: 0.960 Thread 0x0000026a7f1ad000 1157       4       jdk.internal.jimage.ImageLocation::getAttributeString (54 bytes)
Event: 0.961 Thread 0x0000026a7fa28000 nmethod 1073 0x0000026a60314290 code [0x0000026a60314460, 0x0000026a60314d08]
Event: 0.963 Thread 0x0000026a7fa28000 1161       4       java.lang.StringUTF16::compress (50 bytes)
Event: 0.969 Thread 0x0000026a00332000 nmethod 1144 0x0000026a60315290 code [0x0000026a60315440, 0x0000026a60315978]
Event: 0.970 Thread 0x0000026a00332000 1164       4       java.util.regex.Pattern::compile (498 bytes)
Event: 0.971 Thread 0x0000026a00332800 nmethod 1143 0x0000026a60315b90 code [0x0000026a60315d40, 0x0000026a60316158]
Event: 0.972 Thread 0x0000026a00332800 1163       4       java.util.regex.Pattern::escape (1323 bytes)
Event: 0.973 Thread 0x0000026a7f2cb800 1166       3       java.lang.invoke.MemberName::checkForTypeAlias (168 bytes)
Event: 0.975 Thread 0x0000026a7f1b9000 1168       3       jdk.internal.org.objectweb.asm.MethodVisitor::visitVarInsn (17 bytes)
Event: 0.976 Thread 0x0000026a7f1b9000 nmethod 1168 0x0000026a590ac790 code [0x0000026a590ac940, 0x0000026a590acb48]
Event: 0.979 Thread 0x0000026a7f2cb800 nmethod 1166 0x0000026a590acc10 code [0x0000026a590ad0c0, 0x0000026a590af378]

GC Heap History (0 events):
No events

Deoptimization events (20 events):
Event: 0.905 Thread 0x0000026a4e7be800 Uncommon trap: trap_request=0xffffffbe fr.pc=0x0000026a6030c9cc relative=0x00000000000008ec
Event: 0.905 Thread 0x0000026a4e7be800 Uncommon trap: reason=profile_predicate action=maybe_recompile pc=0x0000026a6030c9cc method=jdk.internal.jimage.ImageStringsReader.charsFromByteBuffer([CLjava/nio/ByteBuffer;)V @ 6 c2
Event: 0.905 Thread 0x0000026a4e7be800 DEOPT PACKING pc=0x0000026a6030c9cc sp=0x000000d3e2bfcd50
Event: 0.905 Thread 0x0000026a4e7be800 DEOPT UNPACKING pc=0x0000026a5876a1af sp=0x000000d3e2bfcc28 mode 2
Event: 0.905 Thread 0x0000026a4e7be800 Uncommon trap: trap_request=0xffffffbe fr.pc=0x0000026a6030c9cc relative=0x00000000000008ec
Event: 0.906 Thread 0x0000026a4e7be800 Uncommon trap: reason=profile_predicate action=maybe_recompile pc=0x0000026a6030c9cc method=jdk.internal.jimage.ImageStringsReader.charsFromByteBuffer([CLjava/nio/ByteBuffer;)V @ 6 c2
Event: 0.906 Thread 0x0000026a4e7be800 DEOPT PACKING pc=0x0000026a6030c9cc sp=0x000000d3e2bfcc40
Event: 0.906 Thread 0x0000026a4e7be800 DEOPT UNPACKING pc=0x0000026a5876a1af sp=0x000000d3e2bfcb18 mode 2
Event: 0.906 Thread 0x0000026a4e7be800 Uncommon trap: trap_request=0xffffffbe fr.pc=0x0000026a6030c9cc relative=0x00000000000008ec
Event: 0.906 Thread 0x0000026a4e7be800 Uncommon trap: reason=profile_predicate action=maybe_recompile pc=0x0000026a6030c9cc method=jdk.internal.jimage.ImageStringsReader.charsFromByteBuffer([CLjava/nio/ByteBuffer;)V @ 6 c2
Event: 0.906 Thread 0x0000026a4e7be800 DEOPT PACKING pc=0x0000026a6030c9cc sp=0x000000d3e2bfcc40
Event: 0.906 Thread 0x0000026a4e7be800 DEOPT UNPACKING pc=0x0000026a5876a1af sp=0x000000d3e2bfcb18 mode 2
Event: 0.906 Thread 0x0000026a4e7be800 Uncommon trap: trap_request=0xffffffbe fr.pc=0x0000026a6030c9cc relative=0x00000000000008ec
Event: 0.907 Thread 0x0000026a4e7be800 Uncommon trap: reason=profile_predicate action=maybe_recompile pc=0x0000026a6030c9cc method=jdk.internal.jimage.ImageStringsReader.charsFromByteBuffer([CLjava/nio/ByteBuffer;)V @ 6 c2
Event: 0.907 Thread 0x0000026a4e7be800 DEOPT PACKING pc=0x0000026a6030c9cc sp=0x000000d3e2bfcc40
Event: 0.907 Thread 0x0000026a4e7be800 DEOPT UNPACKING pc=0x0000026a5876a1af sp=0x000000d3e2bfcb18 mode 2
Event: 0.960 Thread 0x0000026a4e7be800 Uncommon trap: trap_request=0xffffffbe fr.pc=0x0000026a60312e9c relative=0x000000000000099c
Event: 0.960 Thread 0x0000026a4e7be800 Uncommon trap: reason=profile_predicate action=maybe_recompile pc=0x0000026a60312e9c method=jdk.internal.jimage.ImageStringsReader.charsFromByteBuffer([CLjava/nio/ByteBuffer;)V @ 6 c2
Event: 0.960 Thread 0x0000026a4e7be800 DEOPT PACKING pc=0x0000026a60312e9c sp=0x000000d3e2bfdfd0
Event: 0.960 Thread 0x0000026a4e7be800 DEOPT UNPACKING pc=0x0000026a5876a1af sp=0x000000d3e2bfddd8 mode 2

Classes redefined (0 events):
No events

Internal exceptions (10 events):
Event: 0.341 Thread 0x0000026a4e7be800 Exception <a 'java/lang/NoSuchMethodError'{0x0000000620a93f98}: 'int java.lang.invoke.DirectMethodHandle$Holder.invokeVirtual(java.lang.Object, java.lang.Object, java.lang.Object)'> (0x0000000620a93f98) thrown at [./src/hotspot/share/interpreter/linkResolver.cpp, line 773]
Event: 0.437 Thread 0x0000026a4e7be800 Exception <a 'java/lang/NoSuchMethodError'{0x000000062080d458}: 'int java.lang.invoke.DirectMethodHandle$Holder.invokeStaticInit(java.lang.Object, java.lang.Object)'> (0x000000062080d458) thrown at [./src/hotspot/share/interpreter/linkResolver.cpp, line 773]
Event: 0.503 Thread 0x0000026a4e7be800 Exception <a 'java/lang/NoSuchMethodError'{0x00000006208dc858}: 'int java.lang.invoke.DirectMethodHandle$Holder.invokeVirtual(java.lang.Object, java.lang.Object)'> (0x00000006208dc858) thrown at [./src/hotspot/share/interpreter/linkResolver.cpp, line 773]
Event: 0.512 Thread 0x0000026a4e7be800 Exception <a 'java/lang/NoSuchMethodError'{0x000000062090cf78}: 'java.lang.Object java.lang.invoke.Invokers$Holder.linkToTargetMethod(java.lang.Object, java.lang.Object, java.lang.Object, java.lang.Object, java.lang.Object, java.lang.Object)'> (0x000000062090cf78) thrown at [./src/hotspot/share/interpreter/linkResolver.cpp, line 773]
Event: 0.679 Thread 0x0000026a4e7be800 Exception <a 'java/lang/NoSuchMethodError'{0x00000006207386b0}: 'int java.lang.invoke.DirectMethodHandle$Holder.invokeSpecial(java.lang.Object, java.lang.Object, java.lang.Object, java.lang.Object)'> (0x00000006207386b0) thrown at [./src/hotspot/share/interpreter/linkResolver.cpp, line 773]
Event: 0.729 Thread 0x0000026a4e7be800 Exception <a 'java/lang/NoSuchMethodError'{0x00000006204b03b0}: 'int java.lang.invoke.DirectMethodHandle$Holder.invokeSpecial(java.lang.Object, java.lang.Object, java.lang.Object, java.lang.Object, java.lang.Object)'> (0x00000006204b03b0) thrown at [./src/hotspot/share/interpreter/linkResolver.cpp, line 773]
Event: 0.734 Thread 0x0000026a4e7be800 Exception <a 'sun/nio/fs/WindowsException'{0x00000006204bbe00}> (0x00000006204bbe00) thrown at [./src/hotspot/share/prims/jni.cpp, line 617]
Event: 0.735 Thread 0x0000026a4e7be800 Exception <a 'sun/nio/fs/WindowsException'{0x00000006204bc858}> (0x00000006204bc858) thrown at [./src/hotspot/share/prims/jni.cpp, line 617]
Event: 0.809 Thread 0x0000026a4e7be800 Exception <a 'sun/nio/fs/WindowsException'{0x0000000620005768}> (0x0000000620005768) thrown at [./src/hotspot/share/prims/jni.cpp, line 617]
Event: 0.809 Thread 0x0000026a4e7be800 Exception <a 'sun/nio/fs/WindowsException'{0x0000000620005a48}> (0x0000000620005a48) thrown at [./src/hotspot/share/prims/jni.cpp, line 617]

Events (20 events):
Event: 0.933 loading class com/sun/tools/javac/util/Filter
Event: 0.933 loading class com/sun/tools/javac/util/Filter done
Event: 0.934 loading class com/sun/tools/javac/code/Symbol
Event: 0.934 loading class com/sun/tools/javac/code/Symbol done
Event: 0.934 loading class com/sun/tools/javac/code/Symbol
Event: 0.934 loading class com/sun/tools/javac/code/Symbol done
Event: 0.944 Executing VM operation: ICBufferFull
Event: 0.944 Executing VM operation: ICBufferFull done
Event: 0.972 loading class com/sun/tools/javac/code/Type
Event: 0.972 loading class com/sun/tools/javac/code/Type done
Event: 0.972 loading class com/sun/tools/javac/code/Type
Event: 0.972 loading class com/sun/tools/javac/code/Type done
Event: 0.973 loading class com/sun/tools/javac/util/Filter
Event: 0.973 loading class com/sun/tools/javac/util/Filter done
Event: 0.973 loading class com/sun/tools/javac/code/Scope$CompoundScope
Event: 0.973 loading class com/sun/tools/javac/code/Scope$CompoundScope done
Event: 0.975 loading class com/sun/tools/javac/util/Filter
Event: 0.975 loading class com/sun/tools/javac/util/Filter done
Event: 0.975 loading class com/sun/tools/javac/util/Filter
Event: 0.975 loading class com/sun/tools/javac/util/Filter done


Dynamic libraries:
0x00007ff6358a0000 - 0x00007ff6358ad000 	C:\Program Files\Microsoft\jdk-11.0.16.101-hotspot\bin\java.exe
0x00007ffb0c830000 - 0x00007ffb0ca44000 	C:\WINDOWS\SYSTEM32\ntdll.dll
0x00007ffb0c4d0000 - 0x00007ffb0c593000 	C:\WINDOWS\System32\KERNEL32.DLL
0x00007ffb09de0000 - 0x00007ffb0a17d000 	C:\WINDOWS\System32\KERNELBASE.dll
0x00007ffb0a270000 - 0x00007ffb0a381000 	C:\WINDOWS\System32\ucrtbase.dll
0x00007ffafd1f0000 - 0x00007ffafd207000 	C:\Program Files\Microsoft\jdk-11.0.16.101-hotspot\bin\jli.dll
0x00007ffafd310000 - 0x00007ffafd325000 	C:\Program Files\Microsoft\jdk-11.0.16.101-hotspot\bin\VCRUNTIME140.dll
0x00007ffb0be50000 - 0x00007ffb0bffd000 	C:\WINDOWS\System32\USER32.dll
0x00007ffb09c50000 - 0x00007ffb09c76000 	C:\WINDOWS\System32\win32u.dll
0x00007ffaea0c0000 - 0x00007ffaea34e000 	C:\WINDOWS\WinSxS\amd64_microsoft.windows.common-controls_6595b64144ccf1df_6.0.22621.436_none_a94247dbc10d8414\COMCTL32.dll
0x00007ffb0b920000 - 0x00007ffb0b9c7000 	C:\WINDOWS\System32\msvcrt.dll
0x00007ffb0b850000 - 0x00007ffb0b879000 	C:\WINDOWS\System32\GDI32.dll
0x00007ffb0a390000 - 0x00007ffb0a4a2000 	C:\WINDOWS\System32\gdi32full.dll
0x00007ffb09d40000 - 0x00007ffb09dda000 	C:\WINDOWS\System32\msvcp_win.dll
0x00007ffb0c7b0000 - 0x00007ffb0c7e2000 	C:\WINDOWS\System32\IMM32.DLL
0x00007ffaa08e0000 - 0x00007ffaa097b000 	C:\Program Files\Microsoft\jdk-11.0.16.101-hotspot\bin\msvcp140.dll
0x00007ffa5c8e0000 - 0x00007ffa5d46a000 	C:\Program Files\Microsoft\jdk-11.0.16.101-hotspot\bin\server\jvm.dll
0x00007ffb0ae10000 - 0x00007ffb0aebe000 	C:\WINDOWS\System32\ADVAPI32.dll
0x00007ffb0aa90000 - 0x00007ffb0ab34000 	C:\WINDOWS\System32\sechost.dll
0x00007ffb0c5a0000 - 0x00007ffb0c6b5000 	C:\WINDOWS\System32\RPCRT4.dll
0x00007ffb0c720000 - 0x00007ffb0c728000 	C:\WINDOWS\System32\PSAPI.DLL
0x00007ffaffde0000 - 0x00007ffaffe14000 	C:\WINDOWS\SYSTEM32\WINMM.dll
0x00007ffad1140000 - 0x00007ffad1149000 	C:\WINDOWS\SYSTEM32\WSOCK32.dll
0x00007ffb00750000 - 0x00007ffb0075a000 	C:\WINDOWS\SYSTEM32\VERSION.dll
0x00007ffb0b880000 - 0x00007ffb0b8f1000 	C:\WINDOWS\System32\WS2_32.dll
0x00007ffb08c70000 - 0x00007ffb08c88000 	C:\WINDOWS\SYSTEM32\kernel.appcore.dll
0x00007ffb04020000 - 0x00007ffb04030000 	C:\Program Files\Microsoft\jdk-11.0.16.101-hotspot\bin\verify.dll
0x00007ffb01440000 - 0x00007ffb0166e000 	C:\WINDOWS\SYSTEM32\DBGHELP.DLL
0x00007ffb0a620000 - 0x00007ffb0a9aa000 	C:\WINDOWS\System32\combase.dll
0x00007ffb0c000000 - 0x00007ffb0c0d7000 	C:\WINDOWS\System32\OLEAUT32.dll
0x00007ffaf3120000 - 0x00007ffaf3152000 	C:\WINDOWS\SYSTEM32\dbgcore.DLL
0x00007ffb0a180000 - 0x00007ffb0a1fb000 	C:\WINDOWS\System32\bcryptPrimitives.dll
0x00007ffafafb0000 - 0x00007ffafafd8000 	C:\Program Files\Microsoft\jdk-11.0.16.101-hotspot\bin\java.dll
0x00007ffafca60000 - 0x00007ffafca6a000 	C:\Program Files\Microsoft\jdk-11.0.16.101-hotspot\bin\jimage.dll
0x00007ffafaf90000 - 0x00007ffafafa8000 	C:\Program Files\Microsoft\jdk-11.0.16.101-hotspot\bin\zip.dll
0x00007ffb0b060000 - 0x00007ffb0b84f000 	C:\WINDOWS\System32\SHELL32.dll
0x00007ffb07c30000 - 0x00007ffb084f8000 	C:\WINDOWS\SYSTEM32\windows.storage.dll
0x00007ffb07af0000 - 0x00007ffb07c2e000 	C:\WINDOWS\SYSTEM32\wintypes.dll
0x00007ffb0c1f0000 - 0x00007ffb0c2e1000 	C:\WINDOWS\System32\SHCORE.dll
0x00007ffb0c6c0000 - 0x00007ffb0c71e000 	C:\WINDOWS\System32\shlwapi.dll
0x00007ffb09b80000 - 0x00007ffb09ba1000 	C:\WINDOWS\SYSTEM32\profapi.dll
0x00007ffafaea0000 - 0x00007ffafaeb9000 	C:\Program Files\Microsoft\jdk-11.0.16.101-hotspot\bin\net.dll
0x00007ffb022c0000 - 0x00007ffb023ef000 	C:\WINDOWS\SYSTEM32\WINHTTP.dll
0x00007ffb090c0000 - 0x00007ffb09129000 	C:\WINDOWS\system32\mswsock.dll
0x00007ffafadd0000 - 0x00007ffafade3000 	C:\Program Files\Microsoft\jdk-11.0.16.101-hotspot\bin\nio.dll

dbghelp: loaded successfully - version: 4.0.5 - missing functions: none
symbol engine: initialized successfully - sym options: 0x614 - pdb path: .;C:\Program Files\Microsoft\jdk-11.0.16.101-hotspot\bin;C:\WINDOWS\SYSTEM32;C:\WINDOWS\WinSxS\amd64_microsoft.windows.common-controls_6595b64144ccf1df_6.0.22621.436_none_a94247dbc10d8414;C:\Program Files\Microsoft\jdk-11.0.16.101-hotspot\bin\server

VM Arguments:
jvm_args: --add-modules=ALL-DEFAULT 
java_command: jdk.compiler/com.sun.tools.javac.launcher.Main PAS_Azis.java
java_class_path (initial): .
Launcher Type: SUN_STANDARD

[Global flags]
     intx CICompilerCount                          = 12                                        {product} {ergonomic}
     uint ConcGCThreads                            = 3                                         {product} {ergonomic}
     uint G1ConcRefinementThreads                  = 13                                        {product} {ergonomic}
   size_t G1HeapRegionSize                         = 2097152                                   {product} {ergonomic}
    uintx GCDrainStackTargetSize                   = 64                                        {product} {ergonomic}
   size_t InitialHeapSize                          = 536870912                                 {product} {ergonomic}
   size_t MarkStackSize                            = 4194304                                   {product} {ergonomic}
   size_t MaxHeapSize                              = 8573157376                                {product} {ergonomic}
   size_t MaxNewSize                               = 5142216704                                {product} {ergonomic}
   size_t MinHeapDeltaBytes                        = 2097152                                   {product} {ergonomic}
    uintx NonNMethodCodeHeapSize                   = 7594288                                {pd product} {ergonomic}
    uintx NonProfiledCodeHeapSize                  = 122031976                              {pd product} {ergonomic}
    uintx ProfiledCodeHeapSize                     = 122031976                              {pd product} {ergonomic}
    uintx ReservedCodeCacheSize                    = 251658240                              {pd product} {ergonomic}
     bool SegmentedCodeCache                       = true                                      {product} {ergonomic}
     bool UseCompressedClassPointers               = true                                 {lp64_product} {ergonomic}
     bool UseCompressedOops                        = true                                 {lp64_product} {ergonomic}
     bool UseG1GC                                  = true                                      {product} {ergonomic}
     bool UseLargePagesIndividualAllocation        = false                                  {pd product} {ergonomic}

Logging:
Log output configuration:
 #0: stdout all=warning uptime,level,tags
 #1: stderr all=off uptime,level,tags

Environment Variables:
JAVA_HOME=C:\Program Files\Java\jdk-18.0.2.1
PATH=C:\Program Files\Microsoft\jdk-11.0.16.101-hotspot\bin;C:\Program Files\Common Files\Oracle\Java\javapath;C:\Program Files\Zulu\zulu-8\bin\;C:\Program Files (x86)\VMware\VMware Workstation\bin\;C:\WINDOWS\system32;C:\WINDOWS;C:\WINDOWS\System32\Wbem;C:\WINDOWS\System32\WindowsPowerShell\v1.0\;C:\WINDOWS\System32\OpenSSH\;C:\Program Files\Microsoft VS Code\bin;C:\xampp\php;C:\ProgramData\ComposerSetup\bin;C:\Program Files\Microsoft SQL Server\130\Tools\Binn\;C:\Program Files\Microsoft SQL Server\Client SDK\ODBC\170\Tools\Binn\;C:\Program Files (x86)\Microsoft SQL Server\150\Tools\Binn\;C:\Program Files\Microsoft SQL Server\150\Tools\Binn\;C:\Program Files\Microsoft SQL Server\150\DTS\Binn\;C:\Program Files (x86)\Microsoft SQL Server\150\DTS\Binn\;C:\Program Files\Azure Data Studio\bin;C:\Program Files\nodejs\;C:\ProgramData\chocolatey\bin;C:\WINDOWS\system32;C:\WINDOWS;C:\WINDOWS\System32\Wbem;C:\WINDOWS\System32\WindowsPowerShell\v1.0\;C:\WINDOWS\System32\OpenSSH\;C;C:\Program Files\Git\cmd;C:\Program Files\Gradle\gradle-7.4.2\bin;C:\Users\Alex_Carl\flutter\bin;C:\Program Files\dotnet\;;C:\Program Files\Docker\Docker\resources\bin;C:\Program Files\MySQL\MySQL Shell 8.0\bin\;C:\Users\Alex_Carl\AppData\Local\Microsoft\WindowsApps;C:\Users\Alex_Carl\AppData\Roaming\Composer\vendor\bin;C:\Program Files\Azure Data Studio\bin;C:\Users\Alex_Carl\AppData\Roaming\npm;C:\Users\Alex_Carl\AppData\Local\GitHubDesktop\bin;C:\Program Files\JetBrains\IntelliJ IDEA Community Edition 2022.1.2\bin;;C:\Program Files\JetBrains\PyCharm Community Edition 2022.2.3\bin;;C:\Users\Alex_Carl\.dotnet\tools
USERNAME=Alex_Carl
OS=Windows_NT
PROCESSOR_IDENTIFIER=AMD64 Family 23 Model 8 Stepping 2, AuthenticAMD
TMP=C:\Users\ALEX_C~1\AppData\Local\Temp
TEMP=C:\Users\ALEX_C~1\AppData\Local\Temp



---------------  S Y S T E M  ---------------

OS: Windows 11 , 64 bit Build 22621 (10.0.22621.1037)
OS uptime: 7 days 19:40 hours
Hyper-V role detected

CPU:total 16 (initial active 16) (16 cores per cpu, 2 threads per core) family 23 model 8 stepping 2 microcode 0x0, cmov, cx8, fxsr, mmx, sse, sse2, sse3, ssse3, sse4.1, sse4.2, popcnt, avx, avx2, aes, clmul, mmxext, 3dnowpref, lzcnt, sse4a, ht, tsc, tscinvbit, tscinv, bmi1, bmi2, adx, sha, fma

Memory: 4k page, system-wide physical 32696M (16015M free)
TotalPageFile size 32696M (AvailPageFile size 0M)
current process WorkingSet (physical memory assigned to process): 103M, peak: 103M
current process commit charge ("private bytes"): 641M, peak: 641M

vm_info: OpenJDK 64-Bit Server VM (11.0.16.1+1-LTS) for windows-amd64 JRE (11.0.16.1+1-LTS), built on Aug 20 2022 20:09:04 by "" with MS VC++ 15.9 (VS2017)

END.
